Log file open, 02/05/20 22:59:08
LogWindows: Failed to load 'aqProf.dll' (GetLastError=126)
LogWindows: File 'aqProf.dll' does not exist
LogWindows: Failed to load 'VtuneApi.dll' (GetLastError=126)
LogWindows: File 'VtuneApi.dll' does not exist
LogWindows: Failed to load 'VtuneApi32e.dll' (GetLastError=126)
LogWindows: File 'VtuneApi32e.dll' does not exist
LogConsoleResponse: Display: Failed to find resolution value strings in scalability ini. Falling back to default.
LogInit: Display: Running engine for game: Robomaster
LogPlatformFile: Not using cached read wrapper
LogTaskGraph: Started task graph with 5 named threads and 35 total threads with 3 sets of task threads.
LogStats: Stats thread started at 0.069917
LogD3D11RHI: Loaded GFSDK_Aftermath_Lib.x64.dll
LogICUInternationalization: ICU TimeZone Detection - Raw Offset: -6:00, Platform Override: ''
LogPluginManager: Mounting plugin Paper2D
LogPluginManager: Mounting plugin AISupport
LogPluginManager: Mounting plugin LightPropagationVolume
LogPluginManager: Mounting plugin ActorLayerUtilities
LogPluginManager: Mounting plugin AnimationSharing
LogPluginManager: Mounting plugin CLionSourceCodeAccess
LogPluginManager: Mounting plugin CodeLiteSourceCodeAccess
LogPluginManager: Mounting plugin GitSourceControl
LogPluginManager: Mounting plugin KDevelopSourceCodeAccess
LogPluginManager: Mounting plugin NullSourceCodeAccess
LogPluginManager: Mounting plugin PerforceSourceControl
LogPluginManager: Mounting plugin SubversionSourceControl
LogPluginManager: Mounting plugin UObjectPlugin
LogPluginManager: Mounting plugin VisualStudioCodeSourceCodeAccess
LogPluginManager: Mounting plugin VisualStudioSourceCodeAccess
LogPluginManager: Mounting plugin XCodeSourceCodeAccess
LogPluginManager: Mounting plugin AssetManagerEditor
LogPluginManager: Mounting plugin CryptoKeys
LogPluginManager: Mounting plugin CurveEditorTools
LogPluginManager: Mounting plugin DataValidation
LogPluginManager: Mounting plugin EditorScriptingUtilities
LogPluginManager: Mounting plugin FacialAnimation
LogPluginManager: Mounting plugin GameplayTagsEditor
LogPluginManager: Mounting plugin GLTFImporter
LogPluginManager: Mounting plugin MacGraphicsSwitching
LogPluginManager: Mounting plugin MaterialAnalyzer
LogPluginManager: Mounting plugin MeshEditor
LogPluginManager: Mounting plugin MobileLauncherProfileWizard
LogPluginManager: Mounting plugin PluginBrowser
LogPluginManager: Mounting plugin SpeedTreeImporter
LogPluginManager: Mounting plugin DatasmithContent
LogPluginManager: Mounting plugin VariantManagerContent
LogPluginManager: Mounting plugin AlembicImporter
LogPluginManager: Mounting plugin AutomationUtils
LogPluginManager: Mounting plugin BackChannel
LogPluginManager: Mounting plugin BlastPlugin
LogPluginManager: Mounting plugin ChaosSolverPlugin
LogPluginManager: Mounting plugin CharacterAI
LogPluginManager: Mounting plugin DataPrepEditor
LogPluginManager: Mounting plugin GeometryCache
LogPluginManager: Mounting plugin GeometryCollectionPlugin
LogPluginManager: Mounting plugin HTML5Networking
LogPluginManager: Mounting plugin PlatformCrypto
LogPluginManager: Mounting plugin ProxyLODPlugin
LogPluginManager: Mounting plugin SkeletalReduction
LogPluginManager: Mounting plugin MagicLeap
LogPluginManager: Mounting plugin MagicLeapMedia
LogPluginManager: Mounting plugin AndroidMedia
LogPluginManager: Mounting plugin AvfMedia
LogPluginManager: Mounting plugin ImgMedia
LogPluginManager: Mounting plugin MediaCompositing
LogPluginManager: Mounting plugin MediaPlayerEditor
LogPluginManager: Mounting plugin WebMMedia
LogPluginManager: Mounting plugin WmfMedia
LogPluginManager: Mounting plugin TcpMessaging
LogPluginManager: Mounting plugin UdpMessaging
LogPluginManager: Mounting plugin ActorSequence
LogPluginManager: Mounting plugin LevelSequenceEditor
LogPluginManager: Mounting plugin MatineeToLevelSequence
LogPluginManager: Mounting plugin NetcodeUnitTest
LogPluginManager: Mounting plugin NUTUnrealEngine4
LogPluginManager: Mounting plugin OnlineSubsystemGooglePlay
LogPluginManager: Mounting plugin OnlineSubsystemIOS
LogPluginManager: Mounting plugin OnlineSubsystem
LogPluginManager: Mounting plugin OnlineSubsystemNull
LogPluginManager: Mounting plugin OnlineSubsystemUtils
LogPluginManager: Mounting plugin LauncherChunkInstaller
LogPluginManager: Mounting plugin AndroidDeviceProfileSelector
LogPluginManager: Mounting plugin AndroidMoviePlayer
LogPluginManager: Mounting plugin AndroidPermission
LogPluginManager: Mounting plugin AppleImageUtils
LogPluginManager: Mounting plugin AppleMoviePlayer
LogPluginManager: Mounting plugin ArchVisCharacter
LogPluginManager: Mounting plugin AudioCapture
LogPluginManager: Mounting plugin CableComponent
LogPluginManager: Mounting plugin CustomMeshComponent
LogPluginManager: Mounting plugin EditableMesh
LogPluginManager: Mounting plugin ExampleDeviceProfileSelector
LogPluginManager: Mounting plugin GoogleCloudMessaging
LogPluginManager: Mounting plugin IOSDeviceProfileSelector
LogPluginManager: Mounting plugin LinuxDeviceProfileSelector
LogPluginManager: Mounting plugin LocationServicesBPLibrary
LogPluginManager: Mounting plugin MobilePatchingUtils
LogPluginManager: Mounting plugin OculusVR
LogPluginManager: Mounting plugin PhysXVehicles
LogPluginManager: Mounting plugin ProceduralMeshComponent
LogPluginManager: Mounting plugin RuntimePhysXCooking
LogPluginManager: Mounting plugin SignificanceManager
LogPluginManager: Mounting plugin SteamVR
LogPluginManager: Mounting plugin WebMMoviePlayer
LogPluginManager: Mounting plugin WindowsMoviePlayer
LogPluginManager: Mounting plugin ScreenshotTools
LogPluginManager: Mounting plugin DatasmithC4DImporter
LogPluginManager: Mounting plugin DatasmithCADImporter
LogPluginManager: Mounting plugin DatasmithFBXImporter
LogPluginManager: Mounting plugin DatasmithGLTFImporter
LogPluginManager: Mounting plugin DatasmithIFCImporter
LogPluginManager: Mounting plugin DatasmithImporter
LogPluginManager: Mounting plugin MDLImporter
LogPluginManager: Mounting plugin StaticMeshEditorExtension
LogPluginManager: Mounting plugin VariantManager
LogInit: Using libcurl 7.55.1-DEV
LogInit:  - built for x86_64-pc-win32
LogInit:  - supports SSL with OpenSSL/1.1.1
LogInit:  - supports HTTP deflate (compression) using libz 1.2.8
LogInit:  - other features:
LogInit:      CURL_VERSION_SSL
LogInit:      CURL_VERSION_LIBZ
LogInit:      CURL_VERSION_IPV6
LogInit:      CURL_VERSION_ASYNCHDNS
LogInit:      CURL_VERSION_LARGEFILE
LogInit:      CURL_VERSION_IDN
LogInit:  CurlRequestOptions (configurable via config and command line):
LogInit:  - bVerifyPeer = true  - Libcurl will verify peer certificate
LogInit:  - bUseHttpProxy = false  - Libcurl will NOT use HTTP proxy
LogInit:  - bDontReuseConnections = false  - Libcurl will reuse connections
LogInit:  - MaxHostConnections = 16  - Libcurl will limit the number of connections to a host
LogInit:  - LocalHostAddr = Default
LogInit:  - BufferSize = 65536
LogOnline: OSS: Creating online subsystem instance for: NULL
LogInit: WinSock: version 1.1 (2.2), MaxSocks=32767, MaxUdp=65467
LogInit: Build: ++UE4+Release-4.23-CL-9631420
LogInit: Engine Version: 4.23.1-9631420+++UE4+Release-4.23
LogInit: Compatible Engine Version: 4.23.0-8386587+++UE4+Release-4.23
LogInit: Net CL: 8386587
LogInit: OS: Windows 10 (Release 1909) (), CPU: Intel(R) Core(TM) i7-9750H CPU @ 2.60GHz, GPU: Intel(R) UHD Graphics 630
LogInit: Compiled (64-bit): Oct 18 2019 02:07:44
LogInit: Compiled with Visual C++: 19.16.27030.01
LogInit: Build Configuration: Development
LogInit: Branch Name: ++UE4+Release-4.23
LogInit: Command Line:  -EpicPortal -epicusername=thegreenjag1 -epicuserid=0780d1ab8bed430b9cedc84c7e556a13 -epiclocale=en-US
LogInit: Base Directory: C:/Program Files/Epic Games/UE_4.23/Engine/Binaries/Win64/
LogInit: Installed Engine Build: 1
LogDevObjectVersion: Number of dev versions registered: 23
LogDevObjectVersion:   Dev-Blueprints (B0D832E4-1F89-4F0D-ACCF-7EB736FD4AA2): 10
LogDevObjectVersion:   Dev-Build (E1C64328-A22C-4D53-A36C-8E866417BD8C): 0
LogDevObjectVersion:   Dev-Core (375EC13C-06E4-48FB-B500-84F0262A717E): 3
LogDevObjectVersion:   Dev-Editor (E4B068ED-F494-42E9-A231-DA0B2E46BB41): 34
LogDevObjectVersion:   Dev-Framework (CFFC743F-43B0-4480-9391-14DF171D2073): 35
LogDevObjectVersion:   Dev-Mobile (B02B49B5-BB20-44E9-A304-32B752E40360): 2
LogDevObjectVersion:   Dev-Networking (A4E4105C-59A1-49B5-A7C5-40C4547EDFEE): 0
LogDevObjectVersion:   Dev-Online (39C831C9-5AE6-47DC-9A44-9C173E1C8E7C): 0
LogDevObjectVersion:   Dev-Physics (78F01B33-EBEA-4F98-B9B4-84EACCB95AA2): 0
LogDevObjectVersion:   Dev-Platform (6631380F-2D4D-43E0-8009-CF276956A95A): 0
LogDevObjectVersion:   Dev-Rendering (12F88B9F-8875-4AFC-A67C-D90C383ABD29): 31
LogDevObjectVersion:   Dev-Sequencer (7B5AE74C-D270-4C10-A958-57980B212A5A): 11
LogDevObjectVersion:   Dev-VR (D7296918-1DD6-4BDD-9DE2-64A83CC13884): 2
LogDevObjectVersion:   Dev-LoadTimes (C2A15278-BFE7-4AFE-6C17-90FF531DF755): 1
LogDevObjectVersion:   Private-Geometry (6EACA3D4-40EC-4CC1-B786-8BED09428FC5): 3
LogDevObjectVersion:   Dev-AnimPhys (29E575DD-E0A3-4627-9D10-D276232CDCEA): 17
LogDevObjectVersion:   Dev-Anim (AF43A65D-7FD3-4947-9873-3E8ED9C1BB05): 2
LogDevObjectVersion:   Dev-ReflectionCapture (6B266CEC-1EC7-4B8F-A30B-E4D90942FC07): 1
LogDevObjectVersion:   Dev-Automation (0DF73D61-A23F-47EA-B727-89E90C41499A): 1
LogDevObjectVersion:   FortniteMain (601D1886-AC64-4F84-AA16-D3DE0DEAC7D6): 27
LogDevObjectVersion:   Dev-Enterprise (9DFFBCD6-494F-0158-E221-12823C92A888): 6
LogDevObjectVersion:   Dev-Niagara (F2AED0AC-9AFE-416F-8664-AA7FFA26D6FC): 1
LogDevObjectVersion:   Dev-Destruction (174F1F0B-B4C6-45A5-B13F-2EE8D0FB917D): 9
LogInit: Presizing for max 16777216 objects, including 0 objects not considered by GC, pre-allocating 0 bytes for permanent pool.
LogInit: Object subsystem initialized
LogConfig: Setting CVar [[con.DebugEarlyDefault:1]]
LogConfig: Setting CVar [[r.setres:1280x720]]
[2020.02.06-04.59.08:978][  0]LogConfig: Setting CVar [[r.VSync:0]]
[2020.02.06-04.59.08:978][  0]LogConfig: Setting CVar [[r.RHICmdBypass:0]]
[2020.02.06-04.59.08:978][  0]LogConfig: Applying CVar settings from Section [/Script/Engine.RendererSettings] File [D:/Projects/Robomaster/UE4/Robomaster/Saved/Config/Windows/Engine.ini]
[2020.02.06-04.59.08:978][  0]LogConfig: Setting CVar [[r.GPUCrashDebugging:0]]
[2020.02.06-04.59.08:978][  0]LogConfig: Setting CVar [[r.DefaultFeature.AutoExposure.ExtendDefaultLuminanceRange:1]]
[2020.02.06-04.59.08:978][  0]LogConfig: Applying CVar settings from Section [/Script/Engine.RendererOverrideSettings] File [D:/Projects/Robomaster/UE4/Robomaster/Saved/Config/Windows/Engine.ini]
[2020.02.06-04.59.08:978][  0]LogConfig: Applying CVar settings from Section [/Script/Engine.StreamingSettings] File [D:/Projects/Robomaster/UE4/Robomaster/Saved/Config/Windows/Engine.ini]
[2020.02.06-04.59.08:978][  0]LogConfig: Setting CVar [[s.MinBulkDataSizeForAsyncLoading:131072]]
[2020.02.06-04.59.08:978][  0]LogConfig: Setting CVar [[s.AsyncLoadingThreadEnabled:0]]
[2020.02.06-04.59.08:978][  0]LogConfig: Setting CVar [[s.EventDrivenLoaderEnabled:1]]
[2020.02.06-04.59.08:978][  0]LogConfig: Setting CVar [[s.WarnIfTimeLimitExceeded:0]]
[2020.02.06-04.59.08:978][  0]LogConfig: Setting CVar [[s.TimeLimitExceededMultiplier:1.5]]
[2020.02.06-04.59.08:978][  0]LogConfig: Setting CVar [[s.TimeLimitExceededMinTime:0.005]]
[2020.02.06-04.59.08:978][  0]LogConfig: Setting CVar [[s.UseBackgroundLevelStreaming:1]]
[2020.02.06-04.59.08:978][  0]LogConfig: Setting CVar [[s.PriorityAsyncLoadingExtraTime:15.0]]
[2020.02.06-04.59.08:978][  0]LogConfig: Setting CVar [[s.LevelStreamingActorsUpdateTimeLimit:5.0]]
[2020.02.06-04.59.08:978][  0]LogConfig: Setting CVar [[s.PriorityLevelStreamingActorsUpdateExtraTime:5.0]]
[2020.02.06-04.59.08:978][  0]LogConfig: Setting CVar [[s.LevelStreamingComponentsRegistrationGranularity:10]]
[2020.02.06-04.59.08:978][  0]LogConfig: Setting CVar [[s.UnregisterComponentsTimeLimit:1.0]]
[2020.02.06-04.59.08:978][  0]LogConfig: Setting CVar [[s.LevelStreamingComponentsUnregistrationGranularity:5]]
[2020.02.06-04.59.08:978][  0]LogConfig: Applying CVar settings from Section [/Script/Engine.GarbageCollectionSettings] File [D:/Projects/Robomaster/UE4/Robomaster/Saved/Config/Windows/Engine.ini]
[2020.02.06-04.59.08:978][  0]LogConfig: Setting CVar [[gc.MaxObjectsNotConsideredByGC:1]]
[2020.02.06-04.59.08:978][  0]LogConfig: Setting CVar [[gc.SizeOfPermanentObjectPool:0]]
[2020.02.06-04.59.08:978][  0]LogConfig: Setting CVar [[gc.FlushStreamingOnGC:0]]
[2020.02.06-04.59.08:978][  0]LogConfig: Setting CVar [[gc.NumRetriesBeforeForcingGC:10]]
[2020.02.06-04.59.08:978][  0]LogConfig: Setting CVar [[gc.AllowParallelGC:1]]
[2020.02.06-04.59.08:978][  0]LogConfig: Setting CVar [[gc.TimeBetweenPurgingPendingKillObjects:61.1]]
[2020.02.06-04.59.08:978][  0]LogConfig: Setting CVar [[gc.MaxObjectsInEditor:16777216]]
[2020.02.06-04.59.08:978][  0]LogConfig: Setting CVar [[gc.IncrementalBeginDestroyEnabled:1]]
[2020.02.06-04.59.08:978][  0]LogConfig: Setting CVar [[gc.CreateGCClusters:1]]
[2020.02.06-04.59.08:978][  0]LogConfig: Setting CVar [[gc.MinGCClusterSize:5]]
[2020.02.06-04.59.08:978][  0]LogConfig: Setting CVar [[gc.ActorClusteringEnabled:0]]
[2020.02.06-04.59.08:978][  0]LogConfig: Setting CVar [[gc.BlueprintClusteringEnabled:0]]
[2020.02.06-04.59.08:978][  0]LogConfig: Setting CVar [[gc.UseDisregardForGCOnDedicatedServers:0]]
[2020.02.06-04.59.08:978][  0]LogConfig: Applying CVar settings from Section [/Script/Engine.NetworkSettings] File [D:/Projects/Robomaster/UE4/Robomaster/Saved/Config/Windows/Engine.ini]
[2020.02.06-04.59.08:978][  0]LogConfig: Applying CVar settings from Section [/Script/UnrealEd.CookerSettings] File [D:/Projects/Robomaster/UE4/Robomaster/Saved/Config/Windows/Engine.ini]
[2020.02.06-04.59.08:982][  0]LogConfig: Applying CVar settings from Section [ViewDistanceQuality@3] File [D:/Projects/Robomaster/UE4/Robomaster/Saved/Config/Windows/Scalability.ini]
[2020.02.06-04.59.08:982][  0]LogConfig: Setting CVar [[r.SkeletalMeshLODBias:0]]
[2020.02.06-04.59.08:982][  0]LogConfig: Setting CVar [[r.ViewDistanceScale:1.0]]
[2020.02.06-04.59.08:982][  0]LogConfig: Applying CVar settings from Section [AntiAliasingQuality@3] File [D:/Projects/Robomaster/UE4/Robomaster/Saved/Config/Windows/Scalability.ini]
[2020.02.06-04.59.08:982][  0]LogConfig: Setting CVar [[r.PostProcessAAQuality:4]]
[2020.02.06-04.59.08:982][  0]LogConfig: Applying CVar settings from Section [ShadowQuality@3] File [D:/Projects/Robomaster/UE4/Robomaster/Saved/Config/Windows/Scalability.ini]
[2020.02.06-04.59.08:982][  0]LogConfig: Setting CVar [[r.LightFunctionQuality:1]]
[2020.02.06-04.59.08:982][  0]LogConfig: Setting CVar [[r.ShadowQuality:5]]
[2020.02.06-04.59.08:982][  0]LogConfig: Setting CVar [[r.Shadow.CSM.MaxCascades:10]]
[2020.02.06-04.59.08:982][  0]LogConfig: Setting CVar [[r.Shadow.MaxResolution:2048]]
[2020.02.06-04.59.08:982][  0]LogConfig: Setting CVar [[r.Shadow.MaxCSMResolution:2048]]
[2020.02.06-04.59.08:982][  0]LogConfig: Setting CVar [[r.Shadow.RadiusThreshold:0.01]]
[2020.02.06-04.59.08:982][  0]LogConfig: Setting CVar [[r.Shadow.DistanceScale:1.0]]
[2020.02.06-04.59.08:982][  0]LogConfig: Setting CVar [[r.Shadow.CSM.TransitionScale:1.0]]
[2020.02.06-04.59.08:982][  0]LogConfig: Setting CVar [[r.Shadow.PreShadowResolutionFactor:1.0]]
[2020.02.06-04.59.08:982][  0]LogConfig: Setting CVar [[r.DistanceFieldShadowing:1]]
[2020.02.06-04.59.08:982][  0]LogConfig: Setting CVar [[r.DistanceFieldAO:1]]
[2020.02.06-04.59.08:982][  0]LogConfig: Setting CVar [[r.AOQuality:2]]
[2020.02.06-04.59.08:982][  0]LogConfig: Setting CVar [[r.VolumetricFog:1]]
[2020.02.06-04.59.08:982][  0]LogConfig: Setting CVar [[r.VolumetricFog.GridPixelSize:8]]
[2020.02.06-04.59.08:982][  0]LogConfig: Setting CVar [[r.VolumetricFog.GridSizeZ:128]]
[2020.02.06-04.59.08:982][  0]LogConfig: Setting CVar [[r.VolumetricFog.HistoryMissSupersampleCount:4]]
[2020.02.06-04.59.08:982][  0]LogConfig: Setting CVar [[r.LightMaxDrawDistanceScale:1]]
[2020.02.06-04.59.08:982][  0]LogConfig: Setting CVar [[r.CapsuleShadows:1]]
[2020.02.06-04.59.08:982][  0]LogConfig: Applying CVar settings from Section [PostProcessQuality@3] File [D:/Projects/Robomaster/UE4/Robomaster/Saved/Config/Windows/Scalability.ini]
[2020.02.06-04.59.08:982][  0]LogConfig: Setting CVar [[r.MotionBlurQuality:4]]
[2020.02.06-04.59.08:982][  0]LogConfig: Setting CVar [[r.AmbientOcclusionMipLevelFactor:0.4]]
[2020.02.06-04.59.08:982][  0]LogConfig: Setting CVar [[r.AmbientOcclusionMaxQuality:100]]
[2020.02.06-04.59.08:982][  0]LogConfig: Setting CVar [[r.AmbientOcclusionLevels:-1]]
[2020.02.06-04.59.08:982][  0]LogConfig: Setting CVar [[r.AmbientOcclusionRadiusScale:1.0]]
[2020.02.06-04.59.08:982][  0]LogConfig: Setting CVar [[r.DepthOfFieldQuality:2]]
[2020.02.06-04.59.08:982][  0]LogConfig: Setting CVar [[r.RenderTargetPoolMin:400]]
[2020.02.06-04.59.08:982][  0]LogConfig: Setting CVar [[r.LensFlareQuality:2]]
[2020.02.06-04.59.08:982][  0]LogConfig: Setting CVar [[r.SceneColorFringeQuality:1]]
[2020.02.06-04.59.08:982][  0]LogConfig: Setting CVar [[r.EyeAdaptationQuality:2]]
[2020.02.06-04.59.08:982][  0]LogConfig: Setting CVar [[r.BloomQuality:5]]
[2020.02.06-04.59.08:982][  0]LogConfig: Setting CVar [[r.FastBlurThreshold:100]]
[2020.02.06-04.59.08:982][  0]LogConfig: Setting CVar [[r.Upscale.Quality:3]]
[2020.02.06-04.59.08:982][  0]LogConfig: Setting CVar [[r.Tonemapper.GrainQuantization:1]]
[2020.02.06-04.59.08:982][  0]LogConfig: Setting CVar [[r.LightShaftQuality:1]]
[2020.02.06-04.59.08:982][  0]LogConfig: Setting CVar [[r.Filter.SizeScale:1]]
[2020.02.06-04.59.08:982][  0]LogConfig: Setting CVar [[r.Tonemapper.Quality:5]]
[2020.02.06-04.59.08:982][  0]LogConfig: Setting CVar [[r.DOF.Gather.AccumulatorQuality:1        ; higher gathering accumulator quality]]
[2020.02.06-04.59.08:982][  0]LogConfig: Setting CVar [[r.DOF.Gather.PostfilterMethod:1          ; Median3x3 postfilering method]]
[2020.02.06-04.59.08:982][  0]LogConfig: Setting CVar [[r.DOF.Gather.EnableBokehSettings:0       ; no bokeh simulation when gathering]]
[2020.02.06-04.59.08:982][  0]LogConfig: Setting CVar [[r.DOF.Gather.RingCount:4                 ; medium number of samples when gathering]]
[2020.02.06-04.59.08:982][  0]LogConfig: Setting CVar [[r.DOF.Scatter.ForegroundCompositing:1    ; additive foreground scattering]]
[2020.02.06-04.59.08:982][  0]LogConfig: Setting CVar [[r.DOF.Scatter.BackgroundCompositing:2    ; additive background scattering]]
[2020.02.06-04.59.08:982][  0]LogConfig: Setting CVar [[r.DOF.Scatter.EnableBokehSettings:1      ; bokeh simulation when scattering]]
[2020.02.06-04.59.08:982][  0]LogConfig: Setting CVar [[r.DOF.Scatter.MaxSpriteRatio:0.1         ; only a maximum of 10% of scattered bokeh]]
[2020.02.06-04.59.08:982][  0]LogConfig: Setting CVar [[r.DOF.Recombine.Quality:1                ; cheap slight out of focus]]
[2020.02.06-04.59.08:982][  0]LogConfig: Setting CVar [[r.DOF.Recombine.EnableBokehSettings:0    ; no bokeh simulation on slight out of focus]]
[2020.02.06-04.59.08:982][  0]LogConfig: Setting CVar [[r.DOF.TemporalAAQuality:1                ; more stable temporal accumulation]]
[2020.02.06-04.59.08:982][  0]LogConfig: Setting CVar [[r.DOF.Kernel.MaxForegroundRadius:0.025]]
[2020.02.06-04.59.08:982][  0]LogConfig: Setting CVar [[r.DOF.Kernel.MaxBackgroundRadius:0.025]]
[2020.02.06-04.59.08:982][  0]LogConfig: Applying CVar settings from Section [TextureQuality@3] File [D:/Projects/Robomaster/UE4/Robomaster/Saved/Config/Windows/Scalability.ini]
[2020.02.06-04.59.08:982][  0]LogConfig: Setting CVar [[r.Streaming.MipBias:0]]
[2020.02.06-04.59.08:982][  0]LogConfig: Setting CVar [[r.Streaming.AmortizeCPUToGPUCopy:0]]
[2020.02.06-04.59.08:982][  0]LogConfig: Setting CVar [[r.Streaming.MaxNumTexturesToStreamPerFrame:0]]
[2020.02.06-04.59.08:982][  0]LogConfig: Setting CVar [[r.Streaming.Boost:1]]
[2020.02.06-04.59.08:982][  0]LogConfig: Setting CVar [[r.MaxAnisotropy:8]]
[2020.02.06-04.59.08:982][  0]LogConfig: Setting CVar [[r.Streaming.LimitPoolSizeToVRAM:0]]
[2020.02.06-04.59.08:982][  0]LogConfig: Setting CVar [[r.Streaming.PoolSize:1000]]
[2020.02.06-04.59.08:982][  0]LogConfig: Setting CVar [[r.Streaming.MaxEffectiveScreenSize:0]]
[2020.02.06-04.59.08:982][  0]LogConfig: Applying CVar settings from Section [EffectsQuality@3] File [D:/Projects/Robomaster/UE4/Robomaster/Saved/Config/Windows/Scalability.ini]
[2020.02.06-04.59.08:982][  0]LogConfig: Setting CVar [[r.TranslucencyLightingVolumeDim:64]]
[2020.02.06-04.59.08:982][  0]LogConfig: Setting CVar [[r.RefractionQuality:2]]
[2020.02.06-04.59.08:982][  0]LogConfig: Setting CVar [[r.SSR.Quality:3]]
[2020.02.06-04.59.08:982][  0]LogConfig: Setting CVar [[r.SceneColorFormat:4]]
[2020.02.06-04.59.08:982][  0]LogConfig: Setting CVar [[r.DetailMode:2]]
[2020.02.06-04.59.08:982][  0]LogConfig: Setting CVar [[r.TranslucencyVolumeBlur:1]]
[2020.02.06-04.59.08:982][  0]LogConfig: Setting CVar [[r.MaterialQualityLevel:1 ; High quality]]
[2020.02.06-04.59.08:982][  0]LogConfig: Setting CVar [[r.SSS.Scale:1]]
[2020.02.06-04.59.08:982][  0]LogConfig: Setting CVar [[r.SSS.SampleSet:2]]
[2020.02.06-04.59.08:982][  0]LogConfig: Setting CVar [[r.SSS.Quality:1]]
[2020.02.06-04.59.08:983][  0]LogConfig: Setting CVar [[r.SSS.HalfRes:1]]
[2020.02.06-04.59.08:983][  0]LogConfig: Setting CVar [[r.EmitterSpawnRateScale:1.0]]
[2020.02.06-04.59.08:983][  0]LogConfig: Setting CVar [[r.ParticleLightQuality:2]]
[2020.02.06-04.59.08:983][  0]LogConfig: Applying CVar settings from Section [FoliageQuality@3] File [D:/Projects/Robomaster/UE4/Robomaster/Saved/Config/Windows/Scalability.ini]
[2020.02.06-04.59.08:983][  0]LogConfig: Setting CVar [[foliage.DensityScale:1.0]]
[2020.02.06-04.59.08:983][  0]LogConfig: Setting CVar [[grass.DensityScale:1.0]]
[2020.02.06-04.59.08:983][  0]LogInit: Selected Device Profile: [Windows]
[2020.02.06-04.59.08:983][  0]LogInit: Applying CVar settings loaded from the selected device profile: [Windows]
[2020.02.06-04.59.08:986][  0]LogHAL: Display: Platform has ~ 16 GB [16993755136 / 17179869184 / 16], which maps to Larger [LargestMinGB=32, LargerMinGB=12, DefaultMinGB=8, SmallerMinGB=6, SmallestMinGB=0)
[2020.02.06-04.59.08:986][  0]LogInit: Going up to parent DeviceProfile []
[2020.02.06-04.59.08:986][  0]LogConfig: Applying CVar settings from Section [ViewDistanceQuality@3] File [D:/Projects/Robomaster/UE4/Robomaster/Saved/Config/Windows/Scalability.ini]
[2020.02.06-04.59.08:986][  0]LogConfig: Setting CVar [[r.SkeletalMeshLODBias:0]]
[2020.02.06-04.59.08:986][  0]LogConfig: Setting CVar [[r.ViewDistanceScale:1.0]]
[2020.02.06-04.59.08:986][  0]LogConfig: Applying CVar settings from Section [AntiAliasingQuality@3] File [D:/Projects/Robomaster/UE4/Robomaster/Saved/Config/Windows/Scalability.ini]
[2020.02.06-04.59.08:986][  0]LogConfig: Setting CVar [[r.PostProcessAAQuality:4]]
[2020.02.06-04.59.08:986][  0]LogConfig: Applying CVar settings from Section [ShadowQuality@3] File [D:/Projects/Robomaster/UE4/Robomaster/Saved/Config/Windows/Scalability.ini]
[2020.02.06-04.59.08:986][  0]LogConfig: Setting CVar [[r.LightFunctionQuality:1]]
[2020.02.06-04.59.08:986][  0]LogConfig: Setting CVar [[r.ShadowQuality:5]]
[2020.02.06-04.59.08:986][  0]LogConfig: Setting CVar [[r.Shadow.CSM.MaxCascades:10]]
[2020.02.06-04.59.08:986][  0]LogConfig: Setting CVar [[r.Shadow.MaxResolution:2048]]
[2020.02.06-04.59.08:986][  0]LogConfig: Setting CVar [[r.Shadow.MaxCSMResolution:2048]]
[2020.02.06-04.59.08:986][  0]LogConfig: Setting CVar [[r.Shadow.RadiusThreshold:0.01]]
[2020.02.06-04.59.08:986][  0]LogConfig: Setting CVar [[r.Shadow.DistanceScale:1.0]]
[2020.02.06-04.59.08:986][  0]LogConfig: Setting CVar [[r.Shadow.CSM.TransitionScale:1.0]]
[2020.02.06-04.59.08:986][  0]LogConfig: Setting CVar [[r.Shadow.PreShadowResolutionFactor:1.0]]
[2020.02.06-04.59.08:986][  0]LogConfig: Setting CVar [[r.DistanceFieldShadowing:1]]
[2020.02.06-04.59.08:986][  0]LogConfig: Setting CVar [[r.DistanceFieldAO:1]]
[2020.02.06-04.59.08:986][  0]LogConfig: Setting CVar [[r.AOQuality:2]]
[2020.02.06-04.59.08:986][  0]LogConfig: Setting CVar [[r.VolumetricFog:1]]
[2020.02.06-04.59.08:986][  0]LogConfig: Setting CVar [[r.VolumetricFog.GridPixelSize:8]]
[2020.02.06-04.59.08:986][  0]LogConfig: Setting CVar [[r.VolumetricFog.GridSizeZ:128]]
[2020.02.06-04.59.08:986][  0]LogConfig: Setting CVar [[r.VolumetricFog.HistoryMissSupersampleCount:4]]
[2020.02.06-04.59.08:986][  0]LogConfig: Setting CVar [[r.LightMaxDrawDistanceScale:1]]
[2020.02.06-04.59.08:986][  0]LogConfig: Setting CVar [[r.CapsuleShadows:1]]
[2020.02.06-04.59.08:986][  0]LogConfig: Applying CVar settings from Section [PostProcessQuality@3] File [D:/Projects/Robomaster/UE4/Robomaster/Saved/Config/Windows/Scalability.ini]
[2020.02.06-04.59.08:986][  0]LogConfig: Setting CVar [[r.MotionBlurQuality:4]]
[2020.02.06-04.59.08:986][  0]LogConfig: Setting CVar [[r.AmbientOcclusionMipLevelFactor:0.4]]
[2020.02.06-04.59.08:986][  0]LogConfig: Setting CVar [[r.AmbientOcclusionMaxQuality:100]]
[2020.02.06-04.59.08:986][  0]LogConfig: Setting CVar [[r.AmbientOcclusionLevels:-1]]
[2020.02.06-04.59.08:986][  0]LogConfig: Setting CVar [[r.AmbientOcclusionRadiusScale:1.0]]
[2020.02.06-04.59.08:986][  0]LogConfig: Setting CVar [[r.DepthOfFieldQuality:2]]
[2020.02.06-04.59.08:986][  0]LogConfig: Setting CVar [[r.RenderTargetPoolMin:400]]
[2020.02.06-04.59.08:986][  0]LogConfig: Setting CVar [[r.LensFlareQuality:2]]
[2020.02.06-04.59.08:986][  0]LogConfig: Setting CVar [[r.SceneColorFringeQuality:1]]
[2020.02.06-04.59.08:986][  0]LogConfig: Setting CVar [[r.EyeAdaptationQuality:2]]
[2020.02.06-04.59.08:986][  0]LogConfig: Setting CVar [[r.BloomQuality:5]]
[2020.02.06-04.59.08:986][  0]LogConfig: Setting CVar [[r.FastBlurThreshold:100]]
[2020.02.06-04.59.08:986][  0]LogConfig: Setting CVar [[r.Upscale.Quality:3]]
[2020.02.06-04.59.08:986][  0]LogConfig: Setting CVar [[r.Tonemapper.GrainQuantization:1]]
[2020.02.06-04.59.08:986][  0]LogConfig: Setting CVar [[r.LightShaftQuality:1]]
[2020.02.06-04.59.08:986][  0]LogConfig: Setting CVar [[r.Filter.SizeScale:1]]
[2020.02.06-04.59.08:986][  0]LogConfig: Setting CVar [[r.Tonemapper.Quality:5]]
[2020.02.06-04.59.08:986][  0]LogConfig: Setting CVar [[r.DOF.Gather.AccumulatorQuality:1        ; higher gathering accumulator quality]]
[2020.02.06-04.59.08:986][  0]LogConfig: Setting CVar [[r.DOF.Gather.PostfilterMethod:1          ; Median3x3 postfilering method]]
[2020.02.06-04.59.08:986][  0]LogConfig: Setting CVar [[r.DOF.Gather.EnableBokehSettings:0       ; no bokeh simulation when gathering]]
[2020.02.06-04.59.08:986][  0]LogConfig: Setting CVar [[r.DOF.Gather.RingCount:4                 ; medium number of samples when gathering]]
[2020.02.06-04.59.08:986][  0]LogConfig: Setting CVar [[r.DOF.Scatter.ForegroundCompositing:1    ; additive foreground scattering]]
[2020.02.06-04.59.08:986][  0]LogConfig: Setting CVar [[r.DOF.Scatter.BackgroundCompositing:2    ; additive background scattering]]
[2020.02.06-04.59.08:987][  0]LogConfig: Setting CVar [[r.DOF.Scatter.EnableBokehSettings:1      ; bokeh simulation when scattering]]
[2020.02.06-04.59.08:987][  0]LogConfig: Setting CVar [[r.DOF.Scatter.MaxSpriteRatio:0.1         ; only a maximum of 10% of scattered bokeh]]
[2020.02.06-04.59.08:987][  0]LogConfig: Setting CVar [[r.DOF.Recombine.Quality:1                ; cheap slight out of focus]]
[2020.02.06-04.59.08:987][  0]LogConfig: Setting CVar [[r.DOF.Recombine.EnableBokehSettings:0    ; no bokeh simulation on slight out of focus]]
[2020.02.06-04.59.08:987][  0]LogConfig: Setting CVar [[r.DOF.TemporalAAQuality:1                ; more stable temporal accumulation]]
[2020.02.06-04.59.08:987][  0]LogConfig: Setting CVar [[r.DOF.Kernel.MaxForegroundRadius:0.025]]
[2020.02.06-04.59.08:987][  0]LogConfig: Setting CVar [[r.DOF.Kernel.MaxBackgroundRadius:0.025]]
[2020.02.06-04.59.08:987][  0]LogConfig: Applying CVar settings from Section [TextureQuality@3] File [D:/Projects/Robomaster/UE4/Robomaster/Saved/Config/Windows/Scalability.ini]
[2020.02.06-04.59.08:987][  0]LogConfig: Setting CVar [[r.Streaming.MipBias:0]]
[2020.02.06-04.59.08:987][  0]LogConfig: Setting CVar [[r.Streaming.AmortizeCPUToGPUCopy:0]]
[2020.02.06-04.59.08:987][  0]LogConfig: Setting CVar [[r.Streaming.MaxNumTexturesToStreamPerFrame:0]]
[2020.02.06-04.59.08:987][  0]LogConfig: Setting CVar [[r.Streaming.Boost:1]]
[2020.02.06-04.59.08:987][  0]LogConfig: Setting CVar [[r.MaxAnisotropy:8]]
[2020.02.06-04.59.08:987][  0]LogConfig: Setting CVar [[r.Streaming.LimitPoolSizeToVRAM:0]]
[2020.02.06-04.59.08:987][  0]LogConfig: Setting CVar [[r.Streaming.PoolSize:1000]]
[2020.02.06-04.59.08:987][  0]LogConfig: Setting CVar [[r.Streaming.MaxEffectiveScreenSize:0]]
[2020.02.06-04.59.08:987][  0]LogConfig: Applying CVar settings from Section [EffectsQuality@3] File [D:/Projects/Robomaster/UE4/Robomaster/Saved/Config/Windows/Scalability.ini]
[2020.02.06-04.59.08:987][  0]LogConfig: Setting CVar [[r.TranslucencyLightingVolumeDim:64]]
[2020.02.06-04.59.08:987][  0]LogConfig: Setting CVar [[r.RefractionQuality:2]]
[2020.02.06-04.59.08:987][  0]LogConfig: Setting CVar [[r.SSR.Quality:3]]
[2020.02.06-04.59.08:987][  0]LogConfig: Setting CVar [[r.SceneColorFormat:4]]
[2020.02.06-04.59.08:987][  0]LogConfig: Setting CVar [[r.DetailMode:2]]
[2020.02.06-04.59.08:987][  0]LogConfig: Setting CVar [[r.TranslucencyVolumeBlur:1]]
[2020.02.06-04.59.08:987][  0]LogConfig: Setting CVar [[r.MaterialQualityLevel:1 ; High quality]]
[2020.02.06-04.59.08:987][  0]LogConfig: Setting CVar [[r.SSS.Scale:1]]
[2020.02.06-04.59.08:987][  0]LogConfig: Setting CVar [[r.SSS.SampleSet:2]]
[2020.02.06-04.59.08:987][  0]LogConfig: Setting CVar [[r.SSS.Quality:1]]
[2020.02.06-04.59.08:987][  0]LogConfig: Setting CVar [[r.SSS.HalfRes:1]]
[2020.02.06-04.59.08:987][  0]LogConfig: Setting CVar [[r.EmitterSpawnRateScale:1.0]]
[2020.02.06-04.59.08:987][  0]LogConfig: Setting CVar [[r.ParticleLightQuality:2]]
[2020.02.06-04.59.08:987][  0]LogConfig: Applying CVar settings from Section [FoliageQuality@3] File [D:/Projects/Robomaster/UE4/Robomaster/Saved/Config/Windows/Scalability.ini]
[2020.02.06-04.59.08:987][  0]LogConfig: Setting CVar [[foliage.DensityScale:1.0]]
[2020.02.06-04.59.08:987][  0]LogConfig: Setting CVar [[grass.DensityScale:1.0]]
[2020.02.06-04.59.08:987][  0]LogConfig: Applying CVar settings from Section [Startup] File [../../../Engine/Config/ConsoleVariables.ini]
[2020.02.06-04.59.08:987][  0]LogConfig: Setting CVar [[net.UseAdaptiveNetUpdateFrequency:0]]
[2020.02.06-04.59.08:987][  0]LogConfig: Setting CVar [[p.chaos.AllowCreatePhysxBodies:1]]
[2020.02.06-04.59.08:988][  0]LogConfig: Applying CVar settings from Section [ConsoleVariables] File [D:/Projects/Robomaster/UE4/Robomaster/Saved/Config/Windows/Engine.ini]
[2020.02.06-04.59.08:988][  0]LogInit: Computer: AERO
[2020.02.06-04.59.08:988][  0]LogInit: User: thegr
[2020.02.06-04.59.08:988][  0]LogInit: CPU Page size=4096, Cores=6
[2020.02.06-04.59.08:988][  0]LogInit: High frequency timer resolution =10.000000 MHz
[2020.02.06-04.59.08:988][  0]LogMemory: Memory total: Physical=15.8GB (16GB approx)
[2020.02.06-04.59.08:988][  0]LogMemory: Platform Memory Stats for Windows
[2020.02.06-04.59.08:988][  0]LogMemory: Process Physical Memory: 100.66 MB used, 100.66 MB peak
[2020.02.06-04.59.08:988][  0]LogMemory: Process Virtual Memory: 89.79 MB used, 89.79 MB peak
[2020.02.06-04.59.08:988][  0]LogMemory: Physical Memory: 8057.31 MB used,  8149.20 MB free, 16206.51 MB total
[2020.02.06-04.59.08:988][  0]LogMemory: Virtual Memory: 4674.68 MB used,  134213056.00 MB free, 134217728.00 MB total
[2020.02.06-04.59.09:299][  0]LogWindows: WindowsPlatformFeatures enabled
[2020.02.06-04.59.09:339][  0]LogInit: Using OS detected language (en-US).
[2020.02.06-04.59.09:339][  0]LogInit: Using OS detected locale (en-US).
[2020.02.06-04.59.09:340][  0]LogTextLocalizationManager: No specific localization for 'en-US' exists, so the 'en' localization will be used.
[2020.02.06-04.59.09:603][  0]LogInit: Setting process to per monitor DPI aware
[2020.02.06-04.59.09:640][  0]LogSlate: New Slate User Created.  User Index 0, Is Virtual User: 0
[2020.02.06-04.59.09:640][  0]LogSlate: Slate User Registered.  User Index 0, Is Virtual User: 0
[2020.02.06-04.59.09:901][  0]LogHMD: Failed to initialize OpenVR with code 110
[2020.02.06-04.59.09:901][  0]LogD3D11RHI: D3D11 adapters:
[2020.02.06-04.59.10:011][  0]LogD3D11RHI:    0. 'NVIDIA GeForce GTX 1660 Ti' (Feature Level 11_0)
[2020.02.06-04.59.10:011][  0]LogD3D11RHI:       5991/0/8103 MB DedicatedVideo/DedicatedSystem/SharedSystem, Outputs:2, VendorId:0x10de
[2020.02.06-04.59.10:028][  0]LogD3D11RHI:    1. 'Intel(R) UHD Graphics 630' (Feature Level 11_0)
[2020.02.06-04.59.10:028][  0]LogD3D11RHI:       128/0/8103 MB DedicatedVideo/DedicatedSystem/SharedSystem, Outputs:0, VendorId:0x8086
[2020.02.06-04.59.10:031][  0]LogD3D11RHI:    2. 'Microsoft Basic Render Driver' (Feature Level 11_0)
[2020.02.06-04.59.10:031][  0]LogD3D11RHI:       0/0/8103 MB DedicatedVideo/DedicatedSystem/SharedSystem, Outputs:0, VendorId:0x1414
[2020.02.06-04.59.10:031][  0]LogD3D11RHI: Chosen D3D11 Adapter: 0
[2020.02.06-04.59.10:064][  0]LogD3D11RHI: Creating new Direct3DDevice
[2020.02.06-04.59.10:064][  0]LogD3D11RHI:     GPU DeviceId: 0x2191 (for the marketing name, search the web for "GPU Device Id")
[2020.02.06-04.59.10:064][  0]LogWindows: EnumDisplayDevices:
[2020.02.06-04.59.10:064][  0]LogWindows:    0. 'Intel(R) UHD Graphics 630' (P:1 D:1)
[2020.02.06-04.59.10:064][  0]LogWindows:    1. 'Intel(R) UHD Graphics 630' (P:0 D:0)
[2020.02.06-04.59.10:064][  0]LogWindows:    2. 'Intel(R) UHD Graphics 630' (P:0 D:0)
[2020.02.06-04.59.10:065][  0]LogWindows:    3. 'NVIDIA GeForce GTX 1660 Ti' (P:0 D:1)
[2020.02.06-04.59.10:065][  0]LogWindows:    4. 'NVIDIA GeForce GTX 1660 Ti' (P:0 D:0)
[2020.02.06-04.59.10:065][  0]LogWindows:    5. 'NVIDIA GeForce GTX 1660 Ti' (P:0 D:0)
[2020.02.06-04.59.10:065][  0]LogWindows:    6. 'NVIDIA GeForce GTX 1660 Ti' (P:0 D:0)
[2020.02.06-04.59.10:065][  0]LogWindows: DebugString: PrimaryIsNotTheChoosenAdapter PrimaryIsNotTheChoosenAdapter PrimaryIsNotTheChoosenAdapter FoundDriverCount:4 
[2020.02.06-04.59.10:065][  0]LogD3D11RHI:     Adapter Name: NVIDIA GeForce GTX 1660 Ti
[2020.02.06-04.59.10:066][  0]LogD3D11RHI:   Driver Version: 442.19 (internal:26.21.14.4219, unified:442.19)
[2020.02.06-04.59.10:066][  0]LogD3D11RHI:      Driver Date: 1-29-2020
[2020.02.06-04.59.10:066][  0]LogRHI: Texture pool is 4193 MB (70% of 5991 MB)
[2020.02.06-04.59.10:112][  0]LogD3D11RHI: Async texture creation enabled
[2020.02.06-04.59.10:130][  0]LogD3D11RHI: GPU Timing Frequency: 1000.000000 (Debug: 2 1)
[2020.02.06-04.59.10:583][  0]LogTemp: Display: Module 'AllDesktopTargetPlatform' loaded TargetPlatform 'AllDesktop'
[2020.02.06-04.59.10:599][  0]LogTemp: Display: Module 'MacClientTargetPlatform' loaded TargetPlatform 'MacClient'
[2020.02.06-04.59.10:612][  0]LogTemp: Display: Module 'MacNoEditorTargetPlatform' loaded TargetPlatform 'MacNoEditor'
[2020.02.06-04.59.10:625][  0]LogTemp: Display: Module 'MacServerTargetPlatform' loaded TargetPlatform 'MacServer'
[2020.02.06-04.59.10:639][  0]LogTemp: Display: Module 'MacTargetPlatform' loaded TargetPlatform 'Mac'
[2020.02.06-04.59.10:653][  0]LogTemp: Display: Module 'WindowsClientTargetPlatform' loaded TargetPlatform 'WindowsClient'
[2020.02.06-04.59.10:665][  0]LogTemp: Display: Module 'WindowsNoEditorTargetPlatform' loaded TargetPlatform 'WindowsNoEditor'
[2020.02.06-04.59.10:680][  0]LogTemp: Display: Module 'WindowsServerTargetPlatform' loaded TargetPlatform 'WindowsServer'
[2020.02.06-04.59.10:689][  0]LogTemp: Display: Module 'WindowsTargetPlatform' loaded TargetPlatform 'Windows'
[2020.02.06-04.59.10:732][  0]LogTemp: Display: Module 'AndroidTargetPlatform' loaded TargetPlatform 'Android'
[2020.02.06-04.59.10:732][  0]LogTemp: Display: Module 'AndroidTargetPlatform' loaded TargetPlatform 'Android_ASTC'
[2020.02.06-04.59.10:732][  0]LogTemp: Display: Module 'AndroidTargetPlatform' loaded TargetPlatform 'Android_ATC'
[2020.02.06-04.59.10:732][  0]LogTemp: Display: Module 'AndroidTargetPlatform' loaded TargetPlatform 'Android_DXT'
[2020.02.06-04.59.10:732][  0]LogTemp: Display: Module 'AndroidTargetPlatform' loaded TargetPlatform 'Android_ETC1'
[2020.02.06-04.59.10:732][  0]LogTemp: Display: Module 'AndroidTargetPlatform' loaded TargetPlatform 'Android_ETC1a'
[2020.02.06-04.59.10:732][  0]LogTemp: Display: Module 'AndroidTargetPlatform' loaded TargetPlatform 'Android_ETC2'
[2020.02.06-04.59.10:732][  0]LogTemp: Display: Module 'AndroidTargetPlatform' loaded TargetPlatform 'Android_PVRTC'
[2020.02.06-04.59.10:732][  0]LogTemp: Display: Module 'AndroidTargetPlatform' loaded TargetPlatform 'AndroidClient'
[2020.02.06-04.59.10:732][  0]LogTemp: Display: Module 'AndroidTargetPlatform' loaded TargetPlatform 'Android_ASTCClient'
[2020.02.06-04.59.10:732][  0]LogTemp: Display: Module 'AndroidTargetPlatform' loaded TargetPlatform 'Android_ATCClient'
[2020.02.06-04.59.10:732][  0]LogTemp: Display: Module 'AndroidTargetPlatform' loaded TargetPlatform 'Android_DXTClient'
[2020.02.06-04.59.10:732][  0]LogTemp: Display: Module 'AndroidTargetPlatform' loaded TargetPlatform 'Android_ETC1Client'
[2020.02.06-04.59.10:732][  0]LogTemp: Display: Module 'AndroidTargetPlatform' loaded TargetPlatform 'Android_ETC1aClient'
[2020.02.06-04.59.10:732][  0]LogTemp: Display: Module 'AndroidTargetPlatform' loaded TargetPlatform 'Android_ETC2Client'
[2020.02.06-04.59.10:732][  0]LogTemp: Display: Module 'AndroidTargetPlatform' loaded TargetPlatform 'Android_PVRTCClient'
[2020.02.06-04.59.10:732][  0]LogTemp: Display: Module 'AndroidTargetPlatform' loaded TargetPlatform 'Android_Multi'
[2020.02.06-04.59.10:732][  0]LogTemp: Display: Module 'AndroidTargetPlatform' loaded TargetPlatform 'Android_MultiClient'
[2020.02.06-04.59.10:735][  0]LogTemp: Display: Module 'HTML5TargetPlatform' loaded TargetPlatform 'HTML5'
[2020.02.06-04.59.10:759][  0]LogTemp: Display: Module 'IOSTargetPlatform' loaded TargetPlatform 'IOSClient'
[2020.02.06-04.59.10:759][  0]LogTemp: Display: Module 'IOSTargetPlatform' loaded TargetPlatform 'IOS'
[2020.02.06-04.59.10:773][  0]LogTemp: Display: Module 'TVOSTargetPlatform' loaded TargetPlatform 'TVOSClient'
[2020.02.06-04.59.10:774][  0]LogTemp: Display: Module 'TVOSTargetPlatform' loaded TargetPlatform 'TVOS'
[2020.02.06-04.59.10:781][  0]LogTemp: Display: Module 'LinuxClientTargetPlatform' loaded TargetPlatform 'LinuxClient'
[2020.02.06-04.59.10:792][  0]LogTemp: Display: Module 'LinuxNoEditorTargetPlatform' loaded TargetPlatform 'LinuxNoEditor'
[2020.02.06-04.59.10:799][  0]LogTemp: Display: Module 'LinuxServerTargetPlatform' loaded TargetPlatform 'LinuxServer'
[2020.02.06-04.59.10:808][  0]LogTemp: Display: Module 'LinuxTargetPlatform' loaded TargetPlatform 'Linux'
[2020.02.06-04.59.10:839][  0]LogTemp: Display: Module 'LuminTargetPlatform' loaded TargetPlatform 'Lumin'
[2020.02.06-04.59.10:839][  0]LogTemp: Display: Module 'LuminTargetPlatform' loaded TargetPlatform 'LuminClient'
[2020.02.06-04.59.10:839][  0]LogTargetPlatformManager: Display: Building Assets For Windows
[2020.02.06-04.59.10:853][  0]LogAudioDebug: Display: Lib vorbis DLL was dynamically loaded.
[2020.02.06-04.59.10:943][  0]LogShaderCompilers: Guid format shader working directory is 8 characters bigger than the processId version (D:/Projects/Robomaster/UE4/Robomaster/Intermediate/Shaders/WorkingDirectory/19076/).
[2020.02.06-04.59.10:943][  0]LogShaderCompilers: Cleaned the shader compiler working directory 'C:/Users/thegr/AppData/Local/Temp/UnrealShaderWorkingDir/38E36F804BA1E826127B5C9029BBE3E8/'.
[2020.02.06-04.59.10:947][  0]LogXGEController: Cannot use XGE Controller as Incredibuild is not installed on this machine.
[2020.02.06-04.59.10:947][  0]LogShaderCompilers: Cannot use XGE Shader Compiler as Incredibuild is not installed on this machine.
[2020.02.06-04.59.10:947][  0]LogShaderCompilers: Display: Using Local Shader Compiler.
[2020.02.06-04.59.11:716][  0]LogDerivedDataCache: Display: Max Cache Size: 512 MB
[2020.02.06-04.59.11:790][  0]LogDerivedDataCache: Loaded boot cache 0.07s 75MB C:/Users/thegr/AppData/Local/UnrealEngine/4.23/DerivedDataCache/Boot.ddc.
[2020.02.06-04.59.11:790][  0]LogDerivedDataCache: Display: Loaded Boot cache: C:/Users/thegr/AppData/Local/UnrealEngine/4.23/DerivedDataCache/Boot.ddc
[2020.02.06-04.59.11:790][  0]LogDerivedDataCache: FDerivedDataBackendGraph:  Pak pak cache file D:/Projects/Robomaster/UE4/Robomaster/DerivedDataCache/DDC.ddp not found, will not use a pak cache.
[2020.02.06-04.59.11:790][  0]LogDerivedDataCache: Unable to find inner node Pak for hierarchical cache Hierarchy.
[2020.02.06-04.59.11:790][  0]LogDerivedDataCache: FDerivedDataBackendGraph:  CompressedPak pak cache file D:/Projects/Robomaster/UE4/Robomaster/DerivedDataCache/Compressed.ddp not found, will not use a pak cache.
[2020.02.06-04.59.11:790][  0]LogDerivedDataCache: Unable to find inner node CompressedPak for hierarchical cache Hierarchy.
[2020.02.06-04.59.11:802][  0]LogDerivedDataCache: Display: Pak cache opened for reading ../../../Engine/DerivedDataCache/Compressed.ddp.
[2020.02.06-04.59.11:803][  0]LogDerivedDataCache: Display: Pak cache opened for reading ../../../Enterprise/DerivedDataCache/Compressed.ddp.
[2020.02.06-04.59.11:804][  0]LogDerivedDataCache: Using Local data cache path C:/Users/thegr/AppData/Local/UnrealEngine/Common/DerivedDataCache: Writable
[2020.02.06-04.59.11:804][  0]LogDerivedDataCache: Shared data cache path not found in *engine.ini, will not use an Shared cache.
[2020.02.06-04.59.11:804][  0]LogDerivedDataCache: Unable to find inner node Shared for hierarchical cache Hierarchy.
[2020.02.06-04.59.11:823][  0]LogMaterial: Verifying Global Shaders for PCD3D_SM5
[2020.02.06-04.59.11:826][  0]LogSlate: Using FreeType 2.6.0
[2020.02.06-04.59.11:827][  0]LogSlate: SlateFontServices - WITH_FREETYPE: 1, WITH_HARFBUZZ: 1
[2020.02.06-04.59.11:906][  0]LogAssetRegistry: FAssetRegistry took 0.0022 seconds to start up
[2020.02.06-04.59.12:126][  0]LogInit: Selected Device Profile: [Windows]
[2020.02.06-04.59.12:297][  0]LogMeshReduction: Using QuadricMeshReduction for automatic static mesh reduction
[2020.02.06-04.59.12:297][  0]LogMeshReduction: Using SimplygonMeshReduction for automatic skeletal mesh reduction
[2020.02.06-04.59.12:297][  0]LogMeshReduction: Using ProxyLODMeshReduction for automatic mesh merging
[2020.02.06-04.59.12:297][  0]LogMeshReduction: No distributed automatic mesh merging module available
[2020.02.06-04.59.12:297][  0]LogMeshMerging: No distributed automatic mesh merging module available
[2020.02.06-04.59.12:313][  0]LogNetVersion: Robomaster 1.0.0, NetCL: 8386587, EngineNetVer: 11, GameNetVer: 0 (Checksum: 2307867796)
[2020.02.06-04.59.12:872][  0]LogPackageLocalizationCache: Processed 18 localized package path(s) for 1 prioritized culture(s) in 0.060127 seconds
[2020.02.06-04.59.12:879][  0]LogUObjectArray: 43444 objects as part of root set at end of initial load.
[2020.02.06-04.59.12:879][  0]LogUObjectAllocator: 7548648 out of 0 bytes used by permanent object pool.
[2020.02.06-04.59.12:879][  0]LogUObjectArray: CloseDisregardForGC: 0/0 objects in disregard for GC pool
[2020.02.06-04.59.13:963][  0]LogTcpMessaging: Initializing TcpMessaging bridge
[2020.02.06-04.59.13:989][  0]LogUdpMessaging: Initializing bridge on interface 0.0.0.0:0 to multicast group 230.0.0.1:6666.
[2020.02.06-04.59.14:051][  0]SourceControl: Source control is disabled
[2020.02.06-04.59.14:051][  0]SourceControl: Source control is disabled
[2020.02.06-04.59.14:054][  0]SourceControl: Source control is disabled
[2020.02.06-04.59.14:055][  0]SourceControl: Source control is disabled
[2020.02.06-04.59.14:349][  0]LogAndroidPermission: UAndroidPermissionCallbackProxy::GetInstance
[2020.02.06-04.59.14:770][  0]LogOcInput: OculusInput pre-init called
[2020.02.06-04.59.14:778][  0]LogWindows: Failed to load 'OVRPlugin.dll' (GetLastError=126)
[2020.02.06-04.59.14:778][  0]LogWindows: File 'OVRPlugin.dll' does not exist
[2020.02.06-04.59.19:761][  0]LogEngine: Initializing Engine...
[2020.02.06-04.59.19:762][  0]LogHMD: Failed to initialize OpenVR with code 110
[2020.02.06-04.59.19:763][  0]LogStats: UGameplayTagsManager::InitializeManager -  0.000 s
[2020.02.06-04.59.19:945][  0]LogInit: Initializing FReadOnlyCVARCache
[2020.02.06-04.59.19:963][  0]LogAIModule: Creating AISystem for world Untitled
[2020.02.06-04.59.19:982][  0]LogInit: XAudio2 using 'Speakers (2- Realtek(R) Audio)' : 6 channels at 48 kHz using 32 bits per sample (channel mask 0x3f)
[2020.02.06-04.59.20:056][  0]LogInit: FAudioDevice initialized.
[2020.02.06-04.59.20:056][  0]LogNetVersion: Set ProjectVersion to 1.0.0.0. Version Checksum will be recalculated on next use.
[2020.02.06-04.59.20:099][  0]LogDerivedDataCache: Saved boot cache 0.04s 75MB C:/Users/thegr/AppData/Local/UnrealEngine/4.23/DerivedDataCache/Boot.ddc.
[2020.02.06-04.59.20:104][  0]LogInit: Texture streaming: Enabled
[2020.02.06-04.59.20:123][  0]LogEngineSessionManager: EngineSessionManager initialized
[2020.02.06-04.59.20:123][  0]LogEditorSessionSummary: Verbose: Initializing EditorSessionSummaryWriter for editor session tracking
[2020.02.06-04.59.20:124][  0]LogEditorSessionSummary: EditorSessionSummaryWriter initialized
[2020.02.06-04.59.20:151][  0]LogInit: Transaction tracking system initialized
[2020.02.06-04.59.20:189][  0]BlueprintLog: New page: Editor Load
[2020.02.06-04.59.20:313][  0]LocalizationService: Localization service is disabled
[2020.02.06-04.59.20:576][  0]LogFileCache: Scanning file cache for directory 'D:/Projects/Robomaster/UE4/Robomaster/Content/' took 0.00s
[2020.02.06-04.59.20:576][  0]LogCook: Display: Max memory allowance for cook 16384mb min free memory 0mb
[2020.02.06-04.59.20:576][  0]LogCook: Display: Mobile HDR setting 1
[2020.02.06-04.59.21:891][  0]SourceControl: Source control is disabled
[2020.02.06-04.59.21:891][  0]Cmd: MAP LOAD FILE="../../../Engine/Content/Maps/Templates/Template_Default.umap" TEMPLATE=1 SHOWPROGRESS=1 FEATURELEVEL=3
[2020.02.06-04.59.21:891][  0]LightingResults: New page: Lighting Build
[2020.02.06-04.59.21:894][  0]LogWorld: UWorld::CleanupWorld for Untitled, bSessionEnded=true, bCleanupResources=true
[2020.02.06-04.59.21:894][  0]MapCheck: New page: Map Check
[2020.02.06-04.59.21:895][  0]LightingResults: New page: Lighting Build
[2020.02.06-04.59.21:922][  0]LogUObjectHash: Compacting FUObjectHashTables data took   2.08ms
[2020.02.06-04.59.21:993][  0]LogAIModule: Creating AISystem for world Untitled_1
[2020.02.06-04.59.21:998][  0]LogEditorServer: Finished looking for orphan Actors (0.000 secs)
[2020.02.06-04.59.22:025][  0]LogUObjectHash: Compacting FUObjectHashTables data took   1.77ms
[2020.02.06-04.59.22:026][  0]Cmd: MAP CHECKDEP NOCLEARLOG
[2020.02.06-04.59.22:026][  0]MapCheck: Map check complete: 0 Error(s), 0 Warning(s), took 0.076ms to complete.
[2020.02.06-04.59.22:026][  0]LogFileHelpers: Loading map 'Template_Default' took 0.134
[2020.02.06-04.59.22:174][  0]LogSlate: Updating window title bar state: overlay mode, drag disabled, window buttons hidden, title bar hidden
[2020.02.06-04.59.22:180][  0]LogSlate: Updating window title bar state: overlay mode, drag disabled, window buttons hidden, title bar hidden
[2020.02.06-04.59.22:186][  0]LogSlate: Updating window title bar state: overlay mode, drag disabled, window buttons hidden, title bar hidden
[2020.02.06-04.59.22:191][  0]LogSlate: Updating window title bar state: overlay mode, drag disabled, window buttons hidden, title bar hidden
[2020.02.06-04.59.22:205][  0]LogCollectionManager: Loaded 0 collections in 0.001611 seconds
[2020.02.06-04.59.22:226][  0]LogFileCache: Scanning file cache for directory 'D:/Projects/Robomaster/UE4/Robomaster/Saved/Collections/' took 0.00s
[2020.02.06-04.59.22:226][  0]LogFileCache: Scanning file cache for directory 'D:/Projects/Robomaster/UE4/Robomaster/Content/Developers/thegr/Collections/' took 0.00s
[2020.02.06-04.59.22:226][  0]LogFileCache: Scanning file cache for directory 'D:/Projects/Robomaster/UE4/Robomaster/Content/Collections/' took 0.00s
[2020.02.06-04.59.22:226][  0]LogCollectionManager: Rebuilt the GUID cache for 0 collections in 0.000001 seconds
[2020.02.06-04.59.22:235][  0]LogContentBrowser: Native class hierarchy populated in 0.0077 seconds. Added 3045 classes and 765 folders.
[2020.02.06-04.59.22:249][  0]LogContentBrowser: Native class hierarchy updated for 'WidgetCarousel' in 0.0002 seconds. Added 0 classes and 0 folders.
[2020.02.06-04.59.22:552][  0]LogContentBrowser: Native class hierarchy updated for 'AddContentDialog' in 0.0002 seconds. Added 0 classes and 0 folders.
[2020.02.06-04.59.22:559][  0]LogContentBrowser: Native class hierarchy updated for 'SceneOutliner' in 0.0003 seconds. Added 1 classes and 0 folders.
[2020.02.06-04.59.22:633][  0]LogSlate: Took 0.000340 seconds to synchronously load lazily loaded font '../../../Engine/Content/Slate/Fonts/Roboto-Regular.ttf' (155K)
[2020.02.06-04.59.22:636][  0]LogSlate: Took 0.000471 seconds to synchronously load lazily loaded font '../../../Engine/Content/Slate/Fonts/Roboto-Bold.ttf' (160K)
[2020.02.06-04.59.22:655][  0]LogSlate: Took 0.009870 seconds to synchronously load lazily loaded font '../../../Engine/Content/Editor/Slate/Fonts/FontAwesome.ttf' (139K)
[2020.02.06-04.59.22:768][  0]LogRenderer: Reallocating scene render targets to support 1616x808 Format 10 NumSamples 1 (Frame:1).
[2020.02.06-04.59.23:037][  0]LogSlate: FSceneViewport::OnFocusLost() reason 5
[2020.02.06-04.59.23:078][  0]LogSlate: Window 'Tutorials' being destroyed
[2020.02.06-04.59.23:100][  0]LogContentBrowser: Native class hierarchy updated for 'HierarchicalLODOutliner' in 0.0003 seconds. Added 0 classes and 0 folders.
[2020.02.06-04.59.23:100][  0]LogLoad: (Engine Initialization) Total time: 15.21 seconds
[2020.02.06-04.59.23:100][  0]LogLoad: (Engine Initialization) Total Blueprint compile time: 0.00 seconds
[2020.02.06-04.59.23:181][  0]LogContentStreaming: Texture pool size now 1000 MB
[2020.02.06-04.59.23:306][  4]LogAssetRegistry: Asset discovery search completed in 11.4007 seconds
[2020.02.06-04.59.23:315][  4]LogCollectionManager: Rebuilt the object cache for 0 collections in 0.000013 seconds (found 0 objects)
[2020.02.06-04.59.23:315][  4]LogCollectionManager: Fixed up redirectors for 0 collections in 0.000177 seconds (updated 0 objects)
[2020.02.06-04.59.35:007][378]LogSlate: FSceneViewport::OnFocusLost() reason 0
[2020.02.06-04.59.36:650][470]LogEditorViewport: Clicking on Actor (LMB): StaticMeshActor (Floor)
[2020.02.06-04.59.38:194][553]Cmd: DELETE
[2020.02.06-04.59.38:194][553]Cmd: ACTOR DELETE
[2020.02.06-04.59.38:205][553]LogEditorActor: Deleted Actor: StaticMeshActor
[2020.02.06-04.59.38:234][553]LogUObjectHash: Compacting FUObjectHashTables data took   1.30ms
[2020.02.06-04.59.38:234][553]LogEditorActor: Deleted 1 Actors (0.036 secs)
[2020.02.06-04.59.39:196][610]LogSlate: FSceneViewport::OnFocusLost() reason 5
[2020.02.06-04.59.44:201][610]LogSlate: Window 'Save Level As' being destroyed
[2020.02.06-04.59.44:207][610]LogSlate: FSceneViewport::OnFocusLost() reason 3
[2020.02.06-04.59.44:219][610]LogSlate: Took 0.000365 seconds to synchronously load lazily loaded font '../../../Engine/Content/Slate/Fonts/Roboto-Light.ttf' (167K)
[2020.02.06-04.59.44:276][610]LogUObjectHash: Compacting FUObjectHashTables data took   4.23ms
[2020.02.06-04.59.44:279][610]Cmd: OBJ SAVEPACKAGE PACKAGE="/Game/Arena" FILE="D:/Projects/Robomaster/UE4/Robomaster/Content/Arena.umap" SILENT=true AUTOSAVING=false KEEPDIRTY=false
[2020.02.06-04.59.44:312][610]LogUObjectHash: Compacting FUObjectHashTables data took   2.43ms
[2020.02.06-04.59.44:429][610]LogSavePackage: Moving 'D:/Projects/Robomaster/UE4/Robomaster/Saved/ArenaF34B0CC0477A142597DBAAB5871C3A03.tmp' to 'D:/Projects/Robomaster/UE4/Robomaster/Content/Arena.umap'
[2020.02.06-04.59.44:452][610]Cmd: OBJ SAVEPACKAGE PACKAGE="/Game/Arena_BuiltData" FILE="D:/Projects/Robomaster/UE4/Robomaster/Content/Arena_BuiltData.uasset" SILENT=true
[2020.02.06-04.59.44:468][610]LogSavePackage: Moving 'D:/Projects/Robomaster/UE4/Robomaster/Saved/Arena_BuiltData38AC0D484055CA77C787FFB65B51BADB.tmp' to 'D:/Projects/Robomaster/UE4/Robomaster/Content/Arena_BuiltData.uasset'
[2020.02.06-04.59.44:478][610]LogFileHelpers: Saving map 'Arena' took 0.269
[2020.02.06-04.59.47:314][771]LogUObjectHash: Compacting FUObjectHashTables data took   1.61ms
[2020.02.06-04.59.51:245][  0]MapCheck: New page: Map Check
[2020.02.06-04.59.51:283][  0]Cmd: MAP REBUILD ALLVISIBLE
[2020.02.06-04.59.51:283][  0]LogEditorServer: Rebuildmap Clear paths rebuilt
[2020.02.06-04.59.51:290][  0]LogWorld: UWorld::CleanupWorld for Arena, bSessionEnded=true, bCleanupResources=false
[2020.02.06-04.59.51:318][  0]LogUObjectHash: Compacting FUObjectHashTables data took   1.27ms
[2020.02.06-04.59.51:336][  0]LogMaterial: Display: Missing cached shader map for material DebugViewMode MaterialTexCoordScale, compiling. 
[2020.02.06-04.59.52:059][  0]LogShaderCompilers: Display: Worker (1/9): shaders left to compile 2
[2020.02.06-04.59.52:059][  0]LogShaderCompilers: Display: Worker (2/9): shaders left to compile 1
[2020.02.06-04.59.52:059][  0]TextureStreamingBuild: Display: Compiling optional shaders took 0.732 seconds.
[2020.02.06-04.59.52:070][  0]LogLevel: Display: Export Material TexCoord Scales took 0.010 seconds.
[2020.02.06-04.59.52:081][  0]TextureStreamingBuild: Display: Build Texture Streaming took 0.011 seconds.
[2020.02.06-04.59.52:106][  0]LogUObjectHash: Compacting FUObjectHashTables data took   0.76ms
[2020.02.06-04.59.52:108][  0]LightingResults: New page: Lighting Build - Feb 5, 2020, 4:59:52 PM
[2020.02.06-04.59.52:225][  0]LogSwarmInterface: [OpenConnection] Registering TCP channel ...
[2020.02.06-04.59.52:439][  0]LogSwarmInterface: [OpenConnection] Connecting to agent ...
[2020.02.06-04.59.52:451][  0]LogSwarmInterface: [TryOpenConnection] Testing the Agent
[2020.02.06-04.59.53:469][  0]LogSwarmInterface: [TryOpenConnection] Opening Connection to Agent
[2020.02.06-04.59.53:469][  0]LogSwarmInterface: [TryOpenConnection] Local Process ID is 19076
[2020.02.06-05.00.00:055][  0]LogStaticLightingSystem: Warning: No importance volume found, so the scene bounding box was used.  You can optimize your scene's quality and lighting build times by adding importance volumes.
[2020.02.06-05.00.00:055][  0]LogStaticLightingSystem: Running Lightmass w/ ImmediateImport mode ENABLED
[2020.02.06-05.00.00:056][  0]LogStaticLightingSystem: Running Lightmass w/ ImmediateProcess mode ENABLED
[2020.02.06-05.00.00:056][  0]LogStaticLightingSystem: Running Lightmass w/ Sorting mode ENABLED
[2020.02.06-05.00.00:056][  0]LogStaticLightingSystem: Running Lightmass w/ Mapping paddings ENABLED
[2020.02.06-05.00.00:056][  0]LogStaticLightingSystem: Running Lightmass w/ Mapping debug paddings DISABLED
[2020.02.06-05.00.00:261][  0]Cmd: MAP CHECK DONTDISPLAYDIALOG
[2020.02.06-05.00.00:261][  0]MapCheck: New page: Arena - Feb 5, 2020, 5:00:00 PM
[2020.02.06-05.00.00:274][  0]MapCheck: Map check complete: 0 Error(s), 0 Warning(s), took 12.433ms to complete.
[2020.02.06-05.00.00:276][  0]LogEditorBuildUtils: Build time 0:09
[2020.02.06-05.00.00:302][  0]LogMaterial: Display: Missing cached shader map for material FLightmassMaterialRenderer MaterialInstanceDynamic_0, compiling. 
[2020.02.06-05.00.00:316][  0]LogShaderCompilers: Display: Worker (1/9): shaders left to compile 2
[2020.02.06-05.00.00:317][  0]LogShaderCompilers: Display: Worker (2/9): shaders left to compile 1
[2020.02.06-05.00.00:317][  0]LogMaterial: Display: Missing cached shader map for material FLightmassMaterialRenderer MaterialInstanceDynamic_0, compiling. 
[2020.02.06-05.00.00:339][  0]LogShaderCompilers: Display: Worker (3/9): shaders left to compile 2
[2020.02.06-05.00.00:339][  0]LogShaderCompilers: Display: Worker (4/9): shaders left to compile 1
[2020.02.06-05.00.00:354][  1]LogMaterial: Display: Missing cached shader map for material FLightmassMaterialRenderer WorldGridMaterial, compiling. Is special engine material.
[2020.02.06-05.00.00:375][  1]LogShaderCompilers: Display: Worker (5/9): shaders left to compile 2
[2020.02.06-05.00.00:375][  1]LogShaderCompilers: Display: Worker (6/9): shaders left to compile 1
[2020.02.06-05.00.00:375][  1]LogMaterial: Display: Missing cached shader map for material FLightmassMaterialRenderer WorldGridMaterial, compiling. Is special engine material.
[2020.02.06-05.00.00:401][  1]LogShaderCompilers: Display: Worker (7/9): shaders left to compile 2
[2020.02.06-05.00.00:401][  1]LogShaderCompilers: Display: Worker (8/9): shaders left to compile 1
[2020.02.06-05.00.01:349][  8]LogUObjectHash: Compacting FUObjectHashTables data took   0.85ms
[2020.02.06-05.00.03:395][ 63]Job is a success!
[2020.02.06-05.00.03:486][ 64]LogVolumetricLightmapImport: Imported Volumetric Lightmap in 0.010s
[2020.02.06-05.00.03:486][ 64]LogVolumetricLightmapImport:      Indirection Texture 16x16x16 = 0.0Mb
[2020.02.06-05.00.03:486][ 64]LogVolumetricLightmapImport:      BrickData 5x5x5 = 0.0Mb
[2020.02.06-05.00.03:486][ 64]LogVolumetricLightmapImport:      Bricks at Level
[2020.02.06-05.00.03:486][ 64]LogVolumetricLightmapImport:          0: 100.0% covering 100.0% of volume
[2020.02.06-05.00.03:486][ 64]LogVolumetricLightmapImport:          1: 0.0% covering 0.0% of volume
[2020.02.06-05.00.03:486][ 64]LogVolumetricLightmapImport:          2: 0.0% covering 0.0% of volume
[2020.02.06-05.00.03:512][ 64]LogTexture: Display: Building textures: HQ_Lightmap0_1 (AutoDXT, 64X64)
[2020.02.06-05.00.03:512][ 64]LogTexture: Display: Building textures: LQ_Lightmap_0_1 (DXT1, 64X64)
[2020.02.06-05.00.03:512][ 64]LogTexture: Display: Building textures: ShadowMapTexture2D_0 (G8, 32X32)
[2020.02.06-05.00.03:546][ 64]Lightmass on AERO: 1.03 sec total, 236 ms importing, 28 ms setup, 70 ms photons, 608 ms processing, 0 ms extra exporting [1/1 mappings]. Threads: 6.68 sec total, 177 ms processing.
[2020.02.06-05.00.03:579][ 64]LogUObjectHash: Compacting FUObjectHashTables data took   1.81ms
[2020.02.06-05.00.03:589][ 64]LogStaticLightingSystem: Illumination: 11.4 sec (6 ms encoding lightmaps, 2 ms encoding shadowmaps)
[2020.02.06-05.00.03:590][ 64]LogStaticLightingSystem: Lightmap texture memory:  0.0 MB (0.0 MB streaming, 0.0 MB non-streaming), 2 textures
[2020.02.06-05.00.03:590][ 64]LogStaticLightingSystem: Shadowmap texture memory: 0.0 MB (0.0 MB streaming, 0.0 MB non-streaming), 1 textures
[2020.02.06-05.00.04:068][ 64]DumpUnbuiltLightIteractions
[2020.02.06-05.00.04:068][ 64]Lights with unbuilt interactions: 0
[2020.02.06-05.00.04:068][ 64]
[2020.02.06-05.00.04:068][ 64]Primitives with unbuilt interactions: 0
[2020.02.06-05.00.04:172][ 65]Cmd: MAP CHECK NOTIFYRESULTS
[2020.02.06-05.00.04:172][ 65]MapCheck: New page: Arena - Feb 5, 2020, 5:00:04 PM
[2020.02.06-05.00.04:172][ 65]MapCheck: Map check complete: 0 Error(s), 0 Warning(s), took 0.194ms to complete.
[2020.02.06-05.00.45:836][543]Cmd: OBJ SAVEPACKAGE PACKAGE="/Game/Arena" FILE="D:/Projects/Robomaster/UE4/Robomaster/Content/Arena.umap" SILENT=true AUTOSAVING=false KEEPDIRTY=false
[2020.02.06-05.00.45:872][543]LogUObjectHash: Compacting FUObjectHashTables data took   2.88ms
[2020.02.06-05.00.46:102][543]LogSavePackage: Moving 'D:/Projects/Robomaster/UE4/Robomaster/Saved/Arena28FCF2D8418044056D1F35AC6104D962.tmp' to 'D:/Projects/Robomaster/UE4/Robomaster/Content/Arena.umap'
[2020.02.06-05.00.46:163][543]Cmd: OBJ SAVEPACKAGE PACKAGE="/Game/Arena_BuiltData" FILE="D:/Projects/Robomaster/UE4/Robomaster/Content/Arena_BuiltData.uasset" SILENT=true
[2020.02.06-05.00.46:189][543]LogSavePackage: Moving 'D:/Projects/Robomaster/UE4/Robomaster/Saved/Arena_BuiltData98F460A149E23216E3B548A0431D8727.tmp' to 'D:/Projects/Robomaster/UE4/Robomaster/Content/Arena_BuiltData.uasset'
[2020.02.06-05.00.54:751][853]LogSlate: Window 'Tutorials' being destroyed
[2020.02.06-05.01.02:107][175]LogMaterial: Display: Missing cached shader map for material LayerVisMaterial, compiling. 
[2020.02.06-05.01.02:153][175]LogShaderCompilers: Display: Worker (1/9): shaders left to compile 8
[2020.02.06-05.01.02:153][175]LogShaderCompilers: Display: Worker (2/9): shaders left to compile 6
[2020.02.06-05.01.02:153][175]LogShaderCompilers: Display: Worker (3/9): shaders left to compile 4
[2020.02.06-05.01.02:153][175]LogShaderCompilers: Display: Worker (4/9): shaders left to compile 2
[2020.02.06-05.01.02:153][175]LogMaterial: Display: Missing cached shader map for material SelectBrushMaterial, compiling. 
[2020.02.06-05.01.02:236][175]LogShaderCompilers: Display: Worker (5/9): shaders left to compile 38
[2020.02.06-05.01.02:236][175]LogShaderCompilers: Display: Worker (6/9): shaders left to compile 33
[2020.02.06-05.01.02:236][175]LogShaderCompilers: Display: Worker (7/9): shaders left to compile 28
[2020.02.06-05.01.02:236][175]LogShaderCompilers: Display: Worker (8/9): shaders left to compile 23
[2020.02.06-05.01.02:237][175]LogMaterial: Display: Missing cached shader map for material SelectBrushMaterial, compiling. 
[2020.02.06-05.01.02:300][175]LogMaterial: Display: Missing cached shader map for material MaskBrushMaterial, compiling. 
[2020.02.06-05.01.02:349][175]LogMaterial: Display: Missing cached shader map for material ColorMaskBrushMaterial, compiling. 
[2020.02.06-05.01.02:415][175]LogMaterial: Display: Missing cached shader map for material LandscapeLayerUsageMaterial, compiling. 
[2020.02.06-05.01.02:524][175]LogMaterial: Display: Missing cached shader map for material CircleBrushMaterial, compiling. 
[2020.02.06-05.01.02:561][175]LogMaterial: Display: Missing cached shader map for material CircleBrushMaterial, compiling. 
[2020.02.06-05.01.02:615][175]LogMaterial: Display: Missing cached shader map for material CircleBrushMaterial, compiling. 
[2020.02.06-05.01.02:658][175]LogMaterial: Display: Missing cached shader map for material CircleBrushMaterial, compiling. 
[2020.02.06-05.01.02:708][175]LogMaterial: Display: Missing cached shader map for material AlphaBrushMaterial, compiling. 
[2020.02.06-05.01.02:753][175]LogMaterial: Display: Missing cached shader map for material CircleBrushMaterial, compiling. 
[2020.02.06-05.01.02:821][175]LogMaterial: Display: Missing cached shader map for material MaskBrushMaterial, compiling. 
[2020.02.06-05.01.02:858][175]LogTexture: Display: Building textures: Texture2D_2 (G8, 128X128)
[2020.02.06-05.01.04:013][203]LogSlate: Window 'Tutorials' being destroyed
[2020.02.06-05.01.11:151][473]LogShaderCompilers: Display: Worker (3/9): shaders left to compile 406
[2020.02.06-05.01.13:855][483]LogSlate: Window 'Tutorials' being destroyed
[2020.02.06-05.01.17:199][562]LogActorComponent: UnregisterComponent: (/Engine/Transient.SphereBrushComponent) Not registered. Aborting.
[2020.02.06-05.01.21:729][682]LogShaderCompilers: Display: Worker (2/9): shaders left to compile 396
[2020.02.06-05.01.22:492][709]Cmd: OBJ SAVEPACKAGE PACKAGE="/Game/Arena" FILE="D:/Projects/Robomaster/UE4/Robomaster/Content/Arena.umap" SILENT=true AUTOSAVING=false KEEPDIRTY=false
[2020.02.06-05.01.22:551][709]LogUObjectHash: Compacting FUObjectHashTables data took   4.16ms
[2020.02.06-05.01.22:776][709]LogSavePackage: Moving 'D:/Projects/Robomaster/UE4/Robomaster/Saved/ArenaF65684384B38E697E555AA8F57F9F5FB.tmp' to 'D:/Projects/Robomaster/UE4/Robomaster/Content/Arena.umap'
[2020.02.06-05.01.22:813][709]Cmd: OBJ SAVEPACKAGE PACKAGE="/Game/Arena_BuiltData" FILE="D:/Projects/Robomaster/UE4/Robomaster/Content/Arena_BuiltData.uasset" SILENT=true
[2020.02.06-05.01.22:831][709]LogSavePackage: Moving 'D:/Projects/Robomaster/UE4/Robomaster/Saved/Arena_BuiltData8358A6874333F27729710694D5EBD080.tmp' to 'D:/Projects/Robomaster/UE4/Robomaster/Content/Arena_BuiltData.uasset'
[2020.02.06-05.01.32:677][965]Cmd: CLOSE_SLATE_MAINFRAME
[2020.02.06-05.01.32:715][965]LogUObjectHash: Compacting FUObjectHashTables data took   3.15ms
[2020.02.06-05.01.32:820][965]LogSlate: Window 'Robomaster - Unreal Editor' being destroyed
[2020.02.06-05.01.32:821][965]LogWindowsTextInputMethodSystem: Display: IME system now deactivated.
[2020.02.06-05.01.45:899][966]Cmd: QUIT_EDITOR
[2020.02.06-05.01.50:361][966]LogExit: Preparing to exit.
[2020.02.06-05.02.00:580][966]LogShaderCompilers: Display: Worker (5/9): shaders left to compile 386
[2020.02.06-05.02.00:580][966]LogShaderCompilers: Display: Worker (7/9): shaders left to compile 376
[2020.02.06-05.02.00:584][966]LogWorld: UWorld::CleanupWorld for World_1, bSessionEnded=true, bCleanupResources=true
[2020.02.06-05.02.00:584][966]LogWorld: UWorld::CleanupWorld for World_0, bSessionEnded=true, bCleanupResources=true
[2020.02.06-05.02.03:280][966]LogShaderCompilers: Display: Worker (4/9): shaders left to compile 366
[2020.02.06-05.02.03:282][966]LogDemo: Cleaned up 0 splitscreen connections with owner deletion
[2020.02.06-05.02.04:421][966]LogShaderCompilers: Display: Worker (3/9): shaders left to compile 356
[2020.02.06-05.02.07:405][966]LogWorld: UWorld::CleanupWorld for None, bSessionEnded=true, bCleanupResources=true
[2020.02.06-05.02.07:405][966]LogExit: Editor shut down
[2020.02.06-05.02.12:427][966]LogShaderCompilers: Display: Worker (1/9): shaders left to compile 346
[2020.02.06-05.02.12:427][966]LogExit: Transaction tracking system shut down
[2020.02.06-05.02.15:213][966]LogShaderCompilers: Display: Worker (6/9): shaders left to compile 336
[2020.02.06-05.02.22:332][966]LogShaderCompilers: Display: Worker (1/9): shaders left to compile 326
