Log file open, 02/05/20 23:15:28
LogWindows: Failed to load 'aqProf.dll' (GetLastError=126)
LogWindows: File 'aqProf.dll' does not exist
LogWindows: Failed to load 'VtuneApi.dll' (GetLastError=126)
LogWindows: File 'VtuneApi.dll' does not exist
LogWindows: Failed to load 'VtuneApi32e.dll' (GetLastError=126)
LogWindows: File 'VtuneApi32e.dll' does not exist
LogConsoleResponse: Display: Failed to find resolution value strings in scalability ini. Falling back to default.
LogInit: Display: Running engine for game: Robomaster
LogPlatformFile: Not using cached read wrapper
LogTaskGraph: Started task graph with 5 named threads and 35 total threads with 3 sets of task threads.
LogStats: Stats thread started at 0.432149
LogD3D11RHI: Loaded GFSDK_Aftermath_Lib.x64.dll
LogICUInternationalization: ICU TimeZone Detection - Raw Offset: -6:00, Platform Override: ''
LogPluginManager: Mounting plugin Paper2D
LogPluginManager: Mounting plugin AISupport
LogPluginManager: Mounting plugin LightPropagationVolume
LogPluginManager: Mounting plugin ActorLayerUtilities
LogPluginManager: Mounting plugin AnimationSharing
LogPluginManager: Mounting plugin CLionSourceCodeAccess
LogPluginManager: Mounting plugin CodeLiteSourceCodeAccess
LogPluginManager: Mounting plugin GitSourceControl
LogPluginManager: Mounting plugin KDevelopSourceCodeAccess
LogPluginManager: Mounting plugin NullSourceCodeAccess
LogPluginManager: Mounting plugin PerforceSourceControl
LogPluginManager: Mounting plugin SubversionSourceControl
LogPluginManager: Mounting plugin UObjectPlugin
LogPluginManager: Mounting plugin VisualStudioCodeSourceCodeAccess
LogPluginManager: Mounting plugin VisualStudioSourceCodeAccess
LogPluginManager: Mounting plugin XCodeSourceCodeAccess
LogPluginManager: Mounting plugin AssetManagerEditor
LogPluginManager: Mounting plugin CryptoKeys
LogPluginManager: Mounting plugin CurveEditorTools
LogPluginManager: Mounting plugin DataValidation
LogPluginManager: Mounting plugin EditorScriptingUtilities
LogPluginManager: Mounting plugin FacialAnimation
LogPluginManager: Mounting plugin GameplayTagsEditor
LogPluginManager: Mounting plugin GLTFImporter
LogPluginManager: Mounting plugin MacGraphicsSwitching
LogPluginManager: Mounting plugin MaterialAnalyzer
LogPluginManager: Mounting plugin MeshEditor
LogPluginManager: Mounting plugin MobileLauncherProfileWizard
LogPluginManager: Mounting plugin PluginBrowser
LogPluginManager: Mounting plugin SpeedTreeImporter
LogPluginManager: Mounting plugin DatasmithContent
LogPluginManager: Mounting plugin VariantManagerContent
LogPluginManager: Mounting plugin AlembicImporter
LogPluginManager: Mounting plugin AutomationUtils
LogPluginManager: Mounting plugin BackChannel
LogPluginManager: Mounting plugin BlastPlugin
LogPluginManager: Mounting plugin ChaosSolverPlugin
LogPluginManager: Mounting plugin CharacterAI
LogPluginManager: Mounting plugin DataPrepEditor
LogPluginManager: Mounting plugin GeometryCache
LogPluginManager: Mounting plugin GeometryCollectionPlugin
LogPluginManager: Mounting plugin HTML5Networking
LogPluginManager: Mounting plugin PlatformCrypto
LogPluginManager: Mounting plugin ProxyLODPlugin
LogPluginManager: Mounting plugin SkeletalReduction
LogPluginManager: Mounting plugin MagicLeap
LogPluginManager: Mounting plugin MagicLeapMedia
LogPluginManager: Mounting plugin AndroidMedia
LogPluginManager: Mounting plugin AvfMedia
LogPluginManager: Mounting plugin ImgMedia
LogPluginManager: Mounting plugin MediaCompositing
LogPluginManager: Mounting plugin MediaPlayerEditor
LogPluginManager: Mounting plugin WebMMedia
LogPluginManager: Mounting plugin WmfMedia
LogPluginManager: Mounting plugin TcpMessaging
LogPluginManager: Mounting plugin UdpMessaging
LogPluginManager: Mounting plugin ActorSequence
LogPluginManager: Mounting plugin LevelSequenceEditor
LogPluginManager: Mounting plugin MatineeToLevelSequence
LogPluginManager: Mounting plugin NetcodeUnitTest
LogPluginManager: Mounting plugin NUTUnrealEngine4
LogPluginManager: Mounting plugin OnlineSubsystemGooglePlay
LogPluginManager: Mounting plugin OnlineSubsystemIOS
LogPluginManager: Mounting plugin OnlineSubsystem
LogPluginManager: Mounting plugin OnlineSubsystemNull
LogPluginManager: Mounting plugin OnlineSubsystemUtils
LogPluginManager: Mounting plugin LauncherChunkInstaller
LogPluginManager: Mounting plugin AndroidDeviceProfileSelector
LogPluginManager: Mounting plugin AndroidMoviePlayer
LogPluginManager: Mounting plugin AndroidPermission
LogPluginManager: Mounting plugin AppleImageUtils
LogPluginManager: Mounting plugin AppleMoviePlayer
LogPluginManager: Mounting plugin ArchVisCharacter
LogPluginManager: Mounting plugin AudioCapture
LogPluginManager: Mounting plugin CableComponent
LogPluginManager: Mounting plugin CustomMeshComponent
LogPluginManager: Mounting plugin EditableMesh
LogPluginManager: Mounting plugin ExampleDeviceProfileSelector
LogPluginManager: Mounting plugin GoogleCloudMessaging
LogPluginManager: Mounting plugin IOSDeviceProfileSelector
LogPluginManager: Mounting plugin LinuxDeviceProfileSelector
LogPluginManager: Mounting plugin LocationServicesBPLibrary
LogPluginManager: Mounting plugin MobilePatchingUtils
LogPluginManager: Mounting plugin OculusVR
LogPluginManager: Mounting plugin PhysXVehicles
LogPluginManager: Mounting plugin ProceduralMeshComponent
LogPluginManager: Mounting plugin RuntimePhysXCooking
LogPluginManager: Mounting plugin SignificanceManager
LogPluginManager: Mounting plugin SteamVR
LogPluginManager: Mounting plugin WebMMoviePlayer
LogPluginManager: Mounting plugin WindowsMoviePlayer
LogPluginManager: Mounting plugin ScreenshotTools
LogPluginManager: Mounting plugin SocketIOClient
LogPluginManager: Mounting plugin TensorFlow
LogPluginManager: Mounting plugin UnrealEnginePython
LogPluginManager: Mounting plugin DatasmithC4DImporter
LogPluginManager: Mounting plugin DatasmithCADImporter
LogPluginManager: Mounting plugin DatasmithFBXImporter
LogPluginManager: Mounting plugin DatasmithGLTFImporter
LogPluginManager: Mounting plugin DatasmithIFCImporter
LogPluginManager: Mounting plugin DatasmithImporter
LogPluginManager: Mounting plugin MDLImporter
LogPluginManager: Mounting plugin StaticMeshEditorExtension
LogPluginManager: Mounting plugin VariantManager
LogInit: Using libcurl 7.55.1-DEV
LogInit:  - built for x86_64-pc-win32
LogInit:  - supports SSL with OpenSSL/1.1.1
LogInit:  - supports HTTP deflate (compression) using libz 1.2.8
LogInit:  - other features:
LogInit:      CURL_VERSION_SSL
LogInit:      CURL_VERSION_LIBZ
LogInit:      CURL_VERSION_IPV6
LogInit:      CURL_VERSION_ASYNCHDNS
LogInit:      CURL_VERSION_LARGEFILE
LogInit:      CURL_VERSION_IDN
LogInit:  CurlRequestOptions (configurable via config and command line):
LogInit:  - bVerifyPeer = true  - Libcurl will verify peer certificate
LogInit:  - bUseHttpProxy = false  - Libcurl will NOT use HTTP proxy
LogInit:  - bDontReuseConnections = false  - Libcurl will reuse connections
LogInit:  - MaxHostConnections = 16  - Libcurl will limit the number of connections to a host
LogInit:  - LocalHostAddr = Default
LogInit:  - BufferSize = 65536
LogOnline: OSS: Creating online subsystem instance for: NULL
LogInit: WinSock: version 1.1 (2.2), MaxSocks=32767, MaxUdp=65467
LogInit: Build: ++UE4+Release-4.23-CL-9631420
LogInit: Engine Version: 4.23.1-9631420+++UE4+Release-4.23
LogInit: Compatible Engine Version: 4.23.0-8386587+++UE4+Release-4.23
LogInit: Net CL: 8386587
LogInit: OS: Windows 10 (Release 1909) (), CPU: Intel(R) Core(TM) i7-9750H CPU @ 2.60GHz, GPU: Intel(R) UHD Graphics 630
LogInit: Compiled (64-bit): Oct 18 2019 02:07:44
LogInit: Compiled with Visual C++: 19.16.27030.01
LogInit: Build Configuration: Development
LogInit: Branch Name: ++UE4+Release-4.23
LogInit: Command Line: 
LogInit: Base Directory: C:/Program Files/Epic Games/UE_4.23/Engine/Binaries/Win64/
LogInit: Installed Engine Build: 1
LogDevObjectVersion: Number of dev versions registered: 23
LogDevObjectVersion:   Dev-Blueprints (B0D832E4-1F89-4F0D-ACCF-7EB736FD4AA2): 10
LogDevObjectVersion:   Dev-Build (E1C64328-A22C-4D53-A36C-8E866417BD8C): 0
LogDevObjectVersion:   Dev-Core (375EC13C-06E4-48FB-B500-84F0262A717E): 3
LogDevObjectVersion:   Dev-Editor (E4B068ED-F494-42E9-A231-DA0B2E46BB41): 34
LogDevObjectVersion:   Dev-Framework (CFFC743F-43B0-4480-9391-14DF171D2073): 35
LogDevObjectVersion:   Dev-Mobile (B02B49B5-BB20-44E9-A304-32B752E40360): 2
LogDevObjectVersion:   Dev-Networking (A4E4105C-59A1-49B5-A7C5-40C4547EDFEE): 0
LogDevObjectVersion:   Dev-Online (39C831C9-5AE6-47DC-9A44-9C173E1C8E7C): 0
LogDevObjectVersion:   Dev-Physics (78F01B33-EBEA-4F98-B9B4-84EACCB95AA2): 0
LogDevObjectVersion:   Dev-Platform (6631380F-2D4D-43E0-8009-CF276956A95A): 0
LogDevObjectVersion:   Dev-Rendering (12F88B9F-8875-4AFC-A67C-D90C383ABD29): 31
LogDevObjectVersion:   Dev-Sequencer (7B5AE74C-D270-4C10-A958-57980B212A5A): 11
LogDevObjectVersion:   Dev-VR (D7296918-1DD6-4BDD-9DE2-64A83CC13884): 2
LogDevObjectVersion:   Dev-LoadTimes (C2A15278-BFE7-4AFE-6C17-90FF531DF755): 1
LogDevObjectVersion:   Private-Geometry (6EACA3D4-40EC-4CC1-B786-8BED09428FC5): 3
LogDevObjectVersion:   Dev-AnimPhys (29E575DD-E0A3-4627-9D10-D276232CDCEA): 17
LogDevObjectVersion:   Dev-Anim (AF43A65D-7FD3-4947-9873-3E8ED9C1BB05): 2
LogDevObjectVersion:   Dev-ReflectionCapture (6B266CEC-1EC7-4B8F-A30B-E4D90942FC07): 1
LogDevObjectVersion:   Dev-Automation (0DF73D61-A23F-47EA-B727-89E90C41499A): 1
LogDevObjectVersion:   FortniteMain (601D1886-AC64-4F84-AA16-D3DE0DEAC7D6): 27
LogDevObjectVersion:   Dev-Enterprise (9DFFBCD6-494F-0158-E221-12823C92A888): 6
LogDevObjectVersion:   Dev-Niagara (F2AED0AC-9AFE-416F-8664-AA7FFA26D6FC): 1
LogDevObjectVersion:   Dev-Destruction (174F1F0B-B4C6-45A5-B13F-2EE8D0FB917D): 9
LogInit: Presizing for max 16777216 objects, including 0 objects not considered by GC, pre-allocating 0 bytes for permanent pool.
LogInit: Object subsystem initialized
LogConfig: Setting CVar [[con.DebugEarlyDefault:1]]
LogConfig: Setting CVar [[r.setres:1280x720]]
[2020.02.06-05.15.29:074][  0]LogConfig: Setting CVar [[r.VSync:0]]
[2020.02.06-05.15.29:074][  0]LogConfig: Setting CVar [[r.RHICmdBypass:0]]
[2020.02.06-05.15.29:074][  0]LogConfig: Applying CVar settings from Section [/Script/Engine.RendererSettings] File [D:/Projects/Repos/Robomaster/UE4/Saved/Config/Windows/Engine.ini]
[2020.02.06-05.15.29:074][  0]LogConfig: Setting CVar [[r.GPUCrashDebugging:0]]
[2020.02.06-05.15.29:074][  0]LogConfig: Setting CVar [[r.DefaultFeature.AutoExposure.ExtendDefaultLuminanceRange:1]]
[2020.02.06-05.15.29:074][  0]LogConfig: Applying CVar settings from Section [/Script/Engine.RendererOverrideSettings] File [D:/Projects/Repos/Robomaster/UE4/Saved/Config/Windows/Engine.ini]
[2020.02.06-05.15.29:074][  0]LogConfig: Applying CVar settings from Section [/Script/Engine.StreamingSettings] File [D:/Projects/Repos/Robomaster/UE4/Saved/Config/Windows/Engine.ini]
[2020.02.06-05.15.29:074][  0]LogConfig: Setting CVar [[s.MinBulkDataSizeForAsyncLoading:131072]]
[2020.02.06-05.15.29:075][  0]LogConfig: Setting CVar [[s.AsyncLoadingThreadEnabled:0]]
[2020.02.06-05.15.29:075][  0]LogConfig: Setting CVar [[s.EventDrivenLoaderEnabled:1]]
[2020.02.06-05.15.29:075][  0]LogConfig: Setting CVar [[s.WarnIfTimeLimitExceeded:0]]
[2020.02.06-05.15.29:075][  0]LogConfig: Setting CVar [[s.TimeLimitExceededMultiplier:1.5]]
[2020.02.06-05.15.29:075][  0]LogConfig: Setting CVar [[s.TimeLimitExceededMinTime:0.005]]
[2020.02.06-05.15.29:075][  0]LogConfig: Setting CVar [[s.UseBackgroundLevelStreaming:1]]
[2020.02.06-05.15.29:075][  0]LogConfig: Setting CVar [[s.PriorityAsyncLoadingExtraTime:15.0]]
[2020.02.06-05.15.29:075][  0]LogConfig: Setting CVar [[s.LevelStreamingActorsUpdateTimeLimit:5.0]]
[2020.02.06-05.15.29:075][  0]LogConfig: Setting CVar [[s.PriorityLevelStreamingActorsUpdateExtraTime:5.0]]
[2020.02.06-05.15.29:075][  0]LogConfig: Setting CVar [[s.LevelStreamingComponentsRegistrationGranularity:10]]
[2020.02.06-05.15.29:075][  0]LogConfig: Setting CVar [[s.UnregisterComponentsTimeLimit:1.0]]
[2020.02.06-05.15.29:075][  0]LogConfig: Setting CVar [[s.LevelStreamingComponentsUnregistrationGranularity:5]]
[2020.02.06-05.15.29:075][  0]LogConfig: Applying CVar settings from Section [/Script/Engine.GarbageCollectionSettings] File [D:/Projects/Repos/Robomaster/UE4/Saved/Config/Windows/Engine.ini]
[2020.02.06-05.15.29:075][  0]LogConfig: Setting CVar [[gc.MaxObjectsNotConsideredByGC:1]]
[2020.02.06-05.15.29:075][  0]LogConfig: Setting CVar [[gc.SizeOfPermanentObjectPool:0]]
[2020.02.06-05.15.29:075][  0]LogConfig: Setting CVar [[gc.FlushStreamingOnGC:0]]
[2020.02.06-05.15.29:075][  0]LogConfig: Setting CVar [[gc.NumRetriesBeforeForcingGC:10]]
[2020.02.06-05.15.29:075][  0]LogConfig: Setting CVar [[gc.AllowParallelGC:1]]
[2020.02.06-05.15.29:075][  0]LogConfig: Setting CVar [[gc.TimeBetweenPurgingPendingKillObjects:61.1]]
[2020.02.06-05.15.29:075][  0]LogConfig: Setting CVar [[gc.MaxObjectsInEditor:16777216]]
[2020.02.06-05.15.29:075][  0]LogConfig: Setting CVar [[gc.IncrementalBeginDestroyEnabled:1]]
[2020.02.06-05.15.29:075][  0]LogConfig: Setting CVar [[gc.CreateGCClusters:1]]
[2020.02.06-05.15.29:075][  0]LogConfig: Setting CVar [[gc.MinGCClusterSize:5]]
[2020.02.06-05.15.29:075][  0]LogConfig: Setting CVar [[gc.ActorClusteringEnabled:0]]
[2020.02.06-05.15.29:075][  0]LogConfig: Setting CVar [[gc.BlueprintClusteringEnabled:0]]
[2020.02.06-05.15.29:075][  0]LogConfig: Setting CVar [[gc.UseDisregardForGCOnDedicatedServers:0]]
[2020.02.06-05.15.29:075][  0]LogConfig: Applying CVar settings from Section [/Script/Engine.NetworkSettings] File [D:/Projects/Repos/Robomaster/UE4/Saved/Config/Windows/Engine.ini]
[2020.02.06-05.15.29:075][  0]LogConfig: Applying CVar settings from Section [/Script/UnrealEd.CookerSettings] File [D:/Projects/Repos/Robomaster/UE4/Saved/Config/Windows/Engine.ini]
[2020.02.06-05.15.29:084][  0]LogConfig: Applying CVar settings from Section [ViewDistanceQuality@3] File [D:/Projects/Repos/Robomaster/UE4/Saved/Config/Windows/Scalability.ini]
[2020.02.06-05.15.29:084][  0]LogConfig: Setting CVar [[r.SkeletalMeshLODBias:0]]
[2020.02.06-05.15.29:084][  0]LogConfig: Setting CVar [[r.ViewDistanceScale:1.0]]
[2020.02.06-05.15.29:084][  0]LogConfig: Applying CVar settings from Section [AntiAliasingQuality@3] File [D:/Projects/Repos/Robomaster/UE4/Saved/Config/Windows/Scalability.ini]
[2020.02.06-05.15.29:084][  0]LogConfig: Setting CVar [[r.PostProcessAAQuality:4]]
[2020.02.06-05.15.29:084][  0]LogConfig: Applying CVar settings from Section [ShadowQuality@3] File [D:/Projects/Repos/Robomaster/UE4/Saved/Config/Windows/Scalability.ini]
[2020.02.06-05.15.29:084][  0]LogConfig: Setting CVar [[r.LightFunctionQuality:1]]
[2020.02.06-05.15.29:084][  0]LogConfig: Setting CVar [[r.ShadowQuality:5]]
[2020.02.06-05.15.29:084][  0]LogConfig: Setting CVar [[r.Shadow.CSM.MaxCascades:10]]
[2020.02.06-05.15.29:084][  0]LogConfig: Setting CVar [[r.Shadow.MaxResolution:2048]]
[2020.02.06-05.15.29:084][  0]LogConfig: Setting CVar [[r.Shadow.MaxCSMResolution:2048]]
[2020.02.06-05.15.29:084][  0]LogConfig: Setting CVar [[r.Shadow.RadiusThreshold:0.01]]
[2020.02.06-05.15.29:084][  0]LogConfig: Setting CVar [[r.Shadow.DistanceScale:1.0]]
[2020.02.06-05.15.29:084][  0]LogConfig: Setting CVar [[r.Shadow.CSM.TransitionScale:1.0]]
[2020.02.06-05.15.29:084][  0]LogConfig: Setting CVar [[r.Shadow.PreShadowResolutionFactor:1.0]]
[2020.02.06-05.15.29:084][  0]LogConfig: Setting CVar [[r.DistanceFieldShadowing:1]]
[2020.02.06-05.15.29:084][  0]LogConfig: Setting CVar [[r.DistanceFieldAO:1]]
[2020.02.06-05.15.29:084][  0]LogConfig: Setting CVar [[r.AOQuality:2]]
[2020.02.06-05.15.29:084][  0]LogConfig: Setting CVar [[r.VolumetricFog:1]]
[2020.02.06-05.15.29:084][  0]LogConfig: Setting CVar [[r.VolumetricFog.GridPixelSize:8]]
[2020.02.06-05.15.29:084][  0]LogConfig: Setting CVar [[r.VolumetricFog.GridSizeZ:128]]
[2020.02.06-05.15.29:084][  0]LogConfig: Setting CVar [[r.VolumetricFog.HistoryMissSupersampleCount:4]]
[2020.02.06-05.15.29:084][  0]LogConfig: Setting CVar [[r.LightMaxDrawDistanceScale:1]]
[2020.02.06-05.15.29:084][  0]LogConfig: Setting CVar [[r.CapsuleShadows:1]]
[2020.02.06-05.15.29:085][  0]LogConfig: Applying CVar settings from Section [PostProcessQuality@3] File [D:/Projects/Repos/Robomaster/UE4/Saved/Config/Windows/Scalability.ini]
[2020.02.06-05.15.29:085][  0]LogConfig: Setting CVar [[r.MotionBlurQuality:4]]
[2020.02.06-05.15.29:085][  0]LogConfig: Setting CVar [[r.AmbientOcclusionMipLevelFactor:0.4]]
[2020.02.06-05.15.29:085][  0]LogConfig: Setting CVar [[r.AmbientOcclusionMaxQuality:100]]
[2020.02.06-05.15.29:085][  0]LogConfig: Setting CVar [[r.AmbientOcclusionLevels:-1]]
[2020.02.06-05.15.29:085][  0]LogConfig: Setting CVar [[r.AmbientOcclusionRadiusScale:1.0]]
[2020.02.06-05.15.29:085][  0]LogConfig: Setting CVar [[r.DepthOfFieldQuality:2]]
[2020.02.06-05.15.29:085][  0]LogConfig: Setting CVar [[r.RenderTargetPoolMin:400]]
[2020.02.06-05.15.29:085][  0]LogConfig: Setting CVar [[r.LensFlareQuality:2]]
[2020.02.06-05.15.29:085][  0]LogConfig: Setting CVar [[r.SceneColorFringeQuality:1]]
[2020.02.06-05.15.29:085][  0]LogConfig: Setting CVar [[r.EyeAdaptationQuality:2]]
[2020.02.06-05.15.29:085][  0]LogConfig: Setting CVar [[r.BloomQuality:5]]
[2020.02.06-05.15.29:085][  0]LogConfig: Setting CVar [[r.FastBlurThreshold:100]]
[2020.02.06-05.15.29:085][  0]LogConfig: Setting CVar [[r.Upscale.Quality:3]]
[2020.02.06-05.15.29:085][  0]LogConfig: Setting CVar [[r.Tonemapper.GrainQuantization:1]]
[2020.02.06-05.15.29:085][  0]LogConfig: Setting CVar [[r.LightShaftQuality:1]]
[2020.02.06-05.15.29:085][  0]LogConfig: Setting CVar [[r.Filter.SizeScale:1]]
[2020.02.06-05.15.29:085][  0]LogConfig: Setting CVar [[r.Tonemapper.Quality:5]]
[2020.02.06-05.15.29:085][  0]LogConfig: Setting CVar [[r.DOF.Gather.AccumulatorQuality:1        ; higher gathering accumulator quality]]
[2020.02.06-05.15.29:085][  0]LogConfig: Setting CVar [[r.DOF.Gather.PostfilterMethod:1          ; Median3x3 postfilering method]]
[2020.02.06-05.15.29:085][  0]LogConfig: Setting CVar [[r.DOF.Gather.EnableBokehSettings:0       ; no bokeh simulation when gathering]]
[2020.02.06-05.15.29:085][  0]LogConfig: Setting CVar [[r.DOF.Gather.RingCount:4                 ; medium number of samples when gathering]]
[2020.02.06-05.15.29:085][  0]LogConfig: Setting CVar [[r.DOF.Scatter.ForegroundCompositing:1    ; additive foreground scattering]]
[2020.02.06-05.15.29:085][  0]LogConfig: Setting CVar [[r.DOF.Scatter.BackgroundCompositing:2    ; additive background scattering]]
[2020.02.06-05.15.29:085][  0]LogConfig: Setting CVar [[r.DOF.Scatter.EnableBokehSettings:1      ; bokeh simulation when scattering]]
[2020.02.06-05.15.29:085][  0]LogConfig: Setting CVar [[r.DOF.Scatter.MaxSpriteRatio:0.1         ; only a maximum of 10% of scattered bokeh]]
[2020.02.06-05.15.29:085][  0]LogConfig: Setting CVar [[r.DOF.Recombine.Quality:1                ; cheap slight out of focus]]
[2020.02.06-05.15.29:085][  0]LogConfig: Setting CVar [[r.DOF.Recombine.EnableBokehSettings:0    ; no bokeh simulation on slight out of focus]]
[2020.02.06-05.15.29:085][  0]LogConfig: Setting CVar [[r.DOF.TemporalAAQuality:1                ; more stable temporal accumulation]]
[2020.02.06-05.15.29:085][  0]LogConfig: Setting CVar [[r.DOF.Kernel.MaxForegroundRadius:0.025]]
[2020.02.06-05.15.29:085][  0]LogConfig: Setting CVar [[r.DOF.Kernel.MaxBackgroundRadius:0.025]]
[2020.02.06-05.15.29:085][  0]LogConfig: Applying CVar settings from Section [TextureQuality@3] File [D:/Projects/Repos/Robomaster/UE4/Saved/Config/Windows/Scalability.ini]
[2020.02.06-05.15.29:085][  0]LogConfig: Setting CVar [[r.Streaming.MipBias:0]]
[2020.02.06-05.15.29:085][  0]LogConfig: Setting CVar [[r.Streaming.AmortizeCPUToGPUCopy:0]]
[2020.02.06-05.15.29:085][  0]LogConfig: Setting CVar [[r.Streaming.MaxNumTexturesToStreamPerFrame:0]]
[2020.02.06-05.15.29:085][  0]LogConfig: Setting CVar [[r.Streaming.Boost:1]]
[2020.02.06-05.15.29:085][  0]LogConfig: Setting CVar [[r.MaxAnisotropy:8]]
[2020.02.06-05.15.29:085][  0]LogConfig: Setting CVar [[r.Streaming.LimitPoolSizeToVRAM:0]]
[2020.02.06-05.15.29:085][  0]LogConfig: Setting CVar [[r.Streaming.PoolSize:1000]]
[2020.02.06-05.15.29:085][  0]LogConfig: Setting CVar [[r.Streaming.MaxEffectiveScreenSize:0]]
[2020.02.06-05.15.29:085][  0]LogConfig: Applying CVar settings from Section [EffectsQuality@3] File [D:/Projects/Repos/Robomaster/UE4/Saved/Config/Windows/Scalability.ini]
[2020.02.06-05.15.29:085][  0]LogConfig: Setting CVar [[r.TranslucencyLightingVolumeDim:64]]
[2020.02.06-05.15.29:085][  0]LogConfig: Setting CVar [[r.RefractionQuality:2]]
[2020.02.06-05.15.29:085][  0]LogConfig: Setting CVar [[r.SSR.Quality:3]]
[2020.02.06-05.15.29:085][  0]LogConfig: Setting CVar [[r.SceneColorFormat:4]]
[2020.02.06-05.15.29:085][  0]LogConfig: Setting CVar [[r.DetailMode:2]]
[2020.02.06-05.15.29:085][  0]LogConfig: Setting CVar [[r.TranslucencyVolumeBlur:1]]
[2020.02.06-05.15.29:085][  0]LogConfig: Setting CVar [[r.MaterialQualityLevel:1 ; High quality]]
[2020.02.06-05.15.29:085][  0]LogConfig: Setting CVar [[r.SSS.Scale:1]]
[2020.02.06-05.15.29:085][  0]LogConfig: Setting CVar [[r.SSS.SampleSet:2]]
[2020.02.06-05.15.29:085][  0]LogConfig: Setting CVar [[r.SSS.Quality:1]]
[2020.02.06-05.15.29:085][  0]LogConfig: Setting CVar [[r.SSS.HalfRes:1]]
[2020.02.06-05.15.29:085][  0]LogConfig: Setting CVar [[r.EmitterSpawnRateScale:1.0]]
[2020.02.06-05.15.29:085][  0]LogConfig: Setting CVar [[r.ParticleLightQuality:2]]
[2020.02.06-05.15.29:085][  0]LogConfig: Applying CVar settings from Section [FoliageQuality@3] File [D:/Projects/Repos/Robomaster/UE4/Saved/Config/Windows/Scalability.ini]
[2020.02.06-05.15.29:085][  0]LogConfig: Setting CVar [[foliage.DensityScale:1.0]]
[2020.02.06-05.15.29:085][  0]LogConfig: Setting CVar [[grass.DensityScale:1.0]]
[2020.02.06-05.15.29:086][  0]LogInit: Selected Device Profile: [Windows]
[2020.02.06-05.15.29:086][  0]LogInit: Applying CVar settings loaded from the selected device profile: [Windows]
[2020.02.06-05.15.29:094][  0]LogHAL: Display: Platform has ~ 16 GB [16993755136 / 17179869184 / 16], which maps to Larger [LargestMinGB=32, LargerMinGB=12, DefaultMinGB=8, SmallerMinGB=6, SmallestMinGB=0)
[2020.02.06-05.15.29:094][  0]LogInit: Going up to parent DeviceProfile []
[2020.02.06-05.15.29:094][  0]LogConfig: Applying CVar settings from Section [ViewDistanceQuality@3] File [D:/Projects/Repos/Robomaster/UE4/Saved/Config/Windows/Scalability.ini]
[2020.02.06-05.15.29:094][  0]LogConfig: Setting CVar [[r.SkeletalMeshLODBias:0]]
[2020.02.06-05.15.29:094][  0]LogConfig: Setting CVar [[r.ViewDistanceScale:1.0]]
[2020.02.06-05.15.29:094][  0]LogConfig: Applying CVar settings from Section [AntiAliasingQuality@3] File [D:/Projects/Repos/Robomaster/UE4/Saved/Config/Windows/Scalability.ini]
[2020.02.06-05.15.29:094][  0]LogConfig: Setting CVar [[r.PostProcessAAQuality:4]]
[2020.02.06-05.15.29:094][  0]LogConfig: Applying CVar settings from Section [ShadowQuality@3] File [D:/Projects/Repos/Robomaster/UE4/Saved/Config/Windows/Scalability.ini]
[2020.02.06-05.15.29:094][  0]LogConfig: Setting CVar [[r.LightFunctionQuality:1]]
[2020.02.06-05.15.29:095][  0]LogConfig: Setting CVar [[r.ShadowQuality:5]]
[2020.02.06-05.15.29:095][  0]LogConfig: Setting CVar [[r.Shadow.CSM.MaxCascades:10]]
[2020.02.06-05.15.29:095][  0]LogConfig: Setting CVar [[r.Shadow.MaxResolution:2048]]
[2020.02.06-05.15.29:095][  0]LogConfig: Setting CVar [[r.Shadow.MaxCSMResolution:2048]]
[2020.02.06-05.15.29:095][  0]LogConfig: Setting CVar [[r.Shadow.RadiusThreshold:0.01]]
[2020.02.06-05.15.29:095][  0]LogConfig: Setting CVar [[r.Shadow.DistanceScale:1.0]]
[2020.02.06-05.15.29:095][  0]LogConfig: Setting CVar [[r.Shadow.CSM.TransitionScale:1.0]]
[2020.02.06-05.15.29:095][  0]LogConfig: Setting CVar [[r.Shadow.PreShadowResolutionFactor:1.0]]
[2020.02.06-05.15.29:095][  0]LogConfig: Setting CVar [[r.DistanceFieldShadowing:1]]
[2020.02.06-05.15.29:095][  0]LogConfig: Setting CVar [[r.DistanceFieldAO:1]]
[2020.02.06-05.15.29:095][  0]LogConfig: Setting CVar [[r.AOQuality:2]]
[2020.02.06-05.15.29:095][  0]LogConfig: Setting CVar [[r.VolumetricFog:1]]
[2020.02.06-05.15.29:095][  0]LogConfig: Setting CVar [[r.VolumetricFog.GridPixelSize:8]]
[2020.02.06-05.15.29:095][  0]LogConfig: Setting CVar [[r.VolumetricFog.GridSizeZ:128]]
[2020.02.06-05.15.29:095][  0]LogConfig: Setting CVar [[r.VolumetricFog.HistoryMissSupersampleCount:4]]
[2020.02.06-05.15.29:095][  0]LogConfig: Setting CVar [[r.LightMaxDrawDistanceScale:1]]
[2020.02.06-05.15.29:095][  0]LogConfig: Setting CVar [[r.CapsuleShadows:1]]
[2020.02.06-05.15.29:095][  0]LogConfig: Applying CVar settings from Section [PostProcessQuality@3] File [D:/Projects/Repos/Robomaster/UE4/Saved/Config/Windows/Scalability.ini]
[2020.02.06-05.15.29:095][  0]LogConfig: Setting CVar [[r.MotionBlurQuality:4]]
[2020.02.06-05.15.29:095][  0]LogConfig: Setting CVar [[r.AmbientOcclusionMipLevelFactor:0.4]]
[2020.02.06-05.15.29:095][  0]LogConfig: Setting CVar [[r.AmbientOcclusionMaxQuality:100]]
[2020.02.06-05.15.29:095][  0]LogConfig: Setting CVar [[r.AmbientOcclusionLevels:-1]]
[2020.02.06-05.15.29:095][  0]LogConfig: Setting CVar [[r.AmbientOcclusionRadiusScale:1.0]]
[2020.02.06-05.15.29:095][  0]LogConfig: Setting CVar [[r.DepthOfFieldQuality:2]]
[2020.02.06-05.15.29:095][  0]LogConfig: Setting CVar [[r.RenderTargetPoolMin:400]]
[2020.02.06-05.15.29:095][  0]LogConfig: Setting CVar [[r.LensFlareQuality:2]]
[2020.02.06-05.15.29:095][  0]LogConfig: Setting CVar [[r.SceneColorFringeQuality:1]]
[2020.02.06-05.15.29:095][  0]LogConfig: Setting CVar [[r.EyeAdaptationQuality:2]]
[2020.02.06-05.15.29:095][  0]LogConfig: Setting CVar [[r.BloomQuality:5]]
[2020.02.06-05.15.29:095][  0]LogConfig: Setting CVar [[r.FastBlurThreshold:100]]
[2020.02.06-05.15.29:095][  0]LogConfig: Setting CVar [[r.Upscale.Quality:3]]
[2020.02.06-05.15.29:095][  0]LogConfig: Setting CVar [[r.Tonemapper.GrainQuantization:1]]
[2020.02.06-05.15.29:095][  0]LogConfig: Setting CVar [[r.LightShaftQuality:1]]
[2020.02.06-05.15.29:095][  0]LogConfig: Setting CVar [[r.Filter.SizeScale:1]]
[2020.02.06-05.15.29:095][  0]LogConfig: Setting CVar [[r.Tonemapper.Quality:5]]
[2020.02.06-05.15.29:095][  0]LogConfig: Setting CVar [[r.DOF.Gather.AccumulatorQuality:1        ; higher gathering accumulator quality]]
[2020.02.06-05.15.29:095][  0]LogConfig: Setting CVar [[r.DOF.Gather.PostfilterMethod:1          ; Median3x3 postfilering method]]
[2020.02.06-05.15.29:095][  0]LogConfig: Setting CVar [[r.DOF.Gather.EnableBokehSettings:0       ; no bokeh simulation when gathering]]
[2020.02.06-05.15.29:095][  0]LogConfig: Setting CVar [[r.DOF.Gather.RingCount:4                 ; medium number of samples when gathering]]
[2020.02.06-05.15.29:095][  0]LogConfig: Setting CVar [[r.DOF.Scatter.ForegroundCompositing:1    ; additive foreground scattering]]
[2020.02.06-05.15.29:095][  0]LogConfig: Setting CVar [[r.DOF.Scatter.BackgroundCompositing:2    ; additive background scattering]]
[2020.02.06-05.15.29:095][  0]LogConfig: Setting CVar [[r.DOF.Scatter.EnableBokehSettings:1      ; bokeh simulation when scattering]]
[2020.02.06-05.15.29:095][  0]LogConfig: Setting CVar [[r.DOF.Scatter.MaxSpriteRatio:0.1         ; only a maximum of 10% of scattered bokeh]]
[2020.02.06-05.15.29:095][  0]LogConfig: Setting CVar [[r.DOF.Recombine.Quality:1                ; cheap slight out of focus]]
[2020.02.06-05.15.29:095][  0]LogConfig: Setting CVar [[r.DOF.Recombine.EnableBokehSettings:0    ; no bokeh simulation on slight out of focus]]
[2020.02.06-05.15.29:095][  0]LogConfig: Setting CVar [[r.DOF.TemporalAAQuality:1                ; more stable temporal accumulation]]
[2020.02.06-05.15.29:095][  0]LogConfig: Setting CVar [[r.DOF.Kernel.MaxForegroundRadius:0.025]]
[2020.02.06-05.15.29:095][  0]LogConfig: Setting CVar [[r.DOF.Kernel.MaxBackgroundRadius:0.025]]
[2020.02.06-05.15.29:095][  0]LogConfig: Applying CVar settings from Section [TextureQuality@3] File [D:/Projects/Repos/Robomaster/UE4/Saved/Config/Windows/Scalability.ini]
[2020.02.06-05.15.29:095][  0]LogConfig: Setting CVar [[r.Streaming.MipBias:0]]
[2020.02.06-05.15.29:095][  0]LogConfig: Setting CVar [[r.Streaming.AmortizeCPUToGPUCopy:0]]
[2020.02.06-05.15.29:095][  0]LogConfig: Setting CVar [[r.Streaming.MaxNumTexturesToStreamPerFrame:0]]
[2020.02.06-05.15.29:095][  0]LogConfig: Setting CVar [[r.Streaming.Boost:1]]
[2020.02.06-05.15.29:095][  0]LogConfig: Setting CVar [[r.MaxAnisotropy:8]]
[2020.02.06-05.15.29:095][  0]LogConfig: Setting CVar [[r.Streaming.LimitPoolSizeToVRAM:0]]
[2020.02.06-05.15.29:095][  0]LogConfig: Setting CVar [[r.Streaming.PoolSize:1000]]
[2020.02.06-05.15.29:095][  0]LogConfig: Setting CVar [[r.Streaming.MaxEffectiveScreenSize:0]]
[2020.02.06-05.15.29:095][  0]LogConfig: Applying CVar settings from Section [EffectsQuality@3] File [D:/Projects/Repos/Robomaster/UE4/Saved/Config/Windows/Scalability.ini]
[2020.02.06-05.15.29:095][  0]LogConfig: Setting CVar [[r.TranslucencyLightingVolumeDim:64]]
[2020.02.06-05.15.29:095][  0]LogConfig: Setting CVar [[r.RefractionQuality:2]]
[2020.02.06-05.15.29:095][  0]LogConfig: Setting CVar [[r.SSR.Quality:3]]
[2020.02.06-05.15.29:095][  0]LogConfig: Setting CVar [[r.SceneColorFormat:4]]
[2020.02.06-05.15.29:095][  0]LogConfig: Setting CVar [[r.DetailMode:2]]
[2020.02.06-05.15.29:095][  0]LogConfig: Setting CVar [[r.TranslucencyVolumeBlur:1]]
[2020.02.06-05.15.29:095][  0]LogConfig: Setting CVar [[r.MaterialQualityLevel:1 ; High quality]]
[2020.02.06-05.15.29:095][  0]LogConfig: Setting CVar [[r.SSS.Scale:1]]
[2020.02.06-05.15.29:095][  0]LogConfig: Setting CVar [[r.SSS.SampleSet:2]]
[2020.02.06-05.15.29:095][  0]LogConfig: Setting CVar [[r.SSS.Quality:1]]
[2020.02.06-05.15.29:095][  0]LogConfig: Setting CVar [[r.SSS.HalfRes:1]]
[2020.02.06-05.15.29:095][  0]LogConfig: Setting CVar [[r.EmitterSpawnRateScale:1.0]]
[2020.02.06-05.15.29:095][  0]LogConfig: Setting CVar [[r.ParticleLightQuality:2]]
[2020.02.06-05.15.29:095][  0]LogConfig: Applying CVar settings from Section [FoliageQuality@3] File [D:/Projects/Repos/Robomaster/UE4/Saved/Config/Windows/Scalability.ini]
[2020.02.06-05.15.29:095][  0]LogConfig: Setting CVar [[foliage.DensityScale:1.0]]
[2020.02.06-05.15.29:095][  0]LogConfig: Setting CVar [[grass.DensityScale:1.0]]
[2020.02.06-05.15.29:095][  0]LogConfig: Applying CVar settings from Section [Startup] File [../../../Engine/Config/ConsoleVariables.ini]
[2020.02.06-05.15.29:105][  0]LogConfig: Setting CVar [[net.UseAdaptiveNetUpdateFrequency:0]]
[2020.02.06-05.15.29:105][  0]LogConfig: Setting CVar [[p.chaos.AllowCreatePhysxBodies:1]]
[2020.02.06-05.15.29:106][  0]LogConfig: Applying CVar settings from Section [ConsoleVariables] File [D:/Projects/Repos/Robomaster/UE4/Saved/Config/Windows/Engine.ini]
[2020.02.06-05.15.29:106][  0]LogInit: Computer: AERO
[2020.02.06-05.15.29:106][  0]LogInit: User: thegr
[2020.02.06-05.15.29:106][  0]LogInit: CPU Page size=4096, Cores=6
[2020.02.06-05.15.29:106][  0]LogInit: High frequency timer resolution =10.000000 MHz
[2020.02.06-05.15.29:107][  0]LogMemory: Memory total: Physical=15.8GB (16GB approx)
[2020.02.06-05.15.29:107][  0]LogMemory: Platform Memory Stats for Windows
[2020.02.06-05.15.29:107][  0]LogMemory: Process Physical Memory: 104.00 MB used, 104.00 MB peak
[2020.02.06-05.15.29:107][  0]LogMemory: Process Virtual Memory: 89.55 MB used, 89.55 MB peak
[2020.02.06-05.15.29:107][  0]LogMemory: Physical Memory: 6978.45 MB used,  9228.06 MB free, 16206.51 MB total
[2020.02.06-05.15.29:107][  0]LogMemory: Virtual Memory: 4675.24 MB used,  134213056.00 MB free, 134217728.00 MB total
[2020.02.06-05.15.29:390][  0]LogWindows: WindowsPlatformFeatures enabled
[2020.02.06-05.15.29:614][  0]LogInit: Using OS detected language (en-US).
[2020.02.06-05.15.29:614][  0]LogInit: Using OS detected locale (en-US).
[2020.02.06-05.15.29:615][  0]LogTextLocalizationManager: No specific localization for 'en-US' exists, so the 'en' localization will be used.
[2020.02.06-05.15.29:916][  0]LogInit: Setting process to per monitor DPI aware
[2020.02.06-05.15.30:016][  0]LogSlate: New Slate User Created.  User Index 0, Is Virtual User: 0
[2020.02.06-05.15.30:016][  0]LogSlate: Slate User Registered.  User Index 0, Is Virtual User: 0
[2020.02.06-05.15.32:417][  0]LogHMD: Failed to initialize OpenVR with code 110
[2020.02.06-05.15.32:417][  0]LogD3D11RHI: D3D11 adapters:
[2020.02.06-05.15.32:510][  0]LogD3D11RHI:    0. 'NVIDIA GeForce GTX 1660 Ti' (Feature Level 11_0)
[2020.02.06-05.15.32:510][  0]LogD3D11RHI:       5991/0/8103 MB DedicatedVideo/DedicatedSystem/SharedSystem, Outputs:2, VendorId:0x10de
[2020.02.06-05.15.32:555][  0]LogD3D11RHI:    1. 'Intel(R) UHD Graphics 630' (Feature Level 11_0)
[2020.02.06-05.15.32:555][  0]LogD3D11RHI:       128/0/8103 MB DedicatedVideo/DedicatedSystem/SharedSystem, Outputs:0, VendorId:0x8086
[2020.02.06-05.15.32:563][  0]LogD3D11RHI:    2. 'Microsoft Basic Render Driver' (Feature Level 11_0)
[2020.02.06-05.15.32:563][  0]LogD3D11RHI:       0/0/8103 MB DedicatedVideo/DedicatedSystem/SharedSystem, Outputs:0, VendorId:0x1414
[2020.02.06-05.15.32:563][  0]LogD3D11RHI: Chosen D3D11 Adapter: 0
[2020.02.06-05.15.32:603][  0]LogD3D11RHI: Creating new Direct3DDevice
[2020.02.06-05.15.32:604][  0]LogD3D11RHI:     GPU DeviceId: 0x2191 (for the marketing name, search the web for "GPU Device Id")
[2020.02.06-05.15.32:604][  0]LogWindows: EnumDisplayDevices:
[2020.02.06-05.15.32:605][  0]LogWindows:    0. 'Intel(R) UHD Graphics 630' (P:1 D:1)
[2020.02.06-05.15.32:605][  0]LogWindows:    1. 'Intel(R) UHD Graphics 630' (P:0 D:0)
[2020.02.06-05.15.32:605][  0]LogWindows:    2. 'Intel(R) UHD Graphics 630' (P:0 D:0)
[2020.02.06-05.15.32:606][  0]LogWindows:    3. 'NVIDIA GeForce GTX 1660 Ti' (P:0 D:1)
[2020.02.06-05.15.32:606][  0]LogWindows:    4. 'NVIDIA GeForce GTX 1660 Ti' (P:0 D:0)
[2020.02.06-05.15.32:606][  0]LogWindows:    5. 'NVIDIA GeForce GTX 1660 Ti' (P:0 D:0)
[2020.02.06-05.15.32:606][  0]LogWindows:    6. 'NVIDIA GeForce GTX 1660 Ti' (P:0 D:0)
[2020.02.06-05.15.32:607][  0]LogWindows: DebugString: PrimaryIsNotTheChoosenAdapter PrimaryIsNotTheChoosenAdapter PrimaryIsNotTheChoosenAdapter FoundDriverCount:4 
[2020.02.06-05.15.32:607][  0]LogD3D11RHI:     Adapter Name: NVIDIA GeForce GTX 1660 Ti
[2020.02.06-05.15.32:607][  0]LogD3D11RHI:   Driver Version: 442.19 (internal:26.21.14.4219, unified:442.19)
[2020.02.06-05.15.32:607][  0]LogD3D11RHI:      Driver Date: 1-29-2020
[2020.02.06-05.15.32:607][  0]LogRHI: Texture pool is 4193 MB (70% of 5991 MB)
[2020.02.06-05.15.32:673][  0]LogD3D11RHI: Async texture creation enabled
[2020.02.06-05.15.32:710][  0]LogD3D11RHI: GPU Timing Frequency: 1000.000000 (Debug: 2 1)
[2020.02.06-05.15.33:123][  0]LogTemp: Display: Module 'AllDesktopTargetPlatform' loaded TargetPlatform 'AllDesktop'
[2020.02.06-05.15.33:135][  0]LogTemp: Display: Module 'MacClientTargetPlatform' loaded TargetPlatform 'MacClient'
[2020.02.06-05.15.33:147][  0]LogTemp: Display: Module 'MacNoEditorTargetPlatform' loaded TargetPlatform 'MacNoEditor'
[2020.02.06-05.15.33:158][  0]LogTemp: Display: Module 'MacServerTargetPlatform' loaded TargetPlatform 'MacServer'
[2020.02.06-05.15.33:177][  0]LogTemp: Display: Module 'MacTargetPlatform' loaded TargetPlatform 'Mac'
[2020.02.06-05.15.33:189][  0]LogTemp: Display: Module 'WindowsClientTargetPlatform' loaded TargetPlatform 'WindowsClient'
[2020.02.06-05.15.33:199][  0]LogTemp: Display: Module 'WindowsNoEditorTargetPlatform' loaded TargetPlatform 'WindowsNoEditor'
[2020.02.06-05.15.33:211][  0]LogTemp: Display: Module 'WindowsServerTargetPlatform' loaded TargetPlatform 'WindowsServer'
[2020.02.06-05.15.33:216][  0]LogTemp: Display: Module 'WindowsTargetPlatform' loaded TargetPlatform 'Windows'
[2020.02.06-05.15.33:264][  0]LogTemp: Display: Module 'AndroidTargetPlatform' loaded TargetPlatform 'Android'
[2020.02.06-05.15.33:264][  0]LogTemp: Display: Module 'AndroidTargetPlatform' loaded TargetPlatform 'Android_ASTC'
[2020.02.06-05.15.33:264][  0]LogTemp: Display: Module 'AndroidTargetPlatform' loaded TargetPlatform 'Android_ATC'
[2020.02.06-05.15.33:264][  0]LogTemp: Display: Module 'AndroidTargetPlatform' loaded TargetPlatform 'Android_DXT'
[2020.02.06-05.15.33:264][  0]LogTemp: Display: Module 'AndroidTargetPlatform' loaded TargetPlatform 'Android_ETC1'
[2020.02.06-05.15.33:264][  0]LogTemp: Display: Module 'AndroidTargetPlatform' loaded TargetPlatform 'Android_ETC1a'
[2020.02.06-05.15.33:264][  0]LogTemp: Display: Module 'AndroidTargetPlatform' loaded TargetPlatform 'Android_ETC2'
[2020.02.06-05.15.33:264][  0]LogTemp: Display: Module 'AndroidTargetPlatform' loaded TargetPlatform 'Android_PVRTC'
[2020.02.06-05.15.33:264][  0]LogTemp: Display: Module 'AndroidTargetPlatform' loaded TargetPlatform 'AndroidClient'
[2020.02.06-05.15.33:264][  0]LogTemp: Display: Module 'AndroidTargetPlatform' loaded TargetPlatform 'Android_ASTCClient'
[2020.02.06-05.15.33:265][  0]LogTemp: Display: Module 'AndroidTargetPlatform' loaded TargetPlatform 'Android_ATCClient'
[2020.02.06-05.15.33:265][  0]LogTemp: Display: Module 'AndroidTargetPlatform' loaded TargetPlatform 'Android_DXTClient'
[2020.02.06-05.15.33:265][  0]LogTemp: Display: Module 'AndroidTargetPlatform' loaded TargetPlatform 'Android_ETC1Client'
[2020.02.06-05.15.33:265][  0]LogTemp: Display: Module 'AndroidTargetPlatform' loaded TargetPlatform 'Android_ETC1aClient'
[2020.02.06-05.15.33:265][  0]LogTemp: Display: Module 'AndroidTargetPlatform' loaded TargetPlatform 'Android_ETC2Client'
[2020.02.06-05.15.33:265][  0]LogTemp: Display: Module 'AndroidTargetPlatform' loaded TargetPlatform 'Android_PVRTCClient'
[2020.02.06-05.15.33:265][  0]LogTemp: Display: Module 'AndroidTargetPlatform' loaded TargetPlatform 'Android_Multi'
[2020.02.06-05.15.33:265][  0]LogTemp: Display: Module 'AndroidTargetPlatform' loaded TargetPlatform 'Android_MultiClient'
[2020.02.06-05.15.33:268][  0]LogTemp: Display: Module 'HTML5TargetPlatform' loaded TargetPlatform 'HTML5'
[2020.02.06-05.15.33:310][  0]LogTemp: Display: Module 'IOSTargetPlatform' loaded TargetPlatform 'IOSClient'
[2020.02.06-05.15.33:310][  0]LogTemp: Display: Module 'IOSTargetPlatform' loaded TargetPlatform 'IOS'
[2020.02.06-05.15.33:327][  0]LogTemp: Display: Module 'TVOSTargetPlatform' loaded TargetPlatform 'TVOSClient'
[2020.02.06-05.15.33:327][  0]LogTemp: Display: Module 'TVOSTargetPlatform' loaded TargetPlatform 'TVOS'
[2020.02.06-05.15.33:335][  0]LogTemp: Display: Module 'LinuxClientTargetPlatform' loaded TargetPlatform 'LinuxClient'
[2020.02.06-05.15.33:347][  0]LogTemp: Display: Module 'LinuxNoEditorTargetPlatform' loaded TargetPlatform 'LinuxNoEditor'
[2020.02.06-05.15.33:361][  0]LogTemp: Display: Module 'LinuxServerTargetPlatform' loaded TargetPlatform 'LinuxServer'
[2020.02.06-05.15.33:382][  0]LogTemp: Display: Module 'LinuxTargetPlatform' loaded TargetPlatform 'Linux'
[2020.02.06-05.15.33:412][  0]LogTemp: Display: Module 'LuminTargetPlatform' loaded TargetPlatform 'Lumin'
[2020.02.06-05.15.33:412][  0]LogTemp: Display: Module 'LuminTargetPlatform' loaded TargetPlatform 'LuminClient'
[2020.02.06-05.15.33:413][  0]LogTargetPlatformManager: Display: Building Assets For Windows
[2020.02.06-05.15.33:462][  0]LogAudioDebug: Display: Lib vorbis DLL was dynamically loaded.
[2020.02.06-05.15.33:603][  0]LogShaderCompilers: Guid format shader working directory is 13 characters bigger than the processId version (D:/Projects/Repos/Robomaster/UE4/Intermediate/Shaders/WorkingDirectory/21276/).
[2020.02.06-05.15.33:603][  0]LogShaderCompilers: Cleaned the shader compiler working directory 'C:/Users/thegr/AppData/Local/Temp/UnrealShaderWorkingDir/24BB74004B4EE43D7D26B0BA92FCA4A4/'.
[2020.02.06-05.15.33:608][  0]LogXGEController: Cleaning working directory: C:/Users/thegr/AppData/Local/Temp/UnrealXGEWorkingDir/
[2020.02.06-05.15.33:609][  0]LogXGEController: Cannot use XGE Controller as Incredibuild is not installed on this machine.
[2020.02.06-05.15.33:609][  0]LogShaderCompilers: Cannot use XGE Shader Compiler as Incredibuild is not installed on this machine.
[2020.02.06-05.15.33:609][  0]LogShaderCompilers: Display: Using Local Shader Compiler.
[2020.02.06-05.15.36:266][  0]LogDerivedDataCache: Display: Max Cache Size: 512 MB
[2020.02.06-05.15.36:345][  0]LogDerivedDataCache: Loaded boot cache 0.08s 75MB C:/Users/thegr/AppData/Local/UnrealEngine/4.23/DerivedDataCache/Boot.ddc.
[2020.02.06-05.15.36:345][  0]LogDerivedDataCache: Display: Loaded Boot cache: C:/Users/thegr/AppData/Local/UnrealEngine/4.23/DerivedDataCache/Boot.ddc
[2020.02.06-05.15.36:345][  0]LogDerivedDataCache: FDerivedDataBackendGraph:  Pak pak cache file D:/Projects/Repos/Robomaster/UE4/DerivedDataCache/DDC.ddp not found, will not use a pak cache.
[2020.02.06-05.15.36:345][  0]LogDerivedDataCache: Unable to find inner node Pak for hierarchical cache Hierarchy.
[2020.02.06-05.15.36:345][  0]LogDerivedDataCache: FDerivedDataBackendGraph:  CompressedPak pak cache file D:/Projects/Repos/Robomaster/UE4/DerivedDataCache/Compressed.ddp not found, will not use a pak cache.
[2020.02.06-05.15.36:345][  0]LogDerivedDataCache: Unable to find inner node CompressedPak for hierarchical cache Hierarchy.
[2020.02.06-05.15.36:365][  0]LogDerivedDataCache: Display: Pak cache opened for reading ../../../Engine/DerivedDataCache/Compressed.ddp.
[2020.02.06-05.15.36:374][  0]LogDerivedDataCache: Display: Pak cache opened for reading ../../../Enterprise/DerivedDataCache/Compressed.ddp.
[2020.02.06-05.15.36:376][  0]LogDerivedDataCache: Using Local data cache path C:/Users/thegr/AppData/Local/UnrealEngine/Common/DerivedDataCache: Writable
[2020.02.06-05.15.36:376][  0]LogDerivedDataCache: Shared data cache path not found in *engine.ini, will not use an Shared cache.
[2020.02.06-05.15.36:376][  0]LogDerivedDataCache: Unable to find inner node Shared for hierarchical cache Hierarchy.
[2020.02.06-05.15.36:399][  0]LogMaterial: Verifying Global Shaders for PCD3D_SM5
[2020.02.06-05.15.36:405][  0]LogSlate: Using FreeType 2.6.0
[2020.02.06-05.15.36:422][  0]LogSlate: SlateFontServices - WITH_FREETYPE: 1, WITH_HARFBUZZ: 1
[2020.02.06-05.15.36:638][  0]LogAssetRegistry: FAssetRegistry took 0.0040 seconds to start up
[2020.02.06-05.15.36:961][  0]LogInit: Selected Device Profile: [Windows]
[2020.02.06-05.15.37:234][  0]LogMeshReduction: Using QuadricMeshReduction for automatic static mesh reduction
[2020.02.06-05.15.37:234][  0]LogMeshReduction: Using SimplygonMeshReduction for automatic skeletal mesh reduction
[2020.02.06-05.15.37:234][  0]LogMeshReduction: Using ProxyLODMeshReduction for automatic mesh merging
[2020.02.06-05.15.37:234][  0]LogMeshReduction: No distributed automatic mesh merging module available
[2020.02.06-05.15.37:235][  0]LogMeshMerging: No distributed automatic mesh merging module available
[2020.02.06-05.15.37:276][  0]LogNetVersion: Robomaster 1.0.0, NetCL: 8386587, EngineNetVer: 11, GameNetVer: 0 (Checksum: 2307867796)
[2020.02.06-05.15.38:328][  0]LogPackageLocalizationCache: Processed 20 localized package path(s) for 1 prioritized culture(s) in 0.076217 seconds
[2020.02.06-05.15.38:333][  0]LogUObjectArray: 43444 objects as part of root set at end of initial load.
[2020.02.06-05.15.38:333][  0]LogUObjectAllocator: 7548648 out of 0 bytes used by permanent object pool.
[2020.02.06-05.15.38:333][  0]LogUObjectArray: CloseDisregardForGC: 0/0 objects in disregard for GC pool
[2020.02.06-05.15.41:543][  0]LogTcpMessaging: Initializing TcpMessaging bridge
[2020.02.06-05.15.41:548][  0]LogUdpMessaging: Initializing bridge on interface 0.0.0.0:0 to multicast group 230.0.0.1:6666.
[2020.02.06-05.15.41:800][  0]LogPython: Python Scripts search path: D:/Projects/Repos/Robomaster/UE4/Content/Scripts
[2020.02.06-05.15.41:800][  0]LogPython: Python Scripts search path: D:/Projects/Repos/Robomaster/UE4/Plugins/tensorflow-ue4/Content/Scripts
[2020.02.06-05.15.41:800][  0]LogPython: Python Scripts search path: D:/Projects/Repos/Robomaster/UE4/Plugins/UnrealEnginePython/Content/Scripts
[2020.02.06-05.15.41:800][  0]LogPython: Python Scripts search path: D:/Projects/Repos/Robomaster/UE4/Plugins/UnrealEnginePython
[2020.02.06-05.15.41:800][  0]LogPython: Python VM initialized: 3.6.4 (v3.6.4:d48eceb, Dec 19 2017, 06:54:40) [MSC v.1900 64 bit (AMD64)]
[2020.02.06-05.15.42:028][  0]LogPython: upystartup::Checking pip location on startup
[2020.02.06-05.15.42:028][  0]LogPython: 

[2020.02.06-05.15.42:028][  0]LogPython: upystartup::stored loc: 
[2020.02.06-05.15.42:028][  0]LogPython: 

[2020.02.06-05.15.42:028][  0]LogPython: upystartup::correct loc: D:/Projects/Repos/Robomaster/UE4/Plugins/UnrealEnginePython/Binaries/Win64/Scripts
[2020.02.06-05.15.42:028][  0]LogPython: 

[2020.02.06-05.15.42:028][  0]LogPython: Lib/site-packages missing, re-installing pip.
[2020.02.06-05.15.42:028][  0]LogPython: 

[2020.02.06-05.15.42:028][  0]LogPython: D:/Projects/Repos/Robomaster/UE4/Plugins/UnrealEnginePython/Binaries/Win64/get-pip.py
[2020.02.06-05.15.42:028][  0]LogPython: 

[2020.02.06-05.15.42:028][  0]LogPython: Installing pip...
[2020.02.06-05.15.42:028][  0]LogPython: 

[2020.02.06-05.15.58:102][  0]LogPython: 
D:\Projects\Repos\Robomaster\UE4\Plugins\UnrealEnginePython\Binaries\Win64>echo Getting pip... 
Getting pip...

D:\Projects\Repos\Robomaster\UE4\Plugins\UnrealEnginePython\Binaries\Win64>python get-pip.py 
Collecting pip
  Using cached https://files.pythonhosted.org/packages/54/0c/d01aa759fdc501a58f431eb594a17495f15b88da142ce14b5845662c13f3/pip-20.0.2-py2.py3-none-any.whl
Collecting setuptools
  Downloading https://files.pythonhosted.org/packages/a7/c5/6c1acea1b4ea88b86b03280f3fde1efa04fefecd4e7d2af13e602661cde4/setuptools-45.1.0-py3-none-any.whl (583kB)
Collecting wheel
  Downloading https://files.pythonhosted.org/packages/8c/23/848298cccf8e40f5bbb59009b32848a4c38f4e7f3364297ab3c3e2e2cd14/wheel-0.34.2-py2.py3-none-any.whl
Installing collected packages: pip, setuptools, wheel
  The script wheel.exe is installed in 'D:\Projects\Repos\Robomaster\UE4\Plugins\UnrealEnginePython\Binaries\Win64\Scripts' which is not on PATH.
  Consider adding this directory to PATH or, if you prefer to suppress this warning, use --no-warn-script-location.
Successfully installed pip-20.0.2 setuptools-45.1.0 wheel-0.34.2

D:\Projects\Repos\Robomaster\UE4\Plugins\UnrealEnginePython\Binaries\Win64>Scripts\pip install -U -I pip 
Collecting pip
  Using cached pip-20.0.2-py2.py3-none-any.whl (1.4 MB)
Installing collected packages: pip
  WARNING: Failed to write executable - trying to use .deleteme logic
  WARNING: The scripts pip.exe, pip3.6.exe and pip3.exe are installed in 'd:\projects\repos\robomaster\ue4\plugins\unrealenginepython\binaries\win64\Scripts' which is not on PATH.
  Consider adding this directory to PATH or, if you prefer to suppress this warning, use --no-warn-script-location.
Successfully installed pip-20.0.2
[2020.02.06-05.15.58:107][  0]LogPython: upystartup::updated pip.exe location in <D:/Projects/Repos/Robomaster/UE4/Plugins/UnrealEnginePython/Content/Scripts/upyconfig.json>
[2020.02.06-05.15.58:107][  0]LogPython: 

[2020.02.06-05.15.58:114][  0]LogPython: upystartup::system paths normalized.
[2020.02.06-05.15.58:114][  0]LogPython: 

[2020.02.06-05.15.58:114][  0]LogPython: upystartup::project doesn't use a upymodule.json file.
[2020.02.06-05.15.58:114][  0]LogPython: 

[2020.02.06-05.15.58:116][  0]LogPython: ue_site Python module not found
[2020.02.06-05.15.58:190][  0]SourceControl: Source control is disabled
[2020.02.06-05.15.58:191][  0]SourceControl: Source control is disabled
[2020.02.06-05.15.58:201][  0]SourceControl: Source control is disabled
[2020.02.06-05.15.58:206][  0]SourceControl: Source control is disabled
[2020.02.06-05.15.58:759][  0]LogAndroidPermission: UAndroidPermissionCallbackProxy::GetInstance
[2020.02.06-05.15.59:298][  0]LogOcInput: OculusInput pre-init called
[2020.02.06-05.15.59:314][  0]LogWindows: Failed to load 'OVRPlugin.dll' (GetLastError=126)
[2020.02.06-05.15.59:314][  0]LogWindows: File 'OVRPlugin.dll' does not exist
[2020.02.06-05.15.59:383][  0]LogPython: Added TensorFlow Plugin Content/Scripts (D:/Projects/Repos/Robomaster/UE4/Plugins/tensorflow-ue4/Content/Scripts) to sys.path
[2020.02.06-05.15.59:392][  0]LogPython: upymodule_importer::Resolving upymodule dependencies for tensorflow-ue4
[2020.02.06-05.16.00:221][  0]LogPython: upymodule_importer::tensorflow-gpu 1.12.0 installed? False
[2020.02.06-05.16.00:222][  0]LogPython: upymodule_importer::Dependency not installed, fetching via pip...
[2020.02.06-05.17.11:646][  0]LogPython: Started cmd <cd /d "D:\Projects\Repos\Robomaster\UE4\Plugins\UnrealEnginePython\Binaries\Win64\Scripts" & pip install tensorflow-gpu==1.12.0>
[2020.02.06-05.17.11:646][  0]LogPython: upymodule_importer::h5py 2.7.0 installed? False
[2020.02.06-05.17.11:646][  0]LogPython: upymodule_importer::Dependency not installed, fetching via pip...
[2020.02.06-05.17.11:647][  0]LogPython: cmd Result: 
[2020.02.06-05.17.11:647][  0]LogPython: Collecting tensorflow-gpu==1.12.0
  Downloading tensorflow_gpu-1.12.0-cp36-cp36m-win_amd64.whl (80.0 MB)
Collecting keras-applications>=1.0.6
  Downloading Keras_Applications-1.0.8-py3-none-any.whl (50 kB)
Collecting protobuf>=3.6.1
  Downloading protobuf-3.11.3-cp36-cp36m-win_amd64.whl (1.1 MB)
Collecting termcolor>=1.1.0
  Downloading termcolor-1.1.0.tar.gz (3.9 kB)
Collecting numpy>=1.13.3
  Downloading numpy-1.18.1-cp36-cp36m-win_amd64.whl (12.8 MB)
Collecting tensorboard<1.13.0,>=1.12.0
  Downloading tensorboard-1.12.2-py3-none-any.whl (3.0 MB)
Collecting absl-py>=0.1.6
  Downloading absl-py-0.9.0.tar.gz (104 kB)
Collecting six>=1.10.0
  Downloading six-1.14.0-py2.py3-none-any.whl (10 kB)
Collecting keras-preprocessing>=1.0.5
  Downloading Keras_Preprocessing-1.1.0-py2.py3-none-any.whl (41 kB)
Collecting grpcio>=1.8.6
  Downloading grpcio-1.26.0-cp36-cp36m-win_amd64.whl (1.9 MB)
Collecting astor>=0.6.0
  Downloading astor-0.8.1-py2.py3-none-any.whl (27 kB)
Collecting gast>=0.2.0
  Downloading gast-0.3.3-py2.py3-none-any.whl (9.7 kB)
Requirement already satisfied: wheel>=0.26 in d:\projects\repos\robomaster\ue4\plugins\unrealenginepython\binaries\win64\lib\site-packages (from tensorflow-gpu==1.12.0) (0.34.2)
Collecting h5py
  Downloading h5py-2.10.0-cp36-cp36m-win_amd64.whl (2.4 MB)
Requirement already satisfied: setuptools in d:\projects\repos\robomaster\ue4\plugins\unrealenginepython\binaries\win64\lib\site-packages (from protobuf>=3.6.1->tensorflow-gpu==1.12.0) (45.1.0)
Collecting markdown>=2.6.8
  Downloading Markdown-3.1.1-py2.py3-none-any.whl (87 kB)
Collecting werkzeug>=0.11.10
  Downloading Werkzeug-0.16.1-py2.py3-none-any.whl (327 kB)
Building wheels for collected packages: termcolor, absl-py
  Building wheel for termcolor (setup.py): started
  Building wheel for termcolor (setup.py): finished with status 'done'
  Created wheel for termcolor: filename=termcolor-1.1.0-py3-none-any.whl size=4835 sha256=1ed52eb02cb4292aaee277c5127613bc24448996efbe0c0e064706f791869bbe
  Stored in directory: c:\users\thegr\appdata\local\pip\cache\wheels\93\2a\eb\e58dbcbc963549ee4f065ff80a59f274cc7210b6eab962acdc
  Building wheel for absl-py (setup.py): started
  Building wheel for absl-py (setup.py): finished with status 'done'
  Created wheel for absl-py: filename=absl_py-0.9.0-py3-none-any.whl size=121935 sha256=08906fe3864447bd0c89d7493d5f6dd8a740fb2bf5e05e8f589376a0a7fff131
  Stored in directory: c:\users\thegr\appdata\local\pip\cache\wheels\c3\af\84\3962a6af7b4ab336e951b7877dcfb758cf94548bb1771e0679
Successfully built termcolor absl-py
Installing collected packages: numpy, six, h5py, keras-applications, protobuf, termcolor, markdown, werkzeug, grpcio, tensorboard, absl-py, keras-preprocessing, astor, gast, tensorflow-gpu
  WARNING: The script f2py.exe is installed in 'd:\projects\repos\robomaster\ue4\plugins\unrealenginepython\binaries\win64\Scripts' which is not on PATH.
  Consider adding this directory to PATH or, if you prefer to suppress this warning, use --no-warn-script-location.
  WARNING: The script markdown_py.exe is installed in 'd:\projects\repos\robomaster\ue4\plugins\unrealenginepython\binaries\win64\Scripts' which is not on PATH.
  Consider adding this directory to PATH or, if you prefer to suppress this warning, use --no-warn-script-location.
  WARNING: The script tensorboard.exe is installed in 'd:\projects\repos\robomaster\ue4\plugins\unrealenginepython\binaries\win64\Scripts' which is not on PATH.
  Consider adding this directory to PATH or, if you prefer to suppress this warning, use --no-warn-script-location.
  WARNING: The scripts freeze_graph.exe, saved_model_cli.exe, tensorboard.exe, tflite_convert.exe, toco.exe and toco_from_protos.exe are installed in 'd:\projects\repos\robomaster\ue4\plugins\unrealenginepython\binaries\win64\Scripts' which is not on PATH.
  Consider adding this directory to PATH or, if you prefer to suppress this warning, use --no-warn-script-location.
Successfully installed absl-py-0.9.0 astor-0.8.1 gast-0.3.3 grpcio-1.26.0 h5py-2.10.0 keras-applications-1.0.8 keras-preprocessing-1.1.0 markdown-3.1.1 numpy-1.18.1 protobuf-3.11.3 six-1.14.0 tensorboard-1.12.2 tensorflow-gpu-1.12.0 termcolor-1.1.0 werkzeug-0.16.1
[2020.02.06-05.17.11:647][  0]LogPython: Started cmd <cd /d "D:\Projects\Repos\Robomaster\UE4\Plugins\UnrealEnginePython\Binaries\Win64\Scripts" & pip install h5py==2.7.0>
[2020.02.06-05.17.11:647][  0]LogPython: upymodule_importer::2 tensorflow-ue4 upymodule dependencies resolved (if installation in progress, more async output will stream)
[2020.02.06-05.17.11:647][  0]LogPython: TensorFlow Plugin upymodule.json parsed
[2020.02.06-05.17.15:497][  0]LogPython: cmd Result: 
[2020.02.06-05.17.15:497][  0]LogPython: Collecting h5py==2.7.0
  Downloading h5py-2.7.0-cp36-cp36m-win_amd64.whl (1.9 MB)
Requirement already satisfied: numpy>=1.7 in d:\projects\repos\robomaster\ue4\plugins\unrealenginepython\binaries\win64\lib\site-packages (from h5py==2.7.0) (1.18.1)
Requirement already satisfied: six in d:\projects\repos\robomaster\ue4\plugins\unrealenginepython\binaries\win64\lib\site-packages (from h5py==2.7.0) (1.14.0)
Installing collected packages: h5py
  Attempting uninstall: h5py
    Found existing installation: h5py 2.10.0
    Uninstalling h5py-2.10.0:
      Successfully uninstalled h5py-2.10.0
Successfully installed h5py-2.7.0
[2020.02.06-05.17.16:292][  0]LogEngine: Initializing Engine...
[2020.02.06-05.17.16:294][  0]LogHMD: Failed to initialize OpenVR with code 110
[2020.02.06-05.17.16:296][  0]LogStats: UGameplayTagsManager::InitializeManager -  0.001 s
[2020.02.06-05.17.16:682][  0]LogInit: Initializing FReadOnlyCVARCache
[2020.02.06-05.17.16:715][  0]LogAIModule: Creating AISystem for world Untitled
[2020.02.06-05.17.16:740][  0]LogInit: XAudio2 using 'Speakers (2- Realtek(R) Audio)' : 6 channels at 48 kHz using 32 bits per sample (channel mask 0x3f)
[2020.02.06-05.17.16:813][  0]LogInit: FAudioDevice initialized.
[2020.02.06-05.17.16:813][  0]LogNetVersion: Set ProjectVersion to 1.0.0.0. Version Checksum will be recalculated on next use.
[2020.02.06-05.17.16:855][  0]LogDerivedDataCache: Saved boot cache 0.04s 75MB C:/Users/thegr/AppData/Local/UnrealEngine/4.23/DerivedDataCache/Boot.ddc.
[2020.02.06-05.17.16:859][  0]LogInit: Texture streaming: Enabled
[2020.02.06-05.17.16:882][  0]LogEngineSessionManager: EngineSessionManager initialized
[2020.02.06-05.17.16:882][  0]LogEditorSessionSummary: Verbose: Initializing EditorSessionSummaryWriter for editor session tracking
[2020.02.06-05.17.16:883][  0]LogEditorSessionSummary: EditorSessionSummaryWriter initialized
[2020.02.06-05.17.16:943][  0]LogInit: Transaction tracking system initialized
[2020.02.06-05.17.17:004][  0]BlueprintLog: New page: Editor Load
[2020.02.06-05.17.17:153][  0]LocalizationService: Localization service is disabled
[2020.02.06-05.17.17:688][  0]LogFileCache: Scanning file cache for directory 'D:/Projects/Repos/Robomaster/UE4/Content/' took 0.01s
[2020.02.06-05.17.17:688][  0]LogCook: Display: Max memory allowance for cook 16384mb min free memory 0mb
[2020.02.06-05.17.17:688][  0]LogCook: Display: Mobile HDR setting 1
[2020.02.06-05.17.19:453][  0]SourceControl: Source control is disabled
[2020.02.06-05.17.19:454][  0]Cmd: MAP LOAD FILE="../../../Engine/Content/Maps/Templates/Template_Default.umap" TEMPLATE=1 SHOWPROGRESS=1 FEATURELEVEL=3
[2020.02.06-05.17.19:459][  0]LightingResults: New page: Lighting Build
[2020.02.06-05.17.19:465][  0]LogWorld: UWorld::CleanupWorld for Untitled, bSessionEnded=true, bCleanupResources=true
[2020.02.06-05.17.19:466][  0]MapCheck: New page: Map Check
[2020.02.06-05.17.19:466][  0]LightingResults: New page: Lighting Build
[2020.02.06-05.17.19:494][  0]LogUObjectHash: Compacting FUObjectHashTables data took   1.47ms
[2020.02.06-05.17.19:638][  0]LogAIModule: Creating AISystem for world Untitled_1
[2020.02.06-05.17.19:655][  0]LogEditorServer: Finished looking for orphan Actors (0.000 secs)
[2020.02.06-05.17.19:684][  0]LogUObjectHash: Compacting FUObjectHashTables data took   1.73ms
[2020.02.06-05.17.19:684][  0]Cmd: MAP CHECKDEP NOCLEARLOG
[2020.02.06-05.17.19:685][  0]MapCheck: Map check complete: 0 Error(s), 0 Warning(s), took 0.248ms to complete.
[2020.02.06-05.17.19:685][  0]LogFileHelpers: Loading map 'Template_Default' took 0.231
[2020.02.06-05.17.19:828][  0]LogSlate: Updating window title bar state: overlay mode, drag disabled, window buttons hidden, title bar hidden
[2020.02.06-05.17.19:835][  0]LogSlate: Updating window title bar state: overlay mode, drag disabled, window buttons hidden, title bar hidden
[2020.02.06-05.17.19:841][  0]LogSlate: Updating window title bar state: overlay mode, drag disabled, window buttons hidden, title bar hidden
[2020.02.06-05.17.19:847][  0]LogSlate: Updating window title bar state: overlay mode, drag disabled, window buttons hidden, title bar hidden
[2020.02.06-05.17.19:865][  0]LogCollectionManager: Loaded 0 collections in 0.001735 seconds
[2020.02.06-05.17.19:881][  0]LogFileCache: Scanning file cache for directory 'D:/Projects/Repos/Robomaster/UE4/Saved/Collections/' took 0.00s
[2020.02.06-05.17.19:881][  0]LogFileCache: Scanning file cache for directory 'D:/Projects/Repos/Robomaster/UE4/Content/Developers/thegr/Collections/' took 0.00s
[2020.02.06-05.17.19:881][  0]LogFileCache: Scanning file cache for directory 'D:/Projects/Repos/Robomaster/UE4/Content/Collections/' took 0.00s
[2020.02.06-05.17.19:881][  0]LogCollectionManager: Rebuilt the GUID cache for 0 collections in 0.000002 seconds
[2020.02.06-05.17.19:890][  0]LogContentBrowser: Native class hierarchy populated in 0.0076 seconds. Added 3078 classes and 786 folders.
[2020.02.06-05.17.19:902][  0]LogContentBrowser: Native class hierarchy updated for 'WidgetCarousel' in 0.0002 seconds. Added 0 classes and 0 folders.
[2020.02.06-05.17.20:199][  0]LogContentBrowser: Native class hierarchy updated for 'AddContentDialog' in 0.0002 seconds. Added 0 classes and 0 folders.
[2020.02.06-05.17.20:206][  0]LogContentBrowser: Native class hierarchy updated for 'SceneOutliner' in 0.0002 seconds. Added 1 classes and 0 folders.
[2020.02.06-05.17.20:273][  0]LogSlate: Took 0.004887 seconds to synchronously load lazily loaded font '../../../Engine/Content/Slate/Fonts/Roboto-Regular.ttf' (155K)
[2020.02.06-05.17.20:282][  0]LogSlate: Took 0.006694 seconds to synchronously load lazily loaded font '../../../Engine/Content/Slate/Fonts/Roboto-Bold.ttf' (160K)
[2020.02.06-05.17.20:295][  0]LogSlate: Took 0.008191 seconds to synchronously load lazily loaded font '../../../Engine/Content/Editor/Slate/Fonts/FontAwesome.ttf' (139K)
[2020.02.06-05.17.20:421][  0]LogRenderer: Reallocating scene render targets to support 1616x808 Format 10 NumSamples 1 (Frame:1).
[2020.02.06-05.17.20:579][  0]LogContentBrowser: Native class hierarchy updated for 'HierarchicalLODOutliner' in 0.0003 seconds. Added 0 classes and 0 folders.
[2020.02.06-05.17.20:579][  0]LogLoad: (Engine Initialization) Total time: 114.86 seconds
[2020.02.06-05.17.20:579][  0]LogLoad: (Engine Initialization) Total Blueprint compile time: 0.00 seconds
[2020.02.06-05.17.20:655][  0]LogContentStreaming: Texture pool size now 1000 MB
[2020.02.06-05.17.20:778][  2]LogDirectoryWatcher: A directory notification failed for 'D:/Projects/Repos/Robomaster/UE4/Plugins/UnrealEnginePython/Binaries/Win64' because it was empty or there was a buffer overflow. Attemping another request...
[2020.02.06-05.17.21:540][ 11]LogAssetRegistry: Asset discovery search completed in 104.9021 seconds
[2020.02.06-05.17.21:543][ 11]LogCollectionManager: Rebuilt the object cache for 0 collections in 0.000007 seconds (found 0 objects)
[2020.02.06-05.17.21:543][ 11]LogCollectionManager: Fixed up redirectors for 0 collections in 0.000055 seconds (updated 0 objects)
[2020.02.06-05.17.24:286][ 20]LogSlate: FSceneViewport::OnFocusLost() reason 0
[2020.02.06-05.17.35:069][635]LogSlate: Took 0.011867 seconds to synchronously load lazily loaded font '../../../Engine/Content/Slate/Fonts/DroidSansMono.ttf' (77K)
[2020.02.06-05.17.44:680][208]LogTemp: >>> print("Hello")
[2020.02.06-05.17.44:680][208]LogPython: Hello
[2020.02.06-05.17.44:680][208]LogPython: 

[2020.02.06-05.17.46:780][334]LogSlate: Window 'Python Console' being destroyed
[2020.02.06-05.17.46:786][334]LogSlate: Window 'Python Console' being destroyed
[2020.02.06-05.18.16:376][ 49]LogSlate: Took 0.006148 seconds to synchronously load lazily loaded font '../../../Engine/Content/Slate/Fonts/Roboto-Light.ttf' (167K)
[2020.02.06-05.18.25:895][ 49]LogSlate: Window 'Pick Parent Class' being destroyed
[2020.02.06-05.18.25:910][ 50]LogEditorSessionSummary: EditorSessionSummary sent report. Type=Shutdown, SessionId={BB7A4165-4066-B68A-B29C-E3BB7558B524}
[2020.02.06-05.18.25:911][ 50]LogEditorSessionSummary: EditorSessionSummary sent report. Type=Shutdown, SessionId={33CAED21-455A-6263-013F-178E1A671949}
