Log file open, 02/07/20 23:02:25
LogWindows: Failed to load 'aqProf.dll' (GetLastError=126)
LogWindows: File 'aqProf.dll' does not exist
LogWindows: Failed to load 'VtuneApi.dll' (GetLastError=126)
LogWindows: File 'VtuneApi.dll' does not exist
LogWindows: Failed to load 'VtuneApi32e.dll' (GetLastError=126)
LogWindows: File 'VtuneApi32e.dll' does not exist
LogConsoleResponse: Display: Failed to find resolution value strings in scalability ini. Falling back to default.
LogInit: Display: Running engine for game: Robomaster
LogPlatformFile: Not using cached read wrapper
LogTaskGraph: Started task graph with 5 named threads and 35 total threads with 3 sets of task threads.
LogStats: Stats thread started at 0.071944
LogD3D11RHI: Loaded GFSDK_Aftermath_Lib.x64.dll
LogICUInternationalization: ICU TimeZone Detection - Raw Offset: -6:00, Platform Override: ''
LogPluginManager: Warning: Plugin 'UnrealCV' is not compatible with the current engine version (4.16.0)
LogPluginManager: Display: Skipping load of 'UnrealCV'.
LogPluginManager: Mounting plugin Paper2D
LogPluginManager: Mounting plugin AISupport
LogPluginManager: Mounting plugin LightPropagationVolume
LogPluginManager: Mounting plugin ActorLayerUtilities
LogPluginManager: Mounting plugin AnimationSharing
LogPluginManager: Mounting plugin CLionSourceCodeAccess
LogPluginManager: Mounting plugin CodeLiteSourceCodeAccess
LogPluginManager: Mounting plugin GitSourceControl
LogPluginManager: Mounting plugin KDevelopSourceCodeAccess
LogPluginManager: Mounting plugin NullSourceCodeAccess
LogPluginManager: Mounting plugin PerforceSourceControl
LogPluginManager: Mounting plugin SubversionSourceControl
LogPluginManager: Mounting plugin UObjectPlugin
LogPluginManager: Mounting plugin VisualStudioCodeSourceCodeAccess
LogPluginManager: Mounting plugin VisualStudioSourceCodeAccess
LogPluginManager: Mounting plugin XCodeSourceCodeAccess
LogPluginManager: Mounting plugin AssetManagerEditor
LogPluginManager: Mounting plugin CryptoKeys
LogPluginManager: Mounting plugin CurveEditorTools
LogPluginManager: Mounting plugin DataValidation
LogPluginManager: Mounting plugin EditorScriptingUtilities
LogPluginManager: Mounting plugin FacialAnimation
LogPluginManager: Mounting plugin GameplayTagsEditor
LogPluginManager: Mounting plugin GLTFImporter
LogPluginManager: Mounting plugin MacGraphicsSwitching
LogPluginManager: Mounting plugin MaterialAnalyzer
LogPluginManager: Mounting plugin MeshEditor
LogPluginManager: Mounting plugin MobileLauncherProfileWizard
LogPluginManager: Mounting plugin PluginBrowser
LogPluginManager: Mounting plugin SpeedTreeImporter
LogPluginManager: Mounting plugin DatasmithContent
LogPluginManager: Mounting plugin VariantManagerContent
LogPluginManager: Mounting plugin AlembicImporter
LogPluginManager: Mounting plugin AutomationUtils
LogPluginManager: Mounting plugin BackChannel
LogPluginManager: Mounting plugin BlastPlugin
LogPluginManager: Mounting plugin ChaosSolverPlugin
LogPluginManager: Mounting plugin CharacterAI
LogPluginManager: Mounting plugin DataPrepEditor
LogPluginManager: Mounting plugin GeometryCache
LogPluginManager: Mounting plugin GeometryCollectionPlugin
LogPluginManager: Mounting plugin HTML5Networking
LogPluginManager: Mounting plugin PlatformCrypto
LogPluginManager: Mounting plugin ProxyLODPlugin
LogPluginManager: Mounting plugin SkeletalReduction
LogPluginManager: Mounting plugin MagicLeap
LogPluginManager: Mounting plugin MagicLeapMedia
LogPluginManager: Mounting plugin AndroidMedia
LogPluginManager: Mounting plugin AvfMedia
LogPluginManager: Mounting plugin ImgMedia
LogPluginManager: Mounting plugin MediaCompositing
LogPluginManager: Mounting plugin MediaPlayerEditor
LogPluginManager: Mounting plugin WebMMedia
LogPluginManager: Mounting plugin WmfMedia
LogPluginManager: Mounting plugin TcpMessaging
LogPluginManager: Mounting plugin UdpMessaging
LogPluginManager: Mounting plugin ActorSequence
LogPluginManager: Mounting plugin LevelSequenceEditor
LogPluginManager: Mounting plugin MatineeToLevelSequence
LogPluginManager: Mounting plugin NetcodeUnitTest
LogPluginManager: Mounting plugin NUTUnrealEngine4
LogPluginManager: Mounting plugin OnlineSubsystemGooglePlay
LogPluginManager: Mounting plugin OnlineSubsystemIOS
LogPluginManager: Mounting plugin OnlineSubsystem
LogPluginManager: Mounting plugin OnlineSubsystemNull
LogPluginManager: Mounting plugin OnlineSubsystemUtils
LogPluginManager: Mounting plugin LauncherChunkInstaller
LogPluginManager: Mounting plugin AndroidDeviceProfileSelector
LogPluginManager: Mounting plugin AndroidMoviePlayer
LogPluginManager: Mounting plugin AndroidPermission
LogPluginManager: Mounting plugin AppleImageUtils
LogPluginManager: Mounting plugin AppleMoviePlayer
LogPluginManager: Mounting plugin ArchVisCharacter
LogPluginManager: Mounting plugin AudioCapture
LogPluginManager: Mounting plugin CableComponent
LogPluginManager: Mounting plugin CustomMeshComponent
LogPluginManager: Mounting plugin EditableMesh
LogPluginManager: Mounting plugin ExampleDeviceProfileSelector
LogPluginManager: Mounting plugin GoogleCloudMessaging
LogPluginManager: Mounting plugin IOSDeviceProfileSelector
LogPluginManager: Mounting plugin LinuxDeviceProfileSelector
LogPluginManager: Mounting plugin LocationServicesBPLibrary
LogPluginManager: Mounting plugin MobilePatchingUtils
LogPluginManager: Mounting plugin OculusVR
LogPluginManager: Mounting plugin PhysXVehicles
LogPluginManager: Mounting plugin ProceduralMeshComponent
LogPluginManager: Mounting plugin RuntimePhysXCooking
LogPluginManager: Mounting plugin SignificanceManager
LogPluginManager: Mounting plugin SteamVR
LogPluginManager: Mounting plugin WebMMoviePlayer
LogPluginManager: Mounting plugin WindowsMoviePlayer
LogPluginManager: Mounting plugin ScreenshotTools
LogPluginManager: Mounting plugin DatasmithC4DImporter
LogPluginManager: Mounting plugin DatasmithCADImporter
LogPluginManager: Mounting plugin DatasmithFBXImporter
LogPluginManager: Mounting plugin DatasmithGLTFImporter
LogPluginManager: Mounting plugin DatasmithIFCImporter
LogPluginManager: Mounting plugin DatasmithImporter
LogPluginManager: Mounting plugin MDLImporter
LogPluginManager: Mounting plugin StaticMeshEditorExtension
LogPluginManager: Mounting plugin VariantManager
LogInit: Using libcurl 7.55.1-DEV
LogInit:  - built for x86_64-pc-win32
LogInit:  - supports SSL with OpenSSL/1.1.1
LogInit:  - supports HTTP deflate (compression) using libz 1.2.8
LogInit:  - other features:
LogInit:      CURL_VERSION_SSL
LogInit:      CURL_VERSION_LIBZ
LogInit:      CURL_VERSION_IPV6
LogInit:      CURL_VERSION_ASYNCHDNS
LogInit:      CURL_VERSION_LARGEFILE
LogInit:      CURL_VERSION_IDN
LogInit:  CurlRequestOptions (configurable via config and command line):
LogInit:  - bVerifyPeer = true  - Libcurl will verify peer certificate
LogInit:  - bUseHttpProxy = false  - Libcurl will NOT use HTTP proxy
LogInit:  - bDontReuseConnections = false  - Libcurl will reuse connections
LogInit:  - MaxHostConnections = 16  - Libcurl will limit the number of connections to a host
LogInit:  - LocalHostAddr = Default
LogInit:  - BufferSize = 65536
LogOnline: OSS: Creating online subsystem instance for: NULL
LogInit: WinSock: version 1.1 (2.2), MaxSocks=32767, MaxUdp=65467
LogInit: Build: ++UE4+Release-4.23-CL-9631420
LogInit: Engine Version: 4.23.1-9631420+++UE4+Release-4.23
LogInit: Compatible Engine Version: 4.23.0-8386587+++UE4+Release-4.23
LogInit: Net CL: 8386587
LogInit: OS: Windows 10 (Release 1909) (), CPU: Intel(R) Core(TM) i7-9750H CPU @ 2.60GHz, GPU: Intel(R) UHD Graphics 630
LogInit: Compiled (64-bit): Oct 18 2019 02:07:44
LogInit: Compiled with Visual C++: 19.16.27030.01
LogInit: Build Configuration: Development
LogInit: Branch Name: ++UE4+Release-4.23
LogInit: Command Line: 
LogInit: Base Directory: C:/Program Files/Epic Games/UE_4.23/Engine/Binaries/Win64/
LogInit: Installed Engine Build: 1
LogDevObjectVersion: Number of dev versions registered: 23
LogDevObjectVersion:   Dev-Blueprints (B0D832E4-1F89-4F0D-ACCF-7EB736FD4AA2): 10
LogDevObjectVersion:   Dev-Build (E1C64328-A22C-4D53-A36C-8E866417BD8C): 0
LogDevObjectVersion:   Dev-Core (375EC13C-06E4-48FB-B500-84F0262A717E): 3
LogDevObjectVersion:   Dev-Editor (E4B068ED-F494-42E9-A231-DA0B2E46BB41): 34
LogDevObjectVersion:   Dev-Framework (CFFC743F-43B0-4480-9391-14DF171D2073): 35
LogDevObjectVersion:   Dev-Mobile (B02B49B5-BB20-44E9-A304-32B752E40360): 2
LogDevObjectVersion:   Dev-Networking (A4E4105C-59A1-49B5-A7C5-40C4547EDFEE): 0
LogDevObjectVersion:   Dev-Online (39C831C9-5AE6-47DC-9A44-9C173E1C8E7C): 0
LogDevObjectVersion:   Dev-Physics (78F01B33-EBEA-4F98-B9B4-84EACCB95AA2): 0
LogDevObjectVersion:   Dev-Platform (6631380F-2D4D-43E0-8009-CF276956A95A): 0
LogDevObjectVersion:   Dev-Rendering (12F88B9F-8875-4AFC-A67C-D90C383ABD29): 31
LogDevObjectVersion:   Dev-Sequencer (7B5AE74C-D270-4C10-A958-57980B212A5A): 11
LogDevObjectVersion:   Dev-VR (D7296918-1DD6-4BDD-9DE2-64A83CC13884): 2
LogDevObjectVersion:   Dev-LoadTimes (C2A15278-BFE7-4AFE-6C17-90FF531DF755): 1
LogDevObjectVersion:   Private-Geometry (6EACA3D4-40EC-4CC1-B786-8BED09428FC5): 3
LogDevObjectVersion:   Dev-AnimPhys (29E575DD-E0A3-4627-9D10-D276232CDCEA): 17
LogDevObjectVersion:   Dev-Anim (AF43A65D-7FD3-4947-9873-3E8ED9C1BB05): 2
LogDevObjectVersion:   Dev-ReflectionCapture (6B266CEC-1EC7-4B8F-A30B-E4D90942FC07): 1
LogDevObjectVersion:   Dev-Automation (0DF73D61-A23F-47EA-B727-89E90C41499A): 1
LogDevObjectVersion:   FortniteMain (601D1886-AC64-4F84-AA16-D3DE0DEAC7D6): 27
LogDevObjectVersion:   Dev-Enterprise (9DFFBCD6-494F-0158-E221-12823C92A888): 6
LogDevObjectVersion:   Dev-Niagara (F2AED0AC-9AFE-416F-8664-AA7FFA26D6FC): 1
LogDevObjectVersion:   Dev-Destruction (174F1F0B-B4C6-45A5-B13F-2EE8D0FB917D): 9
LogInit: Presizing for max 16777216 objects, including 0 objects not considered by GC, pre-allocating 0 bytes for permanent pool.
LogInit: Object subsystem initialized
LogConfig: Setting CVar [[con.DebugEarlyDefault:1]]
LogConfig: Setting CVar [[r.setres:1280x720]]
[2020.02.08-05.02.59:441][  0]LogConfig: Setting CVar [[r.VSync:0]]
[2020.02.08-05.02.59:441][  0]LogConfig: Setting CVar [[r.RHICmdBypass:0]]
[2020.02.08-05.02.59:441][  0]LogConfig: Applying CVar settings from Section [/Script/Engine.RendererSettings] File [D:/Projects/Repos/Robomaster/UE4/Saved/Config/Windows/Engine.ini]
[2020.02.08-05.02.59:441][  0]LogConfig: Setting CVar [[r.GPUCrashDebugging:0]]
[2020.02.08-05.02.59:441][  0]LogConfig: Setting CVar [[r.DefaultFeature.AutoExposure.ExtendDefaultLuminanceRange:1]]
[2020.02.08-05.02.59:441][  0]LogConfig: Applying CVar settings from Section [/Script/Engine.RendererOverrideSettings] File [D:/Projects/Repos/Robomaster/UE4/Saved/Config/Windows/Engine.ini]
[2020.02.08-05.02.59:441][  0]LogConfig: Applying CVar settings from Section [/Script/Engine.StreamingSettings] File [D:/Projects/Repos/Robomaster/UE4/Saved/Config/Windows/Engine.ini]
[2020.02.08-05.02.59:441][  0]LogConfig: Setting CVar [[s.MinBulkDataSizeForAsyncLoading:131072]]
[2020.02.08-05.02.59:441][  0]LogConfig: Setting CVar [[s.AsyncLoadingThreadEnabled:0]]
[2020.02.08-05.02.59:441][  0]LogConfig: Setting CVar [[s.EventDrivenLoaderEnabled:1]]
[2020.02.08-05.02.59:441][  0]LogConfig: Setting CVar [[s.WarnIfTimeLimitExceeded:0]]
[2020.02.08-05.02.59:441][  0]LogConfig: Setting CVar [[s.TimeLimitExceededMultiplier:1.5]]
[2020.02.08-05.02.59:441][  0]LogConfig: Setting CVar [[s.TimeLimitExceededMinTime:0.005]]
[2020.02.08-05.02.59:441][  0]LogConfig: Setting CVar [[s.UseBackgroundLevelStreaming:1]]
[2020.02.08-05.02.59:441][  0]LogConfig: Setting CVar [[s.PriorityAsyncLoadingExtraTime:15.0]]
[2020.02.08-05.02.59:441][  0]LogConfig: Setting CVar [[s.LevelStreamingActorsUpdateTimeLimit:5.0]]
[2020.02.08-05.02.59:441][  0]LogConfig: Setting CVar [[s.PriorityLevelStreamingActorsUpdateExtraTime:5.0]]
[2020.02.08-05.02.59:441][  0]LogConfig: Setting CVar [[s.LevelStreamingComponentsRegistrationGranularity:10]]
[2020.02.08-05.02.59:441][  0]LogConfig: Setting CVar [[s.UnregisterComponentsTimeLimit:1.0]]
[2020.02.08-05.02.59:441][  0]LogConfig: Setting CVar [[s.LevelStreamingComponentsUnregistrationGranularity:5]]
[2020.02.08-05.02.59:442][  0]LogConfig: Applying CVar settings from Section [/Script/Engine.GarbageCollectionSettings] File [D:/Projects/Repos/Robomaster/UE4/Saved/Config/Windows/Engine.ini]
[2020.02.08-05.02.59:442][  0]LogConfig: Setting CVar [[gc.MaxObjectsNotConsideredByGC:1]]
[2020.02.08-05.02.59:442][  0]LogConfig: Setting CVar [[gc.SizeOfPermanentObjectPool:0]]
[2020.02.08-05.02.59:442][  0]LogConfig: Setting CVar [[gc.FlushStreamingOnGC:0]]
[2020.02.08-05.02.59:442][  0]LogConfig: Setting CVar [[gc.NumRetriesBeforeForcingGC:10]]
[2020.02.08-05.02.59:442][  0]LogConfig: Setting CVar [[gc.AllowParallelGC:1]]
[2020.02.08-05.02.59:442][  0]LogConfig: Setting CVar [[gc.TimeBetweenPurgingPendingKillObjects:61.1]]
[2020.02.08-05.02.59:442][  0]LogConfig: Setting CVar [[gc.MaxObjectsInEditor:16777216]]
[2020.02.08-05.02.59:442][  0]LogConfig: Setting CVar [[gc.IncrementalBeginDestroyEnabled:1]]
[2020.02.08-05.02.59:442][  0]LogConfig: Setting CVar [[gc.CreateGCClusters:1]]
[2020.02.08-05.02.59:442][  0]LogConfig: Setting CVar [[gc.MinGCClusterSize:5]]
[2020.02.08-05.02.59:442][  0]LogConfig: Setting CVar [[gc.ActorClusteringEnabled:0]]
[2020.02.08-05.02.59:442][  0]LogConfig: Setting CVar [[gc.BlueprintClusteringEnabled:0]]
[2020.02.08-05.02.59:442][  0]LogConfig: Setting CVar [[gc.UseDisregardForGCOnDedicatedServers:0]]
[2020.02.08-05.02.59:442][  0]LogConfig: Applying CVar settings from Section [/Script/Engine.NetworkSettings] File [D:/Projects/Repos/Robomaster/UE4/Saved/Config/Windows/Engine.ini]
[2020.02.08-05.02.59:442][  0]LogConfig: Applying CVar settings from Section [/Script/UnrealEd.CookerSettings] File [D:/Projects/Repos/Robomaster/UE4/Saved/Config/Windows/Engine.ini]
[2020.02.08-05.02.59:445][  0]LogConfig: Applying CVar settings from Section [ViewDistanceQuality@3] File [D:/Projects/Repos/Robomaster/UE4/Saved/Config/Windows/Scalability.ini]
[2020.02.08-05.02.59:445][  0]LogConfig: Setting CVar [[r.SkeletalMeshLODBias:0]]
[2020.02.08-05.02.59:445][  0]LogConfig: Setting CVar [[r.ViewDistanceScale:1.0]]
[2020.02.08-05.02.59:445][  0]LogConfig: Applying CVar settings from Section [AntiAliasingQuality@3] File [D:/Projects/Repos/Robomaster/UE4/Saved/Config/Windows/Scalability.ini]
[2020.02.08-05.02.59:445][  0]LogConfig: Setting CVar [[r.PostProcessAAQuality:4]]
[2020.02.08-05.02.59:445][  0]LogConfig: Applying CVar settings from Section [ShadowQuality@3] File [D:/Projects/Repos/Robomaster/UE4/Saved/Config/Windows/Scalability.ini]
[2020.02.08-05.02.59:445][  0]LogConfig: Setting CVar [[r.LightFunctionQuality:1]]
[2020.02.08-05.02.59:445][  0]LogConfig: Setting CVar [[r.ShadowQuality:5]]
[2020.02.08-05.02.59:445][  0]LogConfig: Setting CVar [[r.Shadow.CSM.MaxCascades:10]]
[2020.02.08-05.02.59:445][  0]LogConfig: Setting CVar [[r.Shadow.MaxResolution:2048]]
[2020.02.08-05.02.59:445][  0]LogConfig: Setting CVar [[r.Shadow.MaxCSMResolution:2048]]
[2020.02.08-05.02.59:445][  0]LogConfig: Setting CVar [[r.Shadow.RadiusThreshold:0.01]]
[2020.02.08-05.02.59:445][  0]LogConfig: Setting CVar [[r.Shadow.DistanceScale:1.0]]
[2020.02.08-05.02.59:445][  0]LogConfig: Setting CVar [[r.Shadow.CSM.TransitionScale:1.0]]
[2020.02.08-05.02.59:445][  0]LogConfig: Setting CVar [[r.Shadow.PreShadowResolutionFactor:1.0]]
[2020.02.08-05.02.59:445][  0]LogConfig: Setting CVar [[r.DistanceFieldShadowing:1]]
[2020.02.08-05.02.59:445][  0]LogConfig: Setting CVar [[r.DistanceFieldAO:1]]
[2020.02.08-05.02.59:445][  0]LogConfig: Setting CVar [[r.AOQuality:2]]
[2020.02.08-05.02.59:445][  0]LogConfig: Setting CVar [[r.VolumetricFog:1]]
[2020.02.08-05.02.59:445][  0]LogConfig: Setting CVar [[r.VolumetricFog.GridPixelSize:8]]
[2020.02.08-05.02.59:445][  0]LogConfig: Setting CVar [[r.VolumetricFog.GridSizeZ:128]]
[2020.02.08-05.02.59:445][  0]LogConfig: Setting CVar [[r.VolumetricFog.HistoryMissSupersampleCount:4]]
[2020.02.08-05.02.59:445][  0]LogConfig: Setting CVar [[r.LightMaxDrawDistanceScale:1]]
[2020.02.08-05.02.59:445][  0]LogConfig: Setting CVar [[r.CapsuleShadows:1]]
[2020.02.08-05.02.59:445][  0]LogConfig: Applying CVar settings from Section [PostProcessQuality@3] File [D:/Projects/Repos/Robomaster/UE4/Saved/Config/Windows/Scalability.ini]
[2020.02.08-05.02.59:445][  0]LogConfig: Setting CVar [[r.MotionBlurQuality:4]]
[2020.02.08-05.02.59:445][  0]LogConfig: Setting CVar [[r.AmbientOcclusionMipLevelFactor:0.4]]
[2020.02.08-05.02.59:445][  0]LogConfig: Setting CVar [[r.AmbientOcclusionMaxQuality:100]]
[2020.02.08-05.02.59:445][  0]LogConfig: Setting CVar [[r.AmbientOcclusionLevels:-1]]
[2020.02.08-05.02.59:445][  0]LogConfig: Setting CVar [[r.AmbientOcclusionRadiusScale:1.0]]
[2020.02.08-05.02.59:445][  0]LogConfig: Setting CVar [[r.DepthOfFieldQuality:2]]
[2020.02.08-05.02.59:445][  0]LogConfig: Setting CVar [[r.RenderTargetPoolMin:400]]
[2020.02.08-05.02.59:445][  0]LogConfig: Setting CVar [[r.LensFlareQuality:2]]
[2020.02.08-05.02.59:445][  0]LogConfig: Setting CVar [[r.SceneColorFringeQuality:1]]
[2020.02.08-05.02.59:445][  0]LogConfig: Setting CVar [[r.EyeAdaptationQuality:2]]
[2020.02.08-05.02.59:445][  0]LogConfig: Setting CVar [[r.BloomQuality:5]]
[2020.02.08-05.02.59:445][  0]LogConfig: Setting CVar [[r.FastBlurThreshold:100]]
[2020.02.08-05.02.59:445][  0]LogConfig: Setting CVar [[r.Upscale.Quality:3]]
[2020.02.08-05.02.59:445][  0]LogConfig: Setting CVar [[r.Tonemapper.GrainQuantization:1]]
[2020.02.08-05.02.59:445][  0]LogConfig: Setting CVar [[r.LightShaftQuality:1]]
[2020.02.08-05.02.59:445][  0]LogConfig: Setting CVar [[r.Filter.SizeScale:1]]
[2020.02.08-05.02.59:445][  0]LogConfig: Setting CVar [[r.Tonemapper.Quality:5]]
[2020.02.08-05.02.59:447][  0]LogConfig: Setting CVar [[r.DOF.Gather.AccumulatorQuality:1        ; higher gathering accumulator quality]]
[2020.02.08-05.02.59:447][  0]LogConfig: Setting CVar [[r.DOF.Gather.PostfilterMethod:1          ; Median3x3 postfilering method]]
[2020.02.08-05.02.59:447][  0]LogConfig: Setting CVar [[r.DOF.Gather.EnableBokehSettings:0       ; no bokeh simulation when gathering]]
[2020.02.08-05.02.59:447][  0]LogConfig: Setting CVar [[r.DOF.Gather.RingCount:4                 ; medium number of samples when gathering]]
[2020.02.08-05.02.59:447][  0]LogConfig: Setting CVar [[r.DOF.Scatter.ForegroundCompositing:1    ; additive foreground scattering]]
[2020.02.08-05.02.59:447][  0]LogConfig: Setting CVar [[r.DOF.Scatter.BackgroundCompositing:2    ; additive background scattering]]
[2020.02.08-05.02.59:447][  0]LogConfig: Setting CVar [[r.DOF.Scatter.EnableBokehSettings:1      ; bokeh simulation when scattering]]
[2020.02.08-05.02.59:447][  0]LogConfig: Setting CVar [[r.DOF.Scatter.MaxSpriteRatio:0.1         ; only a maximum of 10% of scattered bokeh]]
[2020.02.08-05.02.59:447][  0]LogConfig: Setting CVar [[r.DOF.Recombine.Quality:1                ; cheap slight out of focus]]
[2020.02.08-05.02.59:447][  0]LogConfig: Setting CVar [[r.DOF.Recombine.EnableBokehSettings:0    ; no bokeh simulation on slight out of focus]]
[2020.02.08-05.02.59:447][  0]LogConfig: Setting CVar [[r.DOF.TemporalAAQuality:1                ; more stable temporal accumulation]]
[2020.02.08-05.02.59:447][  0]LogConfig: Setting CVar [[r.DOF.Kernel.MaxForegroundRadius:0.025]]
[2020.02.08-05.02.59:447][  0]LogConfig: Setting CVar [[r.DOF.Kernel.MaxBackgroundRadius:0.025]]
[2020.02.08-05.02.59:447][  0]LogConfig: Applying CVar settings from Section [TextureQuality@3] File [D:/Projects/Repos/Robomaster/UE4/Saved/Config/Windows/Scalability.ini]
[2020.02.08-05.02.59:447][  0]LogConfig: Setting CVar [[r.Streaming.MipBias:0]]
[2020.02.08-05.02.59:447][  0]LogConfig: Setting CVar [[r.Streaming.AmortizeCPUToGPUCopy:0]]
[2020.02.08-05.02.59:447][  0]LogConfig: Setting CVar [[r.Streaming.MaxNumTexturesToStreamPerFrame:0]]
[2020.02.08-05.02.59:447][  0]LogConfig: Setting CVar [[r.Streaming.Boost:1]]
[2020.02.08-05.02.59:447][  0]LogConfig: Setting CVar [[r.MaxAnisotropy:8]]
[2020.02.08-05.02.59:447][  0]LogConfig: Setting CVar [[r.Streaming.LimitPoolSizeToVRAM:0]]
[2020.02.08-05.02.59:447][  0]LogConfig: Setting CVar [[r.Streaming.PoolSize:1000]]
[2020.02.08-05.02.59:447][  0]LogConfig: Setting CVar [[r.Streaming.MaxEffectiveScreenSize:0]]
[2020.02.08-05.02.59:447][  0]LogConfig: Applying CVar settings from Section [EffectsQuality@3] File [D:/Projects/Repos/Robomaster/UE4/Saved/Config/Windows/Scalability.ini]
[2020.02.08-05.02.59:447][  0]LogConfig: Setting CVar [[r.TranslucencyLightingVolumeDim:64]]
[2020.02.08-05.02.59:447][  0]LogConfig: Setting CVar [[r.RefractionQuality:2]]
[2020.02.08-05.02.59:447][  0]LogConfig: Setting CVar [[r.SSR.Quality:3]]
[2020.02.08-05.02.59:447][  0]LogConfig: Setting CVar [[r.SceneColorFormat:4]]
[2020.02.08-05.02.59:447][  0]LogConfig: Setting CVar [[r.DetailMode:2]]
[2020.02.08-05.02.59:447][  0]LogConfig: Setting CVar [[r.TranslucencyVolumeBlur:1]]
[2020.02.08-05.02.59:447][  0]LogConfig: Setting CVar [[r.MaterialQualityLevel:1 ; High quality]]
[2020.02.08-05.02.59:447][  0]LogConfig: Setting CVar [[r.SSS.Scale:1]]
[2020.02.08-05.02.59:447][  0]LogConfig: Setting CVar [[r.SSS.SampleSet:2]]
[2020.02.08-05.02.59:447][  0]LogConfig: Setting CVar [[r.SSS.Quality:1]]
[2020.02.08-05.02.59:447][  0]LogConfig: Setting CVar [[r.SSS.HalfRes:1]]
[2020.02.08-05.02.59:447][  0]LogConfig: Setting CVar [[r.EmitterSpawnRateScale:1.0]]
[2020.02.08-05.02.59:447][  0]LogConfig: Setting CVar [[r.ParticleLightQuality:2]]
[2020.02.08-05.02.59:447][  0]LogConfig: Applying CVar settings from Section [FoliageQuality@3] File [D:/Projects/Repos/Robomaster/UE4/Saved/Config/Windows/Scalability.ini]
[2020.02.08-05.02.59:447][  0]LogConfig: Setting CVar [[foliage.DensityScale:1.0]]
[2020.02.08-05.02.59:447][  0]LogConfig: Setting CVar [[grass.DensityScale:1.0]]
[2020.02.08-05.02.59:447][  0]LogInit: Selected Device Profile: [Windows]
[2020.02.08-05.02.59:447][  0]LogInit: Applying CVar settings loaded from the selected device profile: [Windows]
[2020.02.08-05.02.59:459][  0]LogHAL: Display: Platform has ~ 16 GB [16993755136 / 17179869184 / 16], which maps to Larger [LargestMinGB=32, LargerMinGB=12, DefaultMinGB=8, SmallerMinGB=6, SmallestMinGB=0)
[2020.02.08-05.02.59:459][  0]LogInit: Going up to parent DeviceProfile []
[2020.02.08-05.02.59:459][  0]LogConfig: Applying CVar settings from Section [ViewDistanceQuality@3] File [D:/Projects/Repos/Robomaster/UE4/Saved/Config/Windows/Scalability.ini]
[2020.02.08-05.02.59:459][  0]LogConfig: Setting CVar [[r.SkeletalMeshLODBias:0]]
[2020.02.08-05.02.59:459][  0]LogConfig: Setting CVar [[r.ViewDistanceScale:1.0]]
[2020.02.08-05.02.59:459][  0]LogConfig: Applying CVar settings from Section [AntiAliasingQuality@3] File [D:/Projects/Repos/Robomaster/UE4/Saved/Config/Windows/Scalability.ini]
[2020.02.08-05.02.59:459][  0]LogConfig: Setting CVar [[r.PostProcessAAQuality:4]]
[2020.02.08-05.02.59:459][  0]LogConfig: Applying CVar settings from Section [ShadowQuality@3] File [D:/Projects/Repos/Robomaster/UE4/Saved/Config/Windows/Scalability.ini]
[2020.02.08-05.02.59:459][  0]LogConfig: Setting CVar [[r.LightFunctionQuality:1]]
[2020.02.08-05.02.59:459][  0]LogConfig: Setting CVar [[r.ShadowQuality:5]]
[2020.02.08-05.02.59:459][  0]LogConfig: Setting CVar [[r.Shadow.CSM.MaxCascades:10]]
[2020.02.08-05.02.59:459][  0]LogConfig: Setting CVar [[r.Shadow.MaxResolution:2048]]
[2020.02.08-05.02.59:459][  0]LogConfig: Setting CVar [[r.Shadow.MaxCSMResolution:2048]]
[2020.02.08-05.02.59:459][  0]LogConfig: Setting CVar [[r.Shadow.RadiusThreshold:0.01]]
[2020.02.08-05.02.59:459][  0]LogConfig: Setting CVar [[r.Shadow.DistanceScale:1.0]]
[2020.02.08-05.02.59:459][  0]LogConfig: Setting CVar [[r.Shadow.CSM.TransitionScale:1.0]]
[2020.02.08-05.02.59:459][  0]LogConfig: Setting CVar [[r.Shadow.PreShadowResolutionFactor:1.0]]
[2020.02.08-05.02.59:459][  0]LogConfig: Setting CVar [[r.DistanceFieldShadowing:1]]
[2020.02.08-05.02.59:459][  0]LogConfig: Setting CVar [[r.DistanceFieldAO:1]]
[2020.02.08-05.02.59:459][  0]LogConfig: Setting CVar [[r.AOQuality:2]]
[2020.02.08-05.02.59:459][  0]LogConfig: Setting CVar [[r.VolumetricFog:1]]
[2020.02.08-05.02.59:459][  0]LogConfig: Setting CVar [[r.VolumetricFog.GridPixelSize:8]]
[2020.02.08-05.02.59:459][  0]LogConfig: Setting CVar [[r.VolumetricFog.GridSizeZ:128]]
[2020.02.08-05.02.59:459][  0]LogConfig: Setting CVar [[r.VolumetricFog.HistoryMissSupersampleCount:4]]
[2020.02.08-05.02.59:459][  0]LogConfig: Setting CVar [[r.LightMaxDrawDistanceScale:1]]
[2020.02.08-05.02.59:459][  0]LogConfig: Setting CVar [[r.CapsuleShadows:1]]
[2020.02.08-05.02.59:459][  0]LogConfig: Applying CVar settings from Section [PostProcessQuality@3] File [D:/Projects/Repos/Robomaster/UE4/Saved/Config/Windows/Scalability.ini]
[2020.02.08-05.02.59:459][  0]LogConfig: Setting CVar [[r.MotionBlurQuality:4]]
[2020.02.08-05.02.59:459][  0]LogConfig: Setting CVar [[r.AmbientOcclusionMipLevelFactor:0.4]]
[2020.02.08-05.02.59:459][  0]LogConfig: Setting CVar [[r.AmbientOcclusionMaxQuality:100]]
[2020.02.08-05.02.59:459][  0]LogConfig: Setting CVar [[r.AmbientOcclusionLevels:-1]]
[2020.02.08-05.02.59:459][  0]LogConfig: Setting CVar [[r.AmbientOcclusionRadiusScale:1.0]]
[2020.02.08-05.02.59:459][  0]LogConfig: Setting CVar [[r.DepthOfFieldQuality:2]]
[2020.02.08-05.02.59:459][  0]LogConfig: Setting CVar [[r.RenderTargetPoolMin:400]]
[2020.02.08-05.02.59:459][  0]LogConfig: Setting CVar [[r.LensFlareQuality:2]]
[2020.02.08-05.02.59:459][  0]LogConfig: Setting CVar [[r.SceneColorFringeQuality:1]]
[2020.02.08-05.02.59:459][  0]LogConfig: Setting CVar [[r.EyeAdaptationQuality:2]]
[2020.02.08-05.02.59:459][  0]LogConfig: Setting CVar [[r.BloomQuality:5]]
[2020.02.08-05.02.59:459][  0]LogConfig: Setting CVar [[r.FastBlurThreshold:100]]
[2020.02.08-05.02.59:459][  0]LogConfig: Setting CVar [[r.Upscale.Quality:3]]
[2020.02.08-05.02.59:459][  0]LogConfig: Setting CVar [[r.Tonemapper.GrainQuantization:1]]
[2020.02.08-05.02.59:459][  0]LogConfig: Setting CVar [[r.LightShaftQuality:1]]
[2020.02.08-05.02.59:459][  0]LogConfig: Setting CVar [[r.Filter.SizeScale:1]]
[2020.02.08-05.02.59:459][  0]LogConfig: Setting CVar [[r.Tonemapper.Quality:5]]
[2020.02.08-05.02.59:459][  0]LogConfig: Setting CVar [[r.DOF.Gather.AccumulatorQuality:1        ; higher gathering accumulator quality]]
[2020.02.08-05.02.59:459][  0]LogConfig: Setting CVar [[r.DOF.Gather.PostfilterMethod:1          ; Median3x3 postfilering method]]
[2020.02.08-05.02.59:459][  0]LogConfig: Setting CVar [[r.DOF.Gather.EnableBokehSettings:0       ; no bokeh simulation when gathering]]
[2020.02.08-05.02.59:459][  0]LogConfig: Setting CVar [[r.DOF.Gather.RingCount:4                 ; medium number of samples when gathering]]
[2020.02.08-05.02.59:459][  0]LogConfig: Setting CVar [[r.DOF.Scatter.ForegroundCompositing:1    ; additive foreground scattering]]
[2020.02.08-05.02.59:459][  0]LogConfig: Setting CVar [[r.DOF.Scatter.BackgroundCompositing:2    ; additive background scattering]]
[2020.02.08-05.02.59:459][  0]LogConfig: Setting CVar [[r.DOF.Scatter.EnableBokehSettings:1      ; bokeh simulation when scattering]]
[2020.02.08-05.02.59:459][  0]LogConfig: Setting CVar [[r.DOF.Scatter.MaxSpriteRatio:0.1         ; only a maximum of 10% of scattered bokeh]]
[2020.02.08-05.02.59:459][  0]LogConfig: Setting CVar [[r.DOF.Recombine.Quality:1                ; cheap slight out of focus]]
[2020.02.08-05.02.59:459][  0]LogConfig: Setting CVar [[r.DOF.Recombine.EnableBokehSettings:0    ; no bokeh simulation on slight out of focus]]
[2020.02.08-05.02.59:459][  0]LogConfig: Setting CVar [[r.DOF.TemporalAAQuality:1                ; more stable temporal accumulation]]
[2020.02.08-05.02.59:459][  0]LogConfig: Setting CVar [[r.DOF.Kernel.MaxForegroundRadius:0.025]]
[2020.02.08-05.02.59:459][  0]LogConfig: Setting CVar [[r.DOF.Kernel.MaxBackgroundRadius:0.025]]
[2020.02.08-05.02.59:459][  0]LogConfig: Applying CVar settings from Section [TextureQuality@3] File [D:/Projects/Repos/Robomaster/UE4/Saved/Config/Windows/Scalability.ini]
[2020.02.08-05.02.59:459][  0]LogConfig: Setting CVar [[r.Streaming.MipBias:0]]
[2020.02.08-05.02.59:459][  0]LogConfig: Setting CVar [[r.Streaming.AmortizeCPUToGPUCopy:0]]
[2020.02.08-05.02.59:459][  0]LogConfig: Setting CVar [[r.Streaming.MaxNumTexturesToStreamPerFrame:0]]
[2020.02.08-05.02.59:459][  0]LogConfig: Setting CVar [[r.Streaming.Boost:1]]
[2020.02.08-05.02.59:459][  0]LogConfig: Setting CVar [[r.MaxAnisotropy:8]]
[2020.02.08-05.02.59:459][  0]LogConfig: Setting CVar [[r.Streaming.LimitPoolSizeToVRAM:0]]
[2020.02.08-05.02.59:459][  0]LogConfig: Setting CVar [[r.Streaming.PoolSize:1000]]
[2020.02.08-05.02.59:459][  0]LogConfig: Setting CVar [[r.Streaming.MaxEffectiveScreenSize:0]]
[2020.02.08-05.02.59:459][  0]LogConfig: Applying CVar settings from Section [EffectsQuality@3] File [D:/Projects/Repos/Robomaster/UE4/Saved/Config/Windows/Scalability.ini]
[2020.02.08-05.02.59:460][  0]LogConfig: Setting CVar [[r.TranslucencyLightingVolumeDim:64]]
[2020.02.08-05.02.59:460][  0]LogConfig: Setting CVar [[r.RefractionQuality:2]]
[2020.02.08-05.02.59:460][  0]LogConfig: Setting CVar [[r.SSR.Quality:3]]
[2020.02.08-05.02.59:460][  0]LogConfig: Setting CVar [[r.SceneColorFormat:4]]
[2020.02.08-05.02.59:460][  0]LogConfig: Setting CVar [[r.DetailMode:2]]
[2020.02.08-05.02.59:460][  0]LogConfig: Setting CVar [[r.TranslucencyVolumeBlur:1]]
[2020.02.08-05.02.59:460][  0]LogConfig: Setting CVar [[r.MaterialQualityLevel:1 ; High quality]]
[2020.02.08-05.02.59:460][  0]LogConfig: Setting CVar [[r.SSS.Scale:1]]
[2020.02.08-05.02.59:460][  0]LogConfig: Setting CVar [[r.SSS.SampleSet:2]]
[2020.02.08-05.02.59:460][  0]LogConfig: Setting CVar [[r.SSS.Quality:1]]
[2020.02.08-05.02.59:460][  0]LogConfig: Setting CVar [[r.SSS.HalfRes:1]]
[2020.02.08-05.02.59:460][  0]LogConfig: Setting CVar [[r.EmitterSpawnRateScale:1.0]]
[2020.02.08-05.02.59:460][  0]LogConfig: Setting CVar [[r.ParticleLightQuality:2]]
[2020.02.08-05.02.59:460][  0]LogConfig: Applying CVar settings from Section [FoliageQuality@3] File [D:/Projects/Repos/Robomaster/UE4/Saved/Config/Windows/Scalability.ini]
[2020.02.08-05.02.59:460][  0]LogConfig: Setting CVar [[foliage.DensityScale:1.0]]
[2020.02.08-05.02.59:460][  0]LogConfig: Setting CVar [[grass.DensityScale:1.0]]
[2020.02.08-05.02.59:460][  0]LogConfig: Applying CVar settings from Section [Startup] File [../../../Engine/Config/ConsoleVariables.ini]
[2020.02.08-05.02.59:466][  0]LogConfig: Setting CVar [[net.UseAdaptiveNetUpdateFrequency:0]]
[2020.02.08-05.02.59:466][  0]LogConfig: Setting CVar [[p.chaos.AllowCreatePhysxBodies:1]]
[2020.02.08-05.02.59:466][  0]LogConfig: Applying CVar settings from Section [ConsoleVariables] File [D:/Projects/Repos/Robomaster/UE4/Saved/Config/Windows/Engine.ini]
[2020.02.08-05.02.59:466][  0]LogInit: Computer: AERO
[2020.02.08-05.02.59:466][  0]LogInit: User: thegr
[2020.02.08-05.02.59:466][  0]LogInit: CPU Page size=4096, Cores=6
[2020.02.08-05.02.59:466][  0]LogInit: High frequency timer resolution =10.000000 MHz
[2020.02.08-05.02.59:467][  0]LogMemory: Memory total: Physical=15.8GB (16GB approx)
[2020.02.08-05.02.59:467][  0]LogMemory: Platform Memory Stats for Windows
[2020.02.08-05.02.59:467][  0]LogMemory: Process Physical Memory: 106.02 MB used, 106.02 MB peak
[2020.02.08-05.02.59:467][  0]LogMemory: Process Virtual Memory: 102.43 MB used, 102.43 MB peak
[2020.02.08-05.02.59:467][  0]LogMemory: Physical Memory: 9661.94 MB used,  6544.57 MB free, 16206.51 MB total
[2020.02.08-05.02.59:467][  0]LogMemory: Virtual Memory: 4746.48 MB used,  134212984.00 MB free, 134217728.00 MB total
[2020.02.08-05.02.59:477][  0]LogWindows: WindowsPlatformFeatures enabled
[2020.02.08-05.02.59:530][  0]LogInit: Using OS detected language (en-US).
[2020.02.08-05.02.59:531][  0]LogInit: Using OS detected locale (en-US).
[2020.02.08-05.02.59:531][  0]LogTextLocalizationManager: No specific localization for 'en-US' exists, so the 'en' localization will be used.
[2020.02.08-05.02.59:971][  0]LogInit: Setting process to per monitor DPI aware
[2020.02.08-05.03.00:084][  0]LogSlate: New Slate User Created.  User Index 0, Is Virtual User: 0
[2020.02.08-05.03.00:084][  0]LogSlate: Slate User Registered.  User Index 0, Is Virtual User: 0
[2020.02.08-05.03.04:036][  0]LogHMD: Failed to initialize OpenVR with code 110
[2020.02.08-05.03.04:036][  0]LogD3D11RHI: D3D11 adapters:
[2020.02.08-05.03.04:145][  0]LogD3D11RHI:    0. 'NVIDIA GeForce GTX 1660 Ti' (Feature Level 11_0)
[2020.02.08-05.03.04:145][  0]LogD3D11RHI:       5991/0/8103 MB DedicatedVideo/DedicatedSystem/SharedSystem, Outputs:2, VendorId:0x10de
[2020.02.08-05.03.04:187][  0]LogD3D11RHI:    1. 'Intel(R) UHD Graphics 630' (Feature Level 11_0)
[2020.02.08-05.03.04:187][  0]LogD3D11RHI:       128/0/8103 MB DedicatedVideo/DedicatedSystem/SharedSystem, Outputs:0, VendorId:0x8086
[2020.02.08-05.03.04:194][  0]LogD3D11RHI:    2. 'Microsoft Basic Render Driver' (Feature Level 11_0)
[2020.02.08-05.03.04:194][  0]LogD3D11RHI:       0/0/8103 MB DedicatedVideo/DedicatedSystem/SharedSystem, Outputs:0, VendorId:0x1414
[2020.02.08-05.03.04:194][  0]LogD3D11RHI: Chosen D3D11 Adapter: 0
[2020.02.08-05.03.04:243][  0]LogD3D11RHI: Creating new Direct3DDevice
[2020.02.08-05.03.04:244][  0]LogD3D11RHI:     GPU DeviceId: 0x2191 (for the marketing name, search the web for "GPU Device Id")
[2020.02.08-05.03.04:244][  0]LogWindows: EnumDisplayDevices:
[2020.02.08-05.03.04:244][  0]LogWindows:    0. 'Intel(R) UHD Graphics 630' (P:1 D:1)
[2020.02.08-05.03.04:244][  0]LogWindows:    1. 'Intel(R) UHD Graphics 630' (P:0 D:0)
[2020.02.08-05.03.04:244][  0]LogWindows:    2. 'Intel(R) UHD Graphics 630' (P:0 D:0)
[2020.02.08-05.03.04:245][  0]LogWindows:    3. 'NVIDIA GeForce GTX 1660 Ti' (P:0 D:1)
[2020.02.08-05.03.04:245][  0]LogWindows:    4. 'NVIDIA GeForce GTX 1660 Ti' (P:0 D:0)
[2020.02.08-05.03.04:245][  0]LogWindows:    5. 'NVIDIA GeForce GTX 1660 Ti' (P:0 D:0)
[2020.02.08-05.03.04:245][  0]LogWindows:    6. 'NVIDIA GeForce GTX 1660 Ti' (P:0 D:0)
[2020.02.08-05.03.04:245][  0]LogWindows: DebugString: PrimaryIsNotTheChoosenAdapter PrimaryIsNotTheChoosenAdapter PrimaryIsNotTheChoosenAdapter FoundDriverCount:4 
[2020.02.08-05.03.04:245][  0]LogD3D11RHI:     Adapter Name: NVIDIA GeForce GTX 1660 Ti
[2020.02.08-05.03.04:246][  0]LogD3D11RHI:   Driver Version: 442.19 (internal:26.21.14.4219, unified:442.19)
[2020.02.08-05.03.04:246][  0]LogD3D11RHI:      Driver Date: 1-29-2020
[2020.02.08-05.03.04:246][  0]LogRHI: Texture pool is 4193 MB (70% of 5991 MB)
[2020.02.08-05.03.04:313][  0]LogD3D11RHI: Async texture creation enabled
[2020.02.08-05.03.04:350][  0]LogD3D11RHI: GPU Timing Frequency: 1000.000000 (Debug: 2 1)
[2020.02.08-05.03.04:819][  0]LogTemp: Display: Module 'AllDesktopTargetPlatform' loaded TargetPlatform 'AllDesktop'
[2020.02.08-05.03.04:833][  0]LogTemp: Display: Module 'MacClientTargetPlatform' loaded TargetPlatform 'MacClient'
[2020.02.08-05.03.04:846][  0]LogTemp: Display: Module 'MacNoEditorTargetPlatform' loaded TargetPlatform 'MacNoEditor'
[2020.02.08-05.03.04:859][  0]LogTemp: Display: Module 'MacServerTargetPlatform' loaded TargetPlatform 'MacServer'
[2020.02.08-05.03.04:880][  0]LogTemp: Display: Module 'MacTargetPlatform' loaded TargetPlatform 'Mac'
[2020.02.08-05.03.04:893][  0]LogTemp: Display: Module 'WindowsClientTargetPlatform' loaded TargetPlatform 'WindowsClient'
[2020.02.08-05.03.04:902][  0]LogTemp: Display: Module 'WindowsNoEditorTargetPlatform' loaded TargetPlatform 'WindowsNoEditor'
[2020.02.08-05.03.04:918][  0]LogTemp: Display: Module 'WindowsServerTargetPlatform' loaded TargetPlatform 'WindowsServer'
[2020.02.08-05.03.04:926][  0]LogTemp: Display: Module 'WindowsTargetPlatform' loaded TargetPlatform 'Windows'
[2020.02.08-05.03.05:006][  0]LogTemp: Display: Module 'AndroidTargetPlatform' loaded TargetPlatform 'Android'
[2020.02.08-05.03.05:006][  0]LogTemp: Display: Module 'AndroidTargetPlatform' loaded TargetPlatform 'Android_ASTC'
[2020.02.08-05.03.05:006][  0]LogTemp: Display: Module 'AndroidTargetPlatform' loaded TargetPlatform 'Android_ATC'
[2020.02.08-05.03.05:006][  0]LogTemp: Display: Module 'AndroidTargetPlatform' loaded TargetPlatform 'Android_DXT'
[2020.02.08-05.03.05:006][  0]LogTemp: Display: Module 'AndroidTargetPlatform' loaded TargetPlatform 'Android_ETC1'
[2020.02.08-05.03.05:006][  0]LogTemp: Display: Module 'AndroidTargetPlatform' loaded TargetPlatform 'Android_ETC1a'
[2020.02.08-05.03.05:006][  0]LogTemp: Display: Module 'AndroidTargetPlatform' loaded TargetPlatform 'Android_ETC2'
[2020.02.08-05.03.05:007][  0]LogTemp: Display: Module 'AndroidTargetPlatform' loaded TargetPlatform 'Android_PVRTC'
[2020.02.08-05.03.05:007][  0]LogTemp: Display: Module 'AndroidTargetPlatform' loaded TargetPlatform 'AndroidClient'
[2020.02.08-05.03.05:007][  0]LogTemp: Display: Module 'AndroidTargetPlatform' loaded TargetPlatform 'Android_ASTCClient'
[2020.02.08-05.03.05:007][  0]LogTemp: Display: Module 'AndroidTargetPlatform' loaded TargetPlatform 'Android_ATCClient'
[2020.02.08-05.03.05:007][  0]LogTemp: Display: Module 'AndroidTargetPlatform' loaded TargetPlatform 'Android_DXTClient'
[2020.02.08-05.03.05:007][  0]LogTemp: Display: Module 'AndroidTargetPlatform' loaded TargetPlatform 'Android_ETC1Client'
[2020.02.08-05.03.05:007][  0]LogTemp: Display: Module 'AndroidTargetPlatform' loaded TargetPlatform 'Android_ETC1aClient'
[2020.02.08-05.03.05:007][  0]LogTemp: Display: Module 'AndroidTargetPlatform' loaded TargetPlatform 'Android_ETC2Client'
[2020.02.08-05.03.05:007][  0]LogTemp: Display: Module 'AndroidTargetPlatform' loaded TargetPlatform 'Android_PVRTCClient'
[2020.02.08-05.03.05:007][  0]LogTemp: Display: Module 'AndroidTargetPlatform' loaded TargetPlatform 'Android_Multi'
[2020.02.08-05.03.05:007][  0]LogTemp: Display: Module 'AndroidTargetPlatform' loaded TargetPlatform 'Android_MultiClient'
[2020.02.08-05.03.05:011][  0]LogTemp: Display: Module 'HTML5TargetPlatform' loaded TargetPlatform 'HTML5'
[2020.02.08-05.03.05:064][  0]LogTemp: Display: Module 'IOSTargetPlatform' loaded TargetPlatform 'IOSClient'
[2020.02.08-05.03.05:064][  0]LogTemp: Display: Module 'IOSTargetPlatform' loaded TargetPlatform 'IOS'
[2020.02.08-05.03.05:086][  0]LogTemp: Display: Module 'TVOSTargetPlatform' loaded TargetPlatform 'TVOSClient'
[2020.02.08-05.03.05:086][  0]LogTemp: Display: Module 'TVOSTargetPlatform' loaded TargetPlatform 'TVOS'
[2020.02.08-05.03.05:099][  0]LogTemp: Display: Module 'LinuxClientTargetPlatform' loaded TargetPlatform 'LinuxClient'
[2020.02.08-05.03.05:110][  0]LogTemp: Display: Module 'LinuxNoEditorTargetPlatform' loaded TargetPlatform 'LinuxNoEditor'
[2020.02.08-05.03.05:120][  0]LogTemp: Display: Module 'LinuxServerTargetPlatform' loaded TargetPlatform 'LinuxServer'
[2020.02.08-05.03.05:148][  0]LogTemp: Display: Module 'LinuxTargetPlatform' loaded TargetPlatform 'Linux'
[2020.02.08-05.03.05:190][  0]LogTemp: Display: Module 'LuminTargetPlatform' loaded TargetPlatform 'Lumin'
[2020.02.08-05.03.05:190][  0]LogTemp: Display: Module 'LuminTargetPlatform' loaded TargetPlatform 'LuminClient'
[2020.02.08-05.03.05:190][  0]LogTargetPlatformManager: Display: Building Assets For Windows
[2020.02.08-05.03.05:207][  0]LogAudioDebug: Display: Lib vorbis DLL was dynamically loaded.
[2020.02.08-05.03.05:301][  0]LogShaderCompilers: Guid format shader working directory is 14 characters bigger than the processId version (D:/Projects/Repos/Robomaster/UE4/Intermediate/Shaders/WorkingDirectory/1580/).
[2020.02.08-05.03.05:302][  0]LogShaderCompilers: Cleaned the shader compiler working directory 'C:/Users/thegr/AppData/Local/Temp/UnrealShaderWorkingDir/86D4C8A641551A67C87E07B53875ACDE/'.
[2020.02.08-05.03.05:305][  0]LogXGEController: Cleaning working directory: C:/Users/thegr/AppData/Local/Temp/UnrealXGEWorkingDir/
[2020.02.08-05.03.05:306][  0]LogXGEController: Cannot use XGE Controller as Incredibuild is not installed on this machine.
[2020.02.08-05.03.05:306][  0]LogShaderCompilers: Cannot use XGE Shader Compiler as Incredibuild is not installed on this machine.
[2020.02.08-05.03.05:306][  0]LogShaderCompilers: Display: Using Local Shader Compiler.
[2020.02.08-05.03.09:080][  0]LogDerivedDataCache: Display: Max Cache Size: 512 MB
[2020.02.08-05.03.09:198][  0]LogDerivedDataCache: Loaded boot cache 0.12s 74MB C:/Users/thegr/AppData/Local/UnrealEngine/4.23/DerivedDataCache/Boot.ddc.
[2020.02.08-05.03.09:198][  0]LogDerivedDataCache: Display: Loaded Boot cache: C:/Users/thegr/AppData/Local/UnrealEngine/4.23/DerivedDataCache/Boot.ddc
[2020.02.08-05.03.09:198][  0]LogDerivedDataCache: FDerivedDataBackendGraph:  Pak pak cache file D:/Projects/Repos/Robomaster/UE4/DerivedDataCache/DDC.ddp not found, will not use a pak cache.
[2020.02.08-05.03.09:198][  0]LogDerivedDataCache: Unable to find inner node Pak for hierarchical cache Hierarchy.
[2020.02.08-05.03.09:198][  0]LogDerivedDataCache: FDerivedDataBackendGraph:  CompressedPak pak cache file D:/Projects/Repos/Robomaster/UE4/DerivedDataCache/Compressed.ddp not found, will not use a pak cache.
[2020.02.08-05.03.09:198][  0]LogDerivedDataCache: Unable to find inner node CompressedPak for hierarchical cache Hierarchy.
[2020.02.08-05.03.09:222][  0]LogDerivedDataCache: Display: Pak cache opened for reading ../../../Engine/DerivedDataCache/Compressed.ddp.
[2020.02.08-05.03.09:238][  0]LogDerivedDataCache: Display: Pak cache opened for reading ../../../Enterprise/DerivedDataCache/Compressed.ddp.
[2020.02.08-05.03.09:240][  0]LogDerivedDataCache: Using Local data cache path C:/Users/thegr/AppData/Local/UnrealEngine/Common/DerivedDataCache: Writable
[2020.02.08-05.03.09:240][  0]LogDerivedDataCache: Shared data cache path not found in *engine.ini, will not use an Shared cache.
[2020.02.08-05.03.09:240][  0]LogDerivedDataCache: Unable to find inner node Shared for hierarchical cache Hierarchy.
[2020.02.08-05.03.09:271][  0]LogMaterial: Verifying Global Shaders for PCD3D_SM5
[2020.02.08-05.03.09:274][  0]LogSlate: Using FreeType 2.6.0
[2020.02.08-05.03.09:303][  0]LogSlate: SlateFontServices - WITH_FREETYPE: 1, WITH_HARFBUZZ: 1
[2020.02.08-05.03.09:640][  0]LogAssetRegistry: FAssetRegistry took 0.0025 seconds to start up
[2020.02.08-05.03.10:131][  0]LogInit: Selected Device Profile: [Windows]
[2020.02.08-05.03.10:482][  0]LogMeshReduction: Using QuadricMeshReduction for automatic static mesh reduction
[2020.02.08-05.03.10:482][  0]LogMeshReduction: Using SimplygonMeshReduction for automatic skeletal mesh reduction
[2020.02.08-05.03.10:482][  0]LogMeshReduction: Using ProxyLODMeshReduction for automatic mesh merging
[2020.02.08-05.03.10:482][  0]LogMeshReduction: No distributed automatic mesh merging module available
[2020.02.08-05.03.10:483][  0]LogMeshMerging: No distributed automatic mesh merging module available
[2020.02.08-05.03.10:533][  0]LogNetVersion: Robomaster 1.0.0, NetCL: 8386587, EngineNetVer: 11, GameNetVer: 0 (Checksum: 2307867796)
[2020.02.08-05.03.12:174][  0]LogPackageLocalizationCache: Processed 18 localized package path(s) for 1 prioritized culture(s) in 0.119798 seconds
[2020.02.08-05.03.12:198][  0]LogUObjectArray: 43444 objects as part of root set at end of initial load.
[2020.02.08-05.03.12:198][  0]LogUObjectAllocator: 7548648 out of 0 bytes used by permanent object pool.
[2020.02.08-05.03.12:198][  0]LogUObjectArray: CloseDisregardForGC: 0/0 objects in disregard for GC pool
[2020.02.08-05.03.16:292][  0]LogTcpMessaging: Initializing TcpMessaging bridge
[2020.02.08-05.03.16:295][  0]LogUdpMessaging: Initializing bridge on interface 0.0.0.0:0 to multicast group 230.0.0.1:6666.
[2020.02.08-05.03.16:402][  0]SourceControl: Source control is disabled
[2020.02.08-05.03.16:402][  0]SourceControl: Source control is disabled
[2020.02.08-05.03.16:406][  0]SourceControl: Source control is disabled
[2020.02.08-05.03.16:410][  0]SourceControl: Source control is disabled
[2020.02.08-05.03.16:786][  0]LogAndroidPermission: UAndroidPermissionCallbackProxy::GetInstance
[2020.02.08-05.03.17:428][  0]LogOcInput: OculusInput pre-init called
[2020.02.08-05.03.17:443][  0]LogWindows: Failed to load 'OVRPlugin.dll' (GetLastError=126)
[2020.02.08-05.03.17:443][  0]LogWindows: File 'OVRPlugin.dll' does not exist
[2020.02.08-05.03.23:662][  0]LogEngine: Initializing Engine...
[2020.02.08-05.03.23:664][  0]LogHMD: Failed to initialize OpenVR with code 110
[2020.02.08-05.03.23:667][  0]LogStats: UGameplayTagsManager::InitializeManager -  0.001 s
[2020.02.08-05.03.24:316][  0]LogInit: Initializing FReadOnlyCVARCache
[2020.02.08-05.03.24:342][  0]LogAIModule: Creating AISystem for world Untitled
[2020.02.08-05.03.24:375][  0]LogInit: XAudio2 using 'Speakers (2- Realtek(R) Audio)' : 6 channels at 48 kHz using 32 bits per sample (channel mask 0x3f)
[2020.02.08-05.03.24:478][  0]LogInit: FAudioDevice initialized.
[2020.02.08-05.03.24:479][  0]LogNetVersion: Set ProjectVersion to 1.0.0.0. Version Checksum will be recalculated on next use.
[2020.02.08-05.03.24:547][  0]LogDerivedDataCache: Saved boot cache 0.07s 74MB C:/Users/thegr/AppData/Local/UnrealEngine/4.23/DerivedDataCache/Boot.ddc.
[2020.02.08-05.03.24:558][  0]LogInit: Texture streaming: Enabled
[2020.02.08-05.03.24:585][  0]LogEngineSessionManager: EngineSessionManager initialized
[2020.02.08-05.03.24:585][  0]LogEditorSessionSummary: Verbose: Initializing EditorSessionSummaryWriter for editor session tracking
[2020.02.08-05.03.24:587][  0]LogEditorSessionSummary: EditorSessionSummaryWriter initialized
[2020.02.08-05.03.24:684][  0]LogInit: Transaction tracking system initialized
[2020.02.08-05.03.24:746][  0]BlueprintLog: New page: Editor Load
[2020.02.08-05.03.24:889][  0]LocalizationService: Localization service is disabled
[2020.02.08-05.03.25:728][  0]LogFileCache: Scanning file cache for directory 'D:/Projects/Repos/Robomaster/UE4/Content/' took 0.01s
[2020.02.08-05.03.25:728][  0]LogCook: Display: Max memory allowance for cook 16384mb min free memory 0mb
[2020.02.08-05.03.25:729][  0]LogCook: Display: Mobile HDR setting 1
[2020.02.08-05.03.28:066][  0]SourceControl: Source control is disabled
[2020.02.08-05.03.28:066][  0]Cmd: MAP LOAD FILE="D:/Projects/Repos/Robomaster/UE4/Content/Arena.umap" TEMPLATE=0 SHOWPROGRESS=1 FEATURELEVEL=3
[2020.02.08-05.03.28:067][  0]LightingResults: New page: Lighting Build
[2020.02.08-05.03.28:070][  0]LogWorld: UWorld::CleanupWorld for Untitled, bSessionEnded=true, bCleanupResources=true
[2020.02.08-05.03.28:070][  0]MapCheck: New page: Map Check
[2020.02.08-05.03.28:070][  0]LightingResults: New page: Lighting Build
[2020.02.08-05.03.28:104][  0]LogUObjectHash: Compacting FUObjectHashTables data took   2.62ms
[2020.02.08-05.03.28:471][  0]LogStaticMesh: Building static mesh AmmoCube...
[2020.02.08-05.03.28:486][  0]LogStaticMesh: Built static mesh [0.02s] /Game/StaticMeshes/Individual/AmmoCube.AmmoCube
[2020.02.08-05.03.28:489][  0]LogStaticMesh: Building static mesh ArenaMain_BattleFieldRef...
[2020.02.08-05.03.28:511][  0]LogStaticMesh: Built static mesh [0.02s] /Game/StaticMeshes/Main/ArenaMain_BattleFieldRef.ArenaMain_BattleFieldRef
[2020.02.08-05.03.28:514][  0]LogStaticMesh: Building static mesh ArenaMain_Pinwheel_Red...
[2020.02.08-05.03.28:662][  0]LogStaticMesh: Built static mesh [0.15s] /Game/StaticMeshes/Main/ArenaMain_Pinwheel_Red.ArenaMain_Pinwheel_Red
[2020.02.08-05.03.28:682][  0]LogStaticMesh: Building static mesh ArenaMain_polySurface52...
[2020.02.08-05.03.28:699][  0]LogStaticMesh: Built static mesh [0.02s] /Game/StaticMeshes/Main/ArenaMain_polySurface52.ArenaMain_polySurface52
[2020.02.08-05.03.28:701][  0]LogStaticMesh: Building static mesh ArenaMain_polySurface82...
[2020.02.08-05.03.28:720][  0]LogStaticMesh: Built static mesh [0.02s] /Game/StaticMeshes/Main/ArenaMain_polySurface82.ArenaMain_polySurface82
[2020.02.08-05.03.29:072][  0]LogStaticMesh: Building static mesh Base...
[2020.02.08-05.03.29:307][  0]LogStaticMesh: Built static mesh [0.23s] /Game/StaticMeshes/Individual/Base.Base
[2020.02.08-05.03.29:325][  0]LogStaticMesh: Building static mesh BasePanel...
[2020.02.08-05.03.29:362][  0]LogStaticMesh: Built static mesh [0.04s] /Game/StaticMeshes/Individual/BasePanel.BasePanel
[2020.02.08-05.03.29:422][  0]LogAIModule: Creating AISystem for world Arena
[2020.02.08-05.03.29:440][  0]LogEditorServer: Finished looking for orphan Actors (0.000 secs)
[2020.02.08-05.03.29:471][  0]LogUObjectHash: Compacting FUObjectHashTables data took   3.31ms
[2020.02.08-05.03.29:471][  0]Cmd: MAP CHECKDEP NOCLEARLOG
[2020.02.08-05.03.29:472][  0]MapCheck: Map check complete: 0 Error(s), 0 Warning(s), took 0.098ms to complete.
[2020.02.08-05.03.29:472][  0]LogFileHelpers: Loading map 'Arena' took 1.405
[2020.02.08-05.03.29:644][  0]LogSlate: Updating window title bar state: overlay mode, drag disabled, window buttons hidden, title bar hidden
[2020.02.08-05.03.29:655][  0]LogSlate: Updating window title bar state: overlay mode, drag disabled, window buttons hidden, title bar hidden
[2020.02.08-05.03.29:661][  0]LogSlate: Updating window title bar state: overlay mode, drag disabled, window buttons hidden, title bar hidden
[2020.02.08-05.03.29:672][  0]LogSlate: Updating window title bar state: overlay mode, drag disabled, window buttons hidden, title bar hidden
[2020.02.08-05.03.29:689][  0]LogCollectionManager: Loaded 0 collections in 0.001934 seconds
[2020.02.08-05.03.29:701][  0]LogFileCache: Scanning file cache for directory 'D:/Projects/Repos/Robomaster/UE4/Saved/Collections/' took 0.00s
[2020.02.08-05.03.29:701][  0]LogFileCache: Scanning file cache for directory 'D:/Projects/Repos/Robomaster/UE4/Content/Developers/thegr/Collections/' took 0.00s
[2020.02.08-05.03.29:701][  0]LogFileCache: Scanning file cache for directory 'D:/Projects/Repos/Robomaster/UE4/Content/Collections/' took 0.00s
[2020.02.08-05.03.29:701][  0]LogCollectionManager: Rebuilt the GUID cache for 0 collections in 0.000002 seconds
[2020.02.08-05.03.29:715][  0]LogContentBrowser: Native class hierarchy populated in 0.0137 seconds. Added 3045 classes and 765 folders.
[2020.02.08-05.03.29:730][  0]LogContentBrowser: Native class hierarchy updated for 'WidgetCarousel' in 0.0008 seconds. Added 0 classes and 0 folders.
[2020.02.08-05.03.30:543][  0]LogContentBrowser: Native class hierarchy updated for 'AddContentDialog' in 0.0003 seconds. Added 0 classes and 0 folders.
[2020.02.08-05.03.30:548][  0]LogContentBrowser: Native class hierarchy updated for 'SceneOutliner' in 0.0005 seconds. Added 1 classes and 0 folders.
[2020.02.08-05.03.30:615][  0]LogSlate: Took 0.006018 seconds to synchronously load lazily loaded font '../../../Engine/Content/Slate/Fonts/Roboto-Regular.ttf' (155K)
[2020.02.08-05.03.30:623][  0]LogSlate: Took 0.006257 seconds to synchronously load lazily loaded font '../../../Engine/Content/Slate/Fonts/Roboto-Bold.ttf' (160K)
[2020.02.08-05.03.30:638][  0]LogSlate: Took 0.008437 seconds to synchronously load lazily loaded font '../../../Engine/Content/Editor/Slate/Fonts/FontAwesome.ttf' (139K)
[2020.02.08-05.03.30:750][  0]LogRenderer: Reallocating scene render targets to support 1900x976 Format 10 NumSamples 1 (Frame:1).
[2020.02.08-05.03.31:325][  0]LogContentBrowser: Native class hierarchy updated for 'HierarchicalLODOutliner' in 0.0005 seconds. Added 0 classes and 0 folders.
[2020.02.08-05.03.31:325][  0]LogLoad: (Engine Initialization) Total time: 66.89 seconds
[2020.02.08-05.03.31:325][  0]LogLoad: (Engine Initialization) Total Blueprint compile time: 0.00 seconds
[2020.02.08-05.03.31:402][  0]LogContentStreaming: Texture pool size now 1000 MB
[2020.02.08-05.03.33:111][ 21]LogAssetRegistry: Asset discovery search completed in 23.4723 seconds
[2020.02.08-05.03.33:117][ 21]LogCollectionManager: Rebuilt the object cache for 0 collections in 0.000010 seconds (found 0 objects)
[2020.02.08-05.03.33:117][ 21]LogCollectionManager: Fixed up redirectors for 0 collections in 0.000156 seconds (updated 0 objects)
[2020.02.08-05.03.37:639][159]LogUObjectHash: Compacting FUObjectHashTables data took   4.06ms
[2020.02.08-05.03.39:102][217]LogSlate: FSceneViewport::OnFocusLost() reason 0
[2020.02.08-05.04.31:387][903]LogEditorSessionSummary: EditorSessionSummary sent report. Type=Shutdown, SessionId={B4E3BE2A-4DF7-33AC-C7B2-4D811D52F48E}
[2020.02.08-05.07.35:931][622]LogSlate: FSceneViewport::OnFocusLost() reason 0
[2020.02.08-05.07.40:952][686]LogSlate: Window 'Message' being destroyed
[2020.02.08-05.07.45:206][844]LogSlate: FSceneViewport::OnFocusLost() reason 0
[2020.02.08-05.08.00:308][270]LogSlate: Window 'Message' being destroyed
[2020.02.08-05.08.01:451][314]LogSlate: FSceneViewport::OnFocusLost() reason 0
[2020.02.08-05.08.01:531][318]Cmd: CLOSE_SLATE_MAINFRAME
[2020.02.08-05.08.01:567][318]LogUObjectHash: Compacting FUObjectHashTables data took   1.33ms
[2020.02.08-05.08.01:680][318]LogSlate: Window 'Plugins' being destroyed
[2020.02.08-05.08.01:685][318]LogDirectoryWatcher: A directory notification for '../../../Engine/Plugins/' was aborted.
[2020.02.08-05.08.01:685][318]LogDirectoryWatcher: A directory notification for 'C:/Program Files/Epic Games/UE_4.23/Enterprise/Plugins/' was aborted.
[2020.02.08-05.08.01:685][318]LogDirectoryWatcher: A directory notification for 'D:/Projects/Repos/Robomaster/UE4/Plugins/' was aborted.
[2020.02.08-05.08.01:687][318]LogSlate: Window 'Robomaster - Unreal Editor' being destroyed
[2020.02.08-05.08.01:688][318]LogWindowsTextInputMethodSystem: Display: IME system now deactivated.
[2020.02.08-05.08.01:977][319]Cmd: QUIT_EDITOR
[2020.02.08-05.08.02:046][319]LogExit: Preparing to exit.
[2020.02.08-05.08.02:489][319]LogWorld: UWorld::CleanupWorld for World_0, bSessionEnded=true, bCleanupResources=true
[2020.02.08-05.08.02:524][319]LogDemo: Cleaned up 0 splitscreen connections with owner deletion
[2020.02.08-05.08.02:540][319]LogWorld: UWorld::CleanupWorld for None, bSessionEnded=true, bCleanupResources=true
[2020.02.08-05.08.02:540][319]LogExit: Editor shut down
[2020.02.08-05.08.02:562][319]LogExit: Transaction tracking system shut down
[2020.02.08-05.08.02:843][319]LogExit: Object subsystem successfully closed.
[2020.02.08-05.08.02:888][319]LogShaderCompilers: Display: Shaders left to compile 0
[2020.02.08-05.08.02:966][319]LogModuleManager: Shutting down and abandoning module HierarchicalLODOutliner (730)
[2020.02.08-05.08.02:967][319]LogModuleManager: Shutting down and abandoning module SceneOutliner (728)
[2020.02.08-05.08.02:967][319]LogModuleManager: Shutting down and abandoning module AddContentDialog (726)
[2020.02.08-05.08.02:968][319]LogModuleManager: Shutting down and abandoning module WidgetCarousel (725)
[2020.02.08-05.08.02:969][319]LogModuleManager: Shutting down and abandoning module EditorWidgets (722)
[2020.02.08-05.08.02:969][319]LogModuleManager: Shutting down and abandoning module CollectionManager (720)
[2020.02.08-05.08.02:970][319]LogModuleManager: Shutting down and abandoning module MeshBuilder (718)
[2020.02.08-05.08.02:970][319]LogModuleManager: Shutting down and abandoning module StatsViewer (716)
[2020.02.08-05.08.02:971][319]LogModuleManager: Shutting down and abandoning module VirtualTexturingEditor (714)
[2020.02.08-05.08.02:971][319]LogModuleManager: Shutting down and abandoning module FoliageEdit (712)
[2020.02.08-05.08.02:971][319]LogModuleManager: Shutting down and abandoning module LandscapeEditor (710)
[2020.02.08-05.08.02:973][319]LogModuleManager: Shutting down and abandoning module MeshPaintMode (708)
[2020.02.08-05.08.02:973][319]LogModuleManager: Shutting down and abandoning module SceneDepthPickerMode (706)
[2020.02.08-05.08.02:973][319]LogModuleManager: Shutting down and abandoning module ActorPickerMode (704)
[2020.02.08-05.08.02:973][319]LogModuleManager: Shutting down and abandoning module GeometryMode (702)
[2020.02.08-05.08.02:973][319]LogModuleManager: Shutting down and abandoning module TextureAlignMode (700)
[2020.02.08-05.08.02:973][319]LogModuleManager: Shutting down and abandoning module BspMode (698)
[2020.02.08-05.08.02:974][319]LogModuleManager: Shutting down and abandoning module PIEPreviewDeviceProfileSelector (696)
[2020.02.08-05.08.02:974][319]LogModuleManager: Shutting down and abandoning module SequenceRecorderSections (694)
[2020.02.08-05.08.02:974][319]LogModuleManager: Shutting down and abandoning module AutomationWorker (692)
[2020.02.08-05.08.02:974][319]LogModuleManager: Shutting down and abandoning module DatasmithFBXImporter (690)
[2020.02.08-05.08.02:974][319]LogModuleManager: Shutting down and abandoning module DatasmithDeltaGenImporter (688)
[2020.02.08-05.08.02:975][319]LogModuleManager: Shutting down and abandoning module DatasmithVREDImporter (686)
[2020.02.08-05.08.02:975][319]LogModuleManager: Shutting down and abandoning module OculusMR (684)
[2020.02.08-05.08.02:975][319]LogModuleManager: Shutting down and abandoning module AudioCaptureEditor (682)
[2020.02.08-05.08.02:975][319]LogModuleManager: Shutting down and abandoning module MatineeToLevelSequence (680)
[2020.02.08-05.08.02:976][319]LogModuleManager: Shutting down and abandoning module LevelSequenceEditor (678)
[2020.02.08-05.08.02:977][319]LogModuleManager: Shutting down and abandoning module PlacementMode (677)
[2020.02.08-05.08.02:977][319]LogModuleManager: Shutting down and abandoning module MaterialEditor (676)
[2020.02.08-05.08.02:978][319]LogModuleManager: Shutting down and abandoning module ActorSequenceEditor (672)
[2020.02.08-05.08.02:979][319]LogModuleManager: Shutting down and abandoning module WmfMediaFactory (670)
[2020.02.08-05.08.02:979][319]LogModuleManager: Shutting down and abandoning module WmfMediaEditor (668)
[2020.02.08-05.08.02:979][319]LogModuleManager: Shutting down and abandoning module WebMMediaFactory (666)
[2020.02.08-05.08.02:979][319]LogModuleManager: Shutting down and abandoning module WebMMediaEditor (664)
[2020.02.08-05.08.02:979][319]LogModuleManager: Shutting down and abandoning module WebMMedia (662)
[2020.02.08-05.08.02:979][319]LogModuleManager: Shutting down and abandoning module MediaPlayerEditor (660)
[2020.02.08-05.08.02:980][319]LogModuleManager: Shutting down and abandoning module MediaCompositingEditor (658)
[2020.02.08-05.08.02:981][319]LogModuleManager: Shutting down and abandoning module SequenceRecorder (657)
[2020.02.08-05.08.02:981][319]LogModuleManager: Shutting down and abandoning module OpenExrWrapper (654)
[2020.02.08-05.08.02:981][319]LogModuleManager: Shutting down and abandoning module ImgMediaFactory (652)
[2020.02.08-05.08.02:981][319]LogModuleManager: Shutting down and abandoning module ImgMediaEditor (650)
[2020.02.08-05.08.02:981][319]LogModuleManager: Shutting down and abandoning module AvfMediaFactory (648)
[2020.02.08-05.08.02:981][319]LogModuleManager: Shutting down and abandoning module AvfMediaEditor (646)
[2020.02.08-05.08.02:981][319]LogModuleManager: Shutting down and abandoning module AndroidMediaFactory (644)
[2020.02.08-05.08.02:981][319]LogModuleManager: Shutting down and abandoning module AndroidMediaEditor (642)
[2020.02.08-05.08.02:981][319]LogModuleManager: Shutting down and abandoning module MagicLeapCameraPreviewFactory (640)
[2020.02.08-05.08.02:981][319]LogModuleManager: Shutting down and abandoning module MagicLeapMediaCodecFactory (638)
[2020.02.08-05.08.02:981][319]LogModuleManager: Shutting down and abandoning module MagicLeapMediaFactory (636)
[2020.02.08-05.08.02:981][319]LogModuleManager: Shutting down and abandoning module MagicLeapMediaEditor (634)
[2020.02.08-05.08.02:981][319]LogModuleManager: Shutting down and abandoning module CharacterAI (632)
[2020.02.08-05.08.02:981][319]LogModuleManager: Shutting down and abandoning module SmartSnapping (630)
[2020.02.08-05.08.02:981][319]LogModuleManager: Shutting down and abandoning module SessionServices (628)
[2020.02.08-05.08.02:981][319]LogModuleManager: Shutting down and abandoning module MeshPaint (626)
[2020.02.08-05.08.02:982][319]LogModuleManager: Shutting down and abandoning module ViewportSnapping (624)
[2020.02.08-05.08.02:982][319]LogModuleManager: Shutting down and abandoning module ViewportInteraction (622)
[2020.02.08-05.08.02:982][319]LogModuleManager: Shutting down and abandoning module ClothPainter (620)
[2020.02.08-05.08.02:982][319]LogModuleManager: Shutting down and abandoning module SkeletalMeshEditor (619)
[2020.02.08-05.08.02:983][319]LogModuleManager: Shutting down and abandoning module LogVisualizer (616)
[2020.02.08-05.08.02:984][319]LogModuleManager: Shutting down and abandoning module IntroTutorials (614)
[2020.02.08-05.08.02:985][319]LogModuleManager: Shutting down and abandoning module GameProjectGeneration (613)
[2020.02.08-05.08.02:985][319]LogModuleManager: Shutting down and abandoning module LuminPlatformEditor (610)
[2020.02.08-05.08.02:985][319]LogModuleManager: Shutting down and abandoning module IOSPlatformEditor (608)
[2020.02.08-05.08.02:985][319]LogModuleManager: Shutting down and abandoning module HTML5PlatformEditor (606)
[2020.02.08-05.08.02:985][319]LogModuleManager: Shutting down and abandoning module AndroidPlatformEditor (604)
[2020.02.08-05.08.02:985][319]LogModuleManager: Shutting down and abandoning module AndroidDeviceDetection (603)
[2020.02.08-05.08.03:123][319]LogModuleManager: Shutting down and abandoning module WindowsPlatformEditor (600)
[2020.02.08-05.08.03:123][319]LogModuleManager: Shutting down and abandoning module LuminRuntimeSettings (598)
[2020.02.08-05.08.03:123][319]LogModuleManager: Shutting down and abandoning module IOSRuntimeSettings (596)
[2020.02.08-05.08.03:123][319]LogModuleManager: Shutting down and abandoning module AndroidRuntimeSettings (594)
[2020.02.08-05.08.03:123][319]LogModuleManager: Shutting down and abandoning module TimeManagementEditor (592)
[2020.02.08-05.08.03:123][319]LogModuleManager: Shutting down and abandoning module InputBindingEditor (590)
[2020.02.08-05.08.03:124][319]LogModuleManager: Shutting down and abandoning module MergeActors (588)
[2020.02.08-05.08.03:125][319]LogModuleManager: Shutting down and abandoning module LocalizationDashboard (586)
[2020.02.08-05.08.03:126][319]LogModuleManager: Shutting down and abandoning module LocalizationService (585)
[2020.02.08-05.08.03:126][319]LogModuleManager: Shutting down and abandoning module HardwareTargeting (582)
[2020.02.08-05.08.03:126][319]LogModuleManager: Shutting down and abandoning module DeviceProfileEditor (580)
[2020.02.08-05.08.03:126][319]LogModuleManager: Shutting down and abandoning module UndoHistory (578)
[2020.02.08-05.08.03:127][319]LogModuleManager: Shutting down and abandoning module XmlParser (576)
[2020.02.08-05.08.03:127][319]LogModuleManager: Shutting down and abandoning module Blutility (574)
[2020.02.08-05.08.03:127][319]LogModuleManager: Shutting down and abandoning module ProjectSettingsViewer (572)
[2020.02.08-05.08.03:127][319]LogModuleManager: Shutting down and abandoning module ProjectTargetPlatformEditor (571)
[2020.02.08-05.08.03:127][319]LogModuleManager: Shutting down and abandoning module EditorSettingsViewer (568)
[2020.02.08-05.08.03:127][319]LogModuleManager: Shutting down and abandoning module SettingsEditor (566)
[2020.02.08-05.08.03:128][319]LogModuleManager: Shutting down and abandoning module ProjectLauncher (564)
[2020.02.08-05.08.03:128][319]LogModuleManager: Shutting down and abandoning module SessionFrontend (562)
[2020.02.08-05.08.03:129][319]LogModuleManager: Shutting down and abandoning module ProfilerClient (560)
[2020.02.08-05.08.03:129][319]LogModuleManager: Shutting down and abandoning module DeviceManager (558)
[2020.02.08-05.08.03:129][319]LogModuleManager: Shutting down and abandoning module TargetDeviceServices (557)
[2020.02.08-05.08.03:174][319]LogModuleManager: Shutting down and abandoning module AutomationController (554)
[2020.02.08-05.08.03:175][319]LogModuleManager: Shutting down and abandoning module AutomationWindow (552)
[2020.02.08-05.08.03:176][319]LogModuleManager: Shutting down and abandoning module Layers (550)
[2020.02.08-05.08.03:177][319]LogModuleManager: Shutting down and abandoning module ComponentVisualizers (548)
[2020.02.08-05.08.03:178][319]LogModuleManager: Shutting down and abandoning module DetailCustomizations (546)
[2020.02.08-05.08.03:178][319]LogModuleManager: Shutting down and abandoning module PackagesDialog (544)
[2020.02.08-05.08.03:179][319]LogModuleManager: Shutting down and abandoning module AnimationBlueprintEditor (542)
[2020.02.08-05.08.03:181][319]LogModuleManager: Shutting down and abandoning module Persona (540)
[2020.02.08-05.08.03:181][319]LogModuleManager: Shutting down and abandoning module AnimGraph (539)
[2020.02.08-05.08.03:181][319]LogModuleManager: Shutting down and abandoning module Kismet (536)
[2020.02.08-05.08.03:184][319]LogModuleManager: Shutting down and abandoning module KismetWidgets (535)
[2020.02.08-05.08.03:184][319]LogModuleManager: Shutting down and abandoning module GraphEditor (532)
[2020.02.08-05.08.03:185][319]LogModuleManager: Shutting down and abandoning module StructViewer (530)
[2020.02.08-05.08.03:185][319]LogModuleManager: Shutting down and abandoning module ClassViewer (528)
[2020.02.08-05.08.03:185][319]LogModuleManager: Shutting down and abandoning module Toolbox (526)
[2020.02.08-05.08.03:185][319]LogModuleManager: Shutting down and abandoning module ModuleUI (524)
[2020.02.08-05.08.03:186][319]LogModuleManager: Shutting down and abandoning module MovieSceneTools (522)
[2020.02.08-05.08.03:186][319]LogModuleManager: Shutting down and abandoning module OutputLog (520)
[2020.02.08-05.08.03:187][319]LogModuleManager: Shutting down and abandoning module GammaUI (518)
[2020.02.08-05.08.03:187][319]LogModuleManager: Shutting down and abandoning module Documentation (516)
[2020.02.08-05.08.03:187][319]LogModuleManager: Shutting down and abandoning module LiveCoding (514)
[2020.02.08-05.08.03:188][319]LogModuleManager: Shutting down and abandoning module LevelSequence (512)
[2020.02.08-05.08.03:188][319]LogModuleManager: Shutting down and abandoning module MovieSceneTracks (510)
[2020.02.08-05.08.03:188][319]LogModuleManager: Shutting down and abandoning module MovieScene (508)
[2020.02.08-05.08.03:188][319]LogModuleManager: Shutting down and abandoning module StreamingPauseRendering (506)
[2020.02.08-05.08.03:188][319]LogModuleManager: Shutting down and abandoning module LauncherPlatform (504)
[2020.02.08-05.08.03:188][319]LogModuleManager: Shutting down and abandoning module AnalyticsET (502)
[2020.02.08-05.08.03:188][319]LogModuleManager: Shutting down and abandoning module PortalServices (500)
[2020.02.08-05.08.03:188][319]LogModuleManager: Shutting down and abandoning module PortalRpc (498)
[2020.02.08-05.08.03:188][319]LogModuleManager: Shutting down and abandoning module MessagingRpc (496)
[2020.02.08-05.08.03:188][319]LogModuleManager: Shutting down and abandoning module AIModule (494)
[2020.02.08-05.08.03:188][319]LogModuleManager: Shutting down and abandoning module GameplayDebugger (493)
[2020.02.08-05.08.03:189][319]LogModuleManager: Shutting down and abandoning module AITestSuite (491)
[2020.02.08-05.08.03:189][319]LogModuleManager: Shutting down and abandoning module NavigationSystem (489)
[2020.02.08-05.08.03:189][319]LogModuleManager: Shutting down and abandoning module DesktopPlatform (486)
[2020.02.08-05.08.03:189][319]LogModuleManager: Shutting down and abandoning module ImageWriteQueue (484)
[2020.02.08-05.08.03:193][319]LogModuleManager: Shutting down and abandoning module ProfilerService (482)
[2020.02.08-05.08.03:359][319]LogModuleManager: Shutting down and abandoning module TaskGraph (480)
[2020.02.08-05.08.03:360][319]LogModuleManager: Shutting down and abandoning module DatasmithCADTranslator (478)
[2020.02.08-05.08.03:361][319]LogModuleManager: Shutting down and abandoning module DatasmithC4DImporter (476)
[2020.02.08-05.08.03:361][319]LogModuleManager: Shutting down and abandoning module VariantManager (474)
[2020.02.08-05.08.03:362][319]LogModuleManager: Shutting down and abandoning module StaticMeshEditorExtension (472)
[2020.02.08-05.08.03:362][319]LogModuleManager: Shutting down and abandoning module MeshProcessingLibrary (471)
[2020.02.08-05.08.03:363][319]LogModuleManager: Shutting down and abandoning module MDLImporter (468)
[2020.02.08-05.08.03:363][319]LogModuleManager: Shutting down and abandoning module DatasmithCoreTechExtension (466)
[2020.02.08-05.08.03:363][319]LogModuleManager: Shutting down and abandoning module StaticMeshEditor (465)
[2020.02.08-05.08.03:364][319]LogModuleManager: Shutting down and abandoning module AdvancedPreviewScene (464)
[2020.02.08-05.08.03:364][319]LogModuleManager: Shutting down and abandoning module DatasmithOpenNurbsTranslator (460)
[2020.02.08-05.08.03:364][319]LogModuleManager: Shutting down and abandoning module DatasmithNativeTranslator (458)
[2020.02.08-05.08.03:365][319]LogModuleManager: Shutting down and abandoning module DatasmithIFCImporter (456)
[2020.02.08-05.08.03:365][319]LogModuleManager: Shutting down and abandoning module DatasmithGLTFImporter (454)
[2020.02.08-05.08.03:366][319]LogModuleManager: Shutting down and abandoning module DatasmithImporter (453)
[2020.02.08-05.08.03:368][319]LogModuleManager: Shutting down and abandoning module ScreenshotTools (450)
[2020.02.08-05.08.03:368][319]LogModuleManager: Shutting down and abandoning module SteamVRController (448)
[2020.02.08-05.08.03:368][319]LogModuleManager: Shutting down and abandoning module ProceduralMeshComponentEditor (446)
[2020.02.08-05.08.03:368][319]LogModuleManager: Shutting down and abandoning module ProceduralMeshComponent (444)
[2020.02.08-05.08.03:369][319]LogModuleManager: Shutting down and abandoning module OculusEditor (442)
[2020.02.08-05.08.03:369][319]LogModuleManager: Shutting down and abandoning module OculusInput (440)
[2020.02.08-05.08.03:369][319]LogModuleManager: Shutting down and abandoning module MobilePatchingUtils (438)
[2020.02.08-05.08.03:369][319]LogModuleManager: Shutting down and abandoning module EditableMesh (436)
[2020.02.08-05.08.03:369][319]LogModuleManager: Shutting down and abandoning module CustomMeshComponent (434)
[2020.02.08-05.08.03:369][319]LogModuleManager: Shutting down and abandoning module CableComponent (432)
[2020.02.08-05.08.03:369][319]LogModuleManager: Shutting down and abandoning module AudioCapture (430)
[2020.02.08-05.08.03:369][319]LogModuleManager: Shutting down and abandoning module ArchVisCharacter (428)
[2020.02.08-05.08.03:369][319]LogModuleManager: Shutting down and abandoning module AppleImageUtilsBlueprintSupport (426)
[2020.02.08-05.08.03:369][319]LogModuleManager: Shutting down and abandoning module AppleImageUtils (424)
[2020.02.08-05.08.03:369][319]LogModuleManager: Shutting down and abandoning module AndroidPermission (422)
[2020.02.08-05.08.03:369][319]LogModuleManager: Shutting down and abandoning module NUTUnrealEngine4 (420)
[2020.02.08-05.08.03:369][319]LogModuleManager: Shutting down and abandoning module NetcodeUnitTest (418)
[2020.02.08-05.08.03:370][319]LogModuleManager: Shutting down and abandoning module MediaCompositing (416)
[2020.02.08-05.08.03:370][319]LogModuleManager: Shutting down and abandoning module ImgMedia (414)
[2020.02.08-05.08.03:370][319]LogModuleManager: Shutting down and abandoning module MagicLeapHelperVulkan (412)
[2020.02.08-05.08.03:370][319]LogModuleManager: Shutting down and abandoning module MagicLeapHelperOpenGL (410)
[2020.02.08-05.08.03:370][319]LogModuleManager: Shutting down and abandoning module MagicLeapAudio (408)
[2020.02.08-05.08.03:371][319]LogModuleManager: Shutting down and abandoning module HTML5Networking (406)
[2020.02.08-05.08.03:371][319]LogModuleManager: Shutting down and abandoning module GeometryCollectionTracks (404)
[2020.02.08-05.08.03:371][319]LogModuleManager: Shutting down and abandoning module GeometryCollectionSequencer (403)
[2020.02.08-05.08.03:371][319]LogModuleManager: Shutting down and abandoning module GeometryCollectionEditor (400)
[2020.02.08-05.08.03:371][319]LogModuleManager: Shutting down and abandoning module GeometryCollectionExampleCore (398)
[2020.02.08-05.08.03:371][319]LogModuleManager: Shutting down and abandoning module GeometryCacheTracks (396)
[2020.02.08-05.08.03:371][319]LogModuleManager: Shutting down and abandoning module GeometryCacheSequencer (394)
[2020.02.08-05.08.03:371][319]LogModuleManager: Shutting down and abandoning module DataprepLibraries (392)
[2020.02.08-05.08.03:371][319]LogModuleManager: Shutting down and abandoning module DataprepCore (390)
[2020.02.08-05.08.03:371][319]LogModuleManager: Shutting down and abandoning module DataprepEditor (388)
[2020.02.08-05.08.03:373][319]LogModuleManager: Shutting down and abandoning module ChaosSolverEditor (386)
[2020.02.08-05.08.03:373][319]LogModuleManager: Shutting down and abandoning module BlastCore (384)
[2020.02.08-05.08.03:373][319]LogModuleManager: Shutting down and abandoning module BlastAuthoring (382)
[2020.02.08-05.08.03:373][319]LogModuleManager: Shutting down and abandoning module BackChannel (380)
[2020.02.08-05.08.03:373][319]LogModuleManager: Shutting down and abandoning module AutomationUtilsEditor (378)
[2020.02.08-05.08.03:373][319]LogModuleManager: Shutting down and abandoning module AutomationUtils (376)
[2020.02.08-05.08.03:373][319]LogModuleManager: Shutting down and abandoning module AlembicImporter (374)
[2020.02.08-05.08.03:373][319]LogModuleManager: Shutting down and abandoning module AlembicLibrary (373)
[2020.02.08-05.08.03:373][319]LogModuleManager: Shutting down and abandoning module GeometryCache (372)
[2020.02.08-05.08.03:373][319]LogModuleManager: Shutting down and abandoning module GeometryCacheEd (371)
[2020.02.08-05.08.03:373][319]LogModuleManager: Shutting down and abandoning module VariantManagerContent (366)
[2020.02.08-05.08.03:373][319]LogModuleManager: Shutting down and abandoning module DatasmithContentEditor (364)
[2020.02.08-05.08.03:373][319]LogModuleManager: Shutting down and abandoning module SpeedTreeImporter (362)
[2020.02.08-05.08.03:373][319]LogModuleManager: Shutting down and abandoning module PluginBrowser (360)
[2020.02.08-05.08.03:373][319]LogModuleManager: Shutting down and abandoning module MobileLauncherProfileWizard (358)
[2020.02.08-05.08.03:374][319]LogModuleManager: Shutting down and abandoning module PolygonModeling (356)
[2020.02.08-05.08.03:374][319]LogModuleManager: Shutting down and abandoning module MeshEditor (354)
[2020.02.08-05.08.03:374][319]LogModuleManager: Shutting down and abandoning module MaterialAnalyzer (352)
[2020.02.08-05.08.03:374][319]LogModuleManager: Shutting down and abandoning module GLTFImporter (350)
[2020.02.08-05.08.03:374][319]LogModuleManager: Shutting down and abandoning module EditorScriptingUtilities (348)
[2020.02.08-05.08.03:374][319]LogModuleManager: Shutting down and abandoning module CurveEditorTools (346)
[2020.02.08-05.08.03:375][319]LogModuleManager: Shutting down and abandoning module CurveEditor (345)
[2020.02.08-05.08.03:376][319]LogModuleManager: Shutting down and abandoning module CryptoKeysOpenSSL (342)
[2020.02.08-05.08.03:376][319]LogModuleManager: Shutting down and abandoning module CryptoKeys (340)
[2020.02.08-05.08.03:376][319]LogModuleManager: Shutting down and abandoning module VisualStudioSourceCodeAccess (338)
[2020.02.08-05.08.03:376][319]LogModuleManager: Shutting down and abandoning module VisualStudioCodeSourceCodeAccess (336)
[2020.02.08-05.08.03:376][319]LogModuleManager: Shutting down and abandoning module UObjectPlugin (334)
[2020.02.08-05.08.03:376][319]LogModuleManager: Shutting down and abandoning module SubversionSourceControl (332)
[2020.02.08-05.08.03:377][319]LogModuleManager: Shutting down and abandoning module PerforceSourceControl (330)
[2020.02.08-05.08.03:378][319]LogModuleManager: Shutting down and abandoning module GitSourceControl (328)
[2020.02.08-05.08.03:379][319]LogModuleManager: Shutting down and abandoning module SourceControl (327)
[2020.02.08-05.08.03:379][319]LogModuleManager: Shutting down and abandoning module CLionSourceCodeAccess (324)
[2020.02.08-05.08.03:379][319]LogModuleManager: Shutting down and abandoning module AnimationSharingEd (322)
[2020.02.08-05.08.03:379][319]LogModuleManager: Shutting down and abandoning module ActorLayerUtilitiesEditor (320)
[2020.02.08-05.08.03:379][319]LogModuleManager: Shutting down and abandoning module ActorLayerUtilities (318)
[2020.02.08-05.08.03:379][319]LogModuleManager: Shutting down and abandoning module LightPropagationVolumeEditor (316)
[2020.02.08-05.08.03:379][319]LogModuleManager: Shutting down and abandoning module PaperTiledImporter (314)
[2020.02.08-05.08.03:379][319]LogModuleManager: Shutting down and abandoning module PaperSpriteSheetImporter (312)
[2020.02.08-05.08.03:379][319]LogModuleManager: Shutting down and abandoning module Paper2DEditor (310)
[2020.02.08-05.08.03:381][319]LogModuleManager: Shutting down and abandoning module SignificanceManager (308)
[2020.02.08-05.08.03:381][319]LogModuleManager: Shutting down and abandoning module RuntimePhysXCooking (306)
[2020.02.08-05.08.03:381][319]LogModuleManager: Shutting down and abandoning module PhysXVehiclesEditor (304)
[2020.02.08-05.08.03:381][319]LogModuleManager: Shutting down and abandoning module LocationServicesBPLibrary (300)
[2020.02.08-05.08.03:381][319]LogModuleManager: Shutting down and abandoning module ActorSequence (298)
[2020.02.08-05.08.03:381][319]LogModuleManager: Shutting down and abandoning module UdpMessaging (296)
[2020.02.08-05.08.03:482][319]LogModuleManager: Shutting down and abandoning module TcpMessaging (294)
[2020.02.08-05.08.03:583][319]LogModuleManager: Shutting down and abandoning module MagicLeapIdentity (292)
[2020.02.08-05.08.03:583][319]LogModuleManager: Shutting down and abandoning module MagicLeapSecureStorage (290)
[2020.02.08-05.08.03:583][319]LogModuleManager: Shutting down and abandoning module MagicLeapHandTracking (288)
[2020.02.08-05.08.03:583][319]LogModuleManager: Shutting down and abandoning module MagicLeapEyeTracker (286)
[2020.02.08-05.08.03:583][319]LogModuleManager: Shutting down and abandoning module MagicLeapController (284)
[2020.02.08-05.08.03:583][319]LogSlate: Slate User Destroyed.  User Index 0, Is Virtual User: 0
[2020.02.08-05.08.03:583][319]LogModuleManager: Shutting down and abandoning module MagicLeapAR (282)
[2020.02.08-05.08.03:583][319]LogModuleManager: Shutting down and abandoning module AugmentedReality (281)
[2020.02.08-05.08.03:583][319]LogModuleManager: Shutting down and abandoning module GameplayTagsEditor (278)
[2020.02.08-05.08.03:584][319]LogModuleManager: Shutting down and abandoning module FacialAnimationEditor (276)
[2020.02.08-05.08.03:584][319]LogModuleManager: Shutting down and abandoning module FacialAnimation (274)
[2020.02.08-05.08.03:584][319]LogModuleManager: Shutting down and abandoning module DataValidation (272)
[2020.02.08-05.08.03:584][319]LogModuleManager: Shutting down and abandoning module AssetManagerEditor (270)
[2020.02.08-05.08.03:585][319]LogModuleManager: Shutting down and abandoning module LevelEditor (269)
[2020.02.08-05.08.03:586][319]LogModuleManager: Shutting down and abandoning module PixelInspectorModule (268)
[2020.02.08-05.08.03:586][319]LogModuleManager: Shutting down and abandoning module CommonMenuExtensions (266)
[2020.02.08-05.08.03:587][319]LogModuleManager: Shutting down and abandoning module MainFrame (264)
[2020.02.08-05.08.03:587][319]LogModuleManager: Shutting down and abandoning module HotReload (263)
[2020.02.08-05.08.03:588][319]LogModuleManager: Shutting down and abandoning module ContentBrowser (259)
[2020.02.08-05.08.03:589][319]LogModuleManager: Shutting down and abandoning module TreeMap (257)
[2020.02.08-05.08.03:590][319]LogModuleManager: Shutting down and abandoning module AnimationSharing (254)
[2020.02.08-05.08.03:590][319]LogModuleManager: Shutting down and abandoning module LightPropagationVolumeRuntime (252)
[2020.02.08-05.08.03:590][319]LogModuleManager: Shutting down and abandoning module Paper2D (250)
[2020.02.08-05.08.03:590][319]LogModuleManager: Shutting down and abandoning module WindowsMoviePlayer (248)
[2020.02.08-05.08.03:591][319]LogModuleManager: Shutting down and abandoning module WebMMoviePlayer (246)
[2020.02.08-05.08.03:591][319]LogModuleManager: Shutting down and abandoning module NetworkReplayStreaming (244)
[2020.02.08-05.08.03:591][319]LogModuleManager: Shutting down and abandoning module PacketHandler (242)
[2020.02.08-05.08.03:591][319]LogModuleManager: Shutting down and abandoning module ClothingSystemEditor (240)
[2020.02.08-05.08.03:591][319]LogModuleManager: Shutting down and abandoning module ClothingSystemRuntime (238)
[2020.02.08-05.08.03:592][319]LogModuleManager: Shutting down and abandoning module MediaAssets (236)
[2020.02.08-05.08.03:592][319]LogModuleManager: Shutting down and abandoning module Overlay (234)
[2020.02.08-05.08.03:592][319]LogModuleManager: Shutting down and abandoning module OverlayEditor (233)
[2020.02.08-05.08.03:592][319]LogModuleManager: Shutting down and abandoning module VREditor (230)
[2020.02.08-05.08.03:592][319]LogModuleManager: Shutting down and abandoning module StringTableEditor (228)
[2020.02.08-05.08.03:593][319]LogModuleManager: Shutting down and abandoning module GameplayTasksEditor (226)
[2020.02.08-05.08.03:593][319]LogModuleManager: Shutting down and abandoning module BehaviorTreeEditor (224)
[2020.02.08-05.08.03:594][319]LogModuleManager: Shutting down and abandoning module FunctionalTesting (222)
[2020.02.08-05.08.03:594][319]LogModuleManager: Shutting down and abandoning module CollisionAnalyzer (220)
[2020.02.08-05.08.03:595][319]LogModuleManager: Shutting down and abandoning module WorkspaceMenuStructure (219)
[2020.02.08-05.08.03:595][319]LogModuleManager: Shutting down and abandoning module UMG (216)
[2020.02.08-05.08.03:596][319]LogModuleManager: Shutting down and abandoning module UMGEditor (215)
[2020.02.08-05.08.03:596][319]LogModuleManager: Shutting down and abandoning module Sequencer (214)
[2020.02.08-05.08.03:599][319]LogModuleManager: Shutting down and abandoning module MessageLog (211)
[2020.02.08-05.08.03:599][319]LogModuleManager: Shutting down and abandoning module SlateReflector (206)
[2020.02.08-05.08.03:601][319]LogModuleManager: Shutting down and abandoning module Slate (204)
[2020.02.08-05.08.03:601][319]LogModuleManager: Shutting down and abandoning module LandscapeEditorUtilities (202)
[2020.02.08-05.08.03:601][319]LogModuleManager: Shutting down and abandoning module EditorStyle (200)
[2020.02.08-05.08.03:602][319]LogModuleManager: Shutting down and abandoning module UnrealEd (198)
[2020.02.08-05.08.03:603][319]LogModuleManager: Shutting down and abandoning module MRMesh (196)
[2020.02.08-05.08.03:603][319]LogModuleManager: Shutting down and abandoning module SourceCodeAccess (194)
[2020.02.08-05.08.03:603][319]LogModuleManager: Shutting down and abandoning module HeadMountedDisplay (192)
[2020.02.08-05.08.03:603][319]LogModuleManager: Shutting down and abandoning module XAudio2 (190)
[2020.02.08-05.08.03:603][319]LogModuleManager: Shutting down and abandoning module Networking (188)
[2020.02.08-05.08.03:603][319]LogModuleManager: Shutting down and abandoning module Core (186)
[2020.02.08-05.08.03:603][319]LogModuleManager: Shutting down and abandoning module KismetCompiler (184)
[2020.02.08-05.08.03:603][319]LogModuleManager: Shutting down and abandoning module MeshUtilities (182)
[2020.02.08-05.08.03:603][319]LogModuleManager: Shutting down and abandoning module MeshMergeUtilities (181)
[2020.02.08-05.08.03:604][319]LogModuleManager: Shutting down and abandoning module MeshReductionInterface (180)
[2020.02.08-05.08.03:604][319]LogModuleManager: Shutting down and abandoning module SkeletalMeshReduction (179)
[2020.02.08-05.08.03:604][319]LogModuleManager: Shutting down and abandoning module ProxyLODMeshReduction (177)
[2020.02.08-05.08.03:605][319]LogModuleManager: Shutting down and abandoning module QuadricMeshReduction (175)
[2020.02.08-05.08.03:606][319]LogModuleManager: Shutting down and abandoning module MaterialBaking (171)
[2020.02.08-05.08.03:606][319]LogModuleManager: Shutting down and abandoning module NullInstallBundleManager (166)
[2020.02.08-05.08.03:606][319]LogModuleManager: Shutting down and abandoning module DerivedDataCache (164)
[2020.02.08-05.08.03:610][319]LogDerivedDataCache: Shutdown
[2020.02.08-05.08.03:611][319]LogModuleManager: Shutting down and abandoning module XGEController (162)
[2020.02.08-05.08.03:611][319]LogXGEController: Cleaning working directory: C:/Users/thegr/AppData/Local/Temp/UnrealXGEWorkingDir/
[2020.02.08-05.08.03:611][319]LogModuleManager: Shutting down and abandoning module TargetPlatform (160)
[2020.02.08-05.08.03:611][319]LogModuleManager: Shutting down and abandoning module VulkanShaderFormat (159)
[2020.02.08-05.08.03:612][319]LogModuleManager: Shutting down and abandoning module ShaderFormatVectorVM (157)
[2020.02.08-05.08.03:612][319]LogModuleManager: Shutting down and abandoning module ShaderFormatOpenGL (155)
[2020.02.08-05.08.03:612][319]LogModuleManager: Shutting down and abandoning module ShaderFormatD3D (153)
[2020.02.08-05.08.03:612][319]LogModuleManager: Shutting down and abandoning module MetalShaderFormat (151)
[2020.02.08-05.08.03:614][319]LogModuleManager: Shutting down and abandoning module TextureFormatUncompressed (149)
[2020.02.08-05.08.03:614][319]LogModuleManager: Shutting down and abandoning module TextureFormatPVR (147)
[2020.02.08-05.08.03:614][319]LogModuleManager: Shutting down and abandoning module TextureFormatDXT (145)
[2020.02.08-05.08.03:614][319]LogModuleManager: Shutting down and abandoning module TextureFormatIntelISPCTexComp (143)
[2020.02.08-05.08.03:614][319]LogModuleManager: Shutting down and abandoning module TextureFormatASTC (141)
[2020.02.08-05.08.03:614][319]LogModuleManager: Shutting down and abandoning module ImageWrapper (140)
[2020.02.08-05.08.03:614][319]LogModuleManager: Shutting down and abandoning module TextureFormatAndroid (137)
[2020.02.08-05.08.03:614][319]LogModuleManager: Shutting down and abandoning module AudioFormatOpus (135)
[2020.02.08-05.08.03:614][319]LogModuleManager: Shutting down and abandoning module AudioFormatOgg (133)
[2020.02.08-05.08.03:614][319]LogModuleManager: Shutting down and abandoning module AudioFormatADPCM (131)
[2020.02.08-05.08.03:614][319]LogModuleManager: Shutting down and abandoning module LuminTargetPlatform (129)
[2020.02.08-05.08.03:614][319]LogModuleManager: Shutting down and abandoning module LinuxTargetPlatform (127)
[2020.02.08-05.08.03:614][319]LogModuleManager: Shutting down and abandoning module LinuxServerTargetPlatform (125)
[2020.02.08-05.08.03:615][319]LogModuleManager: Shutting down and abandoning module LinuxNoEditorTargetPlatform (123)
[2020.02.08-05.08.03:615][319]LogModuleManager: Shutting down and abandoning module LinuxClientTargetPlatform (121)
[2020.02.08-05.08.03:615][319]LogModuleManager: Shutting down and abandoning module TVOSTargetPlatform (119)
[2020.02.08-05.08.03:615][319]LogModuleManager: Shutting down and abandoning module Messaging (117)
[2020.02.08-05.08.03:615][319]LogModuleManager: Shutting down and abandoning module IOSTargetPlatform (115)
[2020.02.08-05.08.03:616][319]LogModuleManager: Shutting down and abandoning module HTML5TargetPlatform (113)
[2020.02.08-05.08.03:616][319]LogModuleManager: Shutting down and abandoning module AndroidTargetPlatform (111)
[2020.02.08-05.08.03:623][319]LogModuleManager: Shutting down and abandoning module WindowsTargetPlatform (109)
[2020.02.08-05.08.03:623][319]LogModuleManager: Shutting down and abandoning module WindowsServerTargetPlatform (107)
[2020.02.08-05.08.03:623][319]LogModuleManager: Shutting down and abandoning module WindowsNoEditorTargetPlatform (105)
[2020.02.08-05.08.03:623][319]LogModuleManager: Shutting down and abandoning module WindowsClientTargetPlatform (103)
[2020.02.08-05.08.03:623][319]LogModuleManager: Shutting down and abandoning module MacTargetPlatform (101)
[2020.02.08-05.08.03:623][319]LogModuleManager: Shutting down and abandoning module MacServerTargetPlatform (99)
[2020.02.08-05.08.03:623][319]LogModuleManager: Shutting down and abandoning module MacNoEditorTargetPlatform (97)
[2020.02.08-05.08.03:623][319]LogModuleManager: Shutting down and abandoning module MacClientTargetPlatform (95)
[2020.02.08-05.08.03:623][319]LogModuleManager: Shutting down and abandoning module AllDesktopTargetPlatform (93)
[2020.02.08-05.08.03:624][319]LogModuleManager: Shutting down and abandoning module InputCore (90)
[2020.02.08-05.08.03:624][319]LogModuleManager: Shutting down and abandoning module Settings (88)
[2020.02.08-05.08.03:624][319]LogModuleManager: Shutting down and abandoning module DirectoryWatcher (86)
[2020.02.08-05.08.03:624][319]LogModuleManager: Shutting down and abandoning module PhysXCooking (84)
[2020.02.08-05.08.03:624][319]LogModuleManager: Shutting down and abandoning module WindowsPlatformFeatures (82)
[2020.02.08-05.08.03:624][319]LogModuleManager: Shutting down and abandoning module GameplayMediaEncoder (81)
[2020.02.08-05.08.03:624][319]LogModuleManager: Shutting down and abandoning module SteamVR (78)
[2020.02.08-05.08.03:624][319]LogHMD: Freeing OpenVRDLLHandle.
[2020.02.08-05.08.03:624][319]LogModuleManager: Shutting down and abandoning module OculusHMD (76)
[2020.02.08-05.08.03:625][319]LogModuleManager: Shutting down and abandoning module ExampleDeviceProfileSelector (74)
[2020.02.08-05.08.03:625][319]LogModuleManager: Shutting down and abandoning module LauncherChunkInstaller (72)
[2020.02.08-05.08.03:625][319]LogModuleManager: Shutting down and abandoning module OnlineBlueprintSupport (70)
[2020.02.08-05.08.03:625][319]LogModuleManager: Shutting down and abandoning module OnlineSubsystem (66)
[2020.02.08-05.08.03:628][319]LogModuleManager: Shutting down and abandoning module XMPP (61)
[2020.02.08-05.08.03:628][319]LogModuleManager: Shutting down and abandoning module WebSockets (60)
[2020.02.08-05.08.03:657][319]LogModuleManager: Shutting down and abandoning module HTTP (57)
[2020.02.08-05.08.03:657][319]LogHttp: Display: Http module shutting down, but needs to wait on 1 outstanding Http requests:
[2020.02.08-05.08.03:657][319]LogHttp: Display: 	verb=[POST] url=[https://datarouter.ol.epicgames.com/datarouter/api/v1/public/data?SessionID=%7BF1DA18DB-4AAB-EE3D-5652-BDA675AF8964%7D&AppID=UEEditor.Rocket.Release&AppVersion=4.23.1-9631420%2B%2B%2BUE4%2BRelease-4.23&UserID=e790884141b5811706c83092b027ae03%7C0780d1ab8bed430b9cedc84c7e556a13%7Ce4f183c2-90e5-4011-936c-7047dcd58d34&AppEnvironment=datacollector-binary&UploadType=eteventstream] status=Processing
[2020.02.08-05.08.03:687][319]LogModuleManager: Shutting down and abandoning module SSL (56)
[2020.02.08-05.08.03:688][319]LogModuleManager: Shutting down and abandoning module WmfMedia (52)
[2020.02.08-05.08.03:694][319]LogModuleManager: Shutting down and abandoning module Media (51)
[2020.02.08-05.08.03:695][319]LogModuleManager: Shutting down and abandoning module MagicLeap (48)
[2020.02.08-05.08.03:696][319]LogModuleManager: Shutting down and abandoning module DatasmithContent (46)
[2020.02.08-05.08.03:696][319]LogModuleManager: Shutting down and abandoning module AISupportModule (44)
[2020.02.08-05.08.03:696][319]LogModuleManager: Shutting down and abandoning module PlatformCryptoOpenSSL (42)
[2020.02.08-05.08.03:696][319]LogModuleManager: Shutting down and abandoning module PlatformCrypto (40)
[2020.02.08-05.08.03:696][319]LogModuleManager: Shutting down and abandoning module AnimationModifiers (38)
[2020.02.08-05.08.03:697][319]LogModuleManager: Shutting down and abandoning module PropertyEditor (37)
[2020.02.08-05.08.03:698][319]LogModuleManager: Shutting down and abandoning module AudioEditor (34)
[2020.02.08-05.08.03:699][319]LogModuleManager: Shutting down and abandoning module TextureCompressor (32)
[2020.02.08-05.08.03:699][319]LogModuleManager: Shutting down and abandoning module RenderCore (30)
[2020.02.08-05.08.03:699][319]LogModuleManager: Shutting down and abandoning module Landscape (28)
[2020.02.08-05.08.03:699][319]LogModuleManager: Shutting down and abandoning module SlateRHIRenderer (26)
[2020.02.08-05.08.03:702][319]LogModuleManager: Shutting down and abandoning module OpenGLDrv (24)
[2020.02.08-05.08.03:703][319]LogModuleManager: Shutting down and abandoning module D3D11RHI (22)
[2020.02.08-05.08.03:703][319]LogModuleManager: Shutting down and abandoning module AnimGraphRuntime (20)
[2020.02.08-05.08.03:703][319]LogModuleManager: Shutting down and abandoning module Renderer (18)
[2020.02.08-05.08.03:703][319]LogModuleManager: Shutting down and abandoning module Engine (16)
[2020.02.08-05.08.03:703][319]LogModuleManager: Shutting down and abandoning module CoreUObject (14)
[2020.02.08-05.08.03:703][319]LogModuleManager: Shutting down and abandoning module NetworkFile (12)
[2020.02.08-05.08.03:703][319]LogModuleManager: Shutting down and abandoning module CookedIterativeFile (10)
[2020.02.08-05.08.03:703][319]LogModuleManager: Shutting down and abandoning module StreamingFile (8)
[2020.02.08-05.08.03:703][319]LogModuleManager: Shutting down and abandoning module SandboxFile (6)
[2020.02.08-05.08.03:703][319]LogModuleManager: Shutting down and abandoning module PakFile (4)
[2020.02.08-05.08.03:704][319]LogModuleManager: Shutting down and abandoning module RSA (3)
[2020.02.08-05.08.03:705][319]LogD3D11RHI: Shutdown
[2020.02.08-05.08.03:705][319]LogD3D11RHI: CleanupD3DDevice
[2020.02.08-05.08.03:708][319]LogRendererCore: FGlobalDynamicReadBuffer::Cleanup()
[2020.02.08-05.08.03:708][319]LogRendererCore: FGlobalDynamicReadBuffer::Cleanup()
[2020.02.08-05.08.03:708][319]LogRendererCore: FGlobalDynamicReadBuffer::Cleanup()
[2020.02.08-05.08.03:719][319]LogD3D11RHI: ~FD3D11DynamicRHI
[2020.02.08-05.08.03:745][319]LogExit: Exiting.
[2020.02.08-05.08.03:755][319]Log file closed, 02/07/20 23:08:03
